{"D:\\OneDrive\\Desktop\\react-nutritrack\\src\\App.tsx": {"path":"D:\\OneDrive\\Desktop\\react-nutritrack\\src\\App.tsx","statementMap":{"0":{"start":{"line":7,"column":2},"end":{"line":14,"column":null}}},"fnMap":{"0":{"name":"App","decl":{"start":{"line":6,"column":16},"end":{"line":6,"column":22}},"loc":{"start":{"line":6,"column":22},"end":{"line":16,"column":null}},"line":6}},"branchMap":{},"s":{"0":0},"f":{"0":0},"b":{},"meta":{"lastBranch":0,"lastFunction":1,"lastStatement":1,"seen":{"f:6:16:6:22":0,"s:7:2:14:Infinity":0},"fnNames":{}}}
,"D:\\OneDrive\\Desktop\\react-nutritrack\\src\\api\\cache.ts": {"path":"D:\\OneDrive\\Desktop\\react-nutritrack\\src\\api\\cache.ts","statementMap":{"0":{"start":{"line":1,"column":14},"end":{"line":1,"column":null}},"1":{"start":{"line":2,"column":20},"end":{"line":2,"column":null}},"2":{"start":{"line":5,"column":2},"end":{"line":5,"column":null}},"3":{"start":{"line":5,"column":15},"end":{"line":5,"column":null}},"4":{"start":{"line":6,"column":17},"end":{"line":9,"column":null}},"5":{"start":{"line":7,"column":4},"end":{"line":7,"column":null}},"6":{"start":{"line":7,"column":35},"end":{"line":7,"column":null}},"7":{"start":{"line":8,"column":4},"end":{"line":8,"column":null}},"8":{"start":{"line":10,"column":2},"end":{"line":10,"column":null}},"9":{"start":{"line":14,"column":16},"end":{"line":14,"column":null}},"10":{"start":{"line":15,"column":2},"end":{"line":15,"column":null}},"11":{"start":{"line":15,"column":14},"end":{"line":15,"column":null}},"12":{"start":{"line":16,"column":2},"end":{"line":19,"column":null}},"13":{"start":{"line":17,"column":4},"end":{"line":17,"column":null}},"14":{"start":{"line":18,"column":4},"end":{"line":18,"column":null}},"15":{"start":{"line":20,"column":2},"end":{"line":20,"column":null}},"16":{"start":{"line":24,"column":2},"end":{"line":24,"column":null}},"17":{"start":{"line":28,"column":2},"end":{"line":28,"column":null}}},"fnMap":{"0":{"name":"getCacheKey","decl":{"start":{"line":4,"column":16},"end":{"line":4,"column":28}},"loc":{"start":{"line":4,"column":83},"end":{"line":11,"column":null}},"line":4},"1":{"name":"(anonymous_1)","decl":{"start":{"line":6,"column":51},"end":{"line":6,"column":52}},"loc":{"start":{"line":6,"column":65},"end":{"line":9,"column":5}},"line":6},"2":{"name":"getFromCache","decl":{"start":{"line":13,"column":16},"end":{"line":13,"column":32}},"loc":{"start":{"line":13,"column":74},"end":{"line":21,"column":null}},"line":13},"3":{"name":"setInCache","decl":{"start":{"line":23,"column":16},"end":{"line":23,"column":27}},"loc":{"start":{"line":23,"column":61},"end":{"line":25,"column":null}},"line":23},"4":{"name":"clearCache","decl":{"start":{"line":27,"column":16},"end":{"line":27,"column":35}},"loc":{"start":{"line":27,"column":35},"end":{"line":29,"column":null}},"line":27}},"branchMap":{"0":{"loc":{"start":{"line":5,"column":2},"end":{"line":5,"column":null}},"type":"if","locations":[{"start":{"line":5,"column":2},"end":{"line":5,"column":null}},{"start":{},"end":{}}],"line":5},"1":{"loc":{"start":{"line":7,"column":4},"end":{"line":7,"column":null}},"type":"if","locations":[{"start":{"line":7,"column":4},"end":{"line":7,"column":null}},{"start":{},"end":{}}],"line":7},"2":{"loc":{"start":{"line":13,"column":45},"end":{"line":13,"column":74}},"type":"default-arg","locations":[{"start":{"line":13,"column":51},"end":{"line":13,"column":74}}],"line":13},"3":{"loc":{"start":{"line":15,"column":2},"end":{"line":15,"column":null}},"type":"if","locations":[{"start":{"line":15,"column":2},"end":{"line":15,"column":null}},{"start":{},"end":{}}],"line":15},"4":{"loc":{"start":{"line":16,"column":2},"end":{"line":19,"column":null}},"type":"if","locations":[{"start":{"line":16,"column":2},"end":{"line":19,"column":null}},{"start":{},"end":{}}],"line":16}},"s":{"0":11,"1":11,"2":168,"3":144,"4":24,"5":52,"6":52,"7":52,"8":24,"9":85,"10":85,"11":50,"12":35,"13":0,"14":0,"15":35,"16":83,"17":28},"f":{"0":168,"1":52,"2":85,"3":83,"4":28},"b":{"0":[144,24],"1":[52,0],"2":[85],"3":[50,35],"4":[0,35]},"meta":{"lastBranch":5,"lastFunction":5,"lastStatement":18,"seen":{"s:1:14:1:Infinity":0,"s:2:20:2:Infinity":1,"f:4:16:4:28":0,"b:5:2:5:Infinity:undefined:undefined:undefined:undefined":0,"s:5:2:5:Infinity":2,"s:5:15:5:Infinity":3,"s:6:17:9:Infinity":4,"f:6:51:6:52":1,"b:7:4:7:Infinity:undefined:undefined:undefined:undefined":1,"s:7:4:7:Infinity":5,"s:7:35:7:Infinity":6,"s:8:4:8:Infinity":7,"s:10:2:10:Infinity":8,"f:13:16:13:32":2,"b:13:51:13:74":2,"s:14:16:14:Infinity":9,"b:15:2:15:Infinity:undefined:undefined:undefined:undefined":3,"s:15:2:15:Infinity":10,"s:15:14:15:Infinity":11,"b:16:2:19:Infinity:undefined:undefined:undefined:undefined":4,"s:16:2:19:Infinity":12,"s:17:4:17:Infinity":13,"s:18:4:18:Infinity":14,"s:20:2:20:Infinity":15,"f:23:16:23:27":3,"s:24:2:24:Infinity":16,"f:27:16:27:35":4,"s:28:2:28:Infinity":17},"fnNames":{}}}
,"D:\\OneDrive\\Desktop\\react-nutritrack\\src\\api\\client.ts": {"path":"D:\\OneDrive\\Desktop\\react-nutritrack\\src\\api\\client.ts","statementMap":{"0":{"start":{"line":5,"column":33},"end":{"line":10,"column":null}},"1":{"start":{"line":12,"column":0},"end":{"line":38,"column":null}},"2":{"start":{"line":14,"column":18},"end":{"line":14,"column":null}},"3":{"start":{"line":15,"column":4},"end":{"line":17,"column":null}},"4":{"start":{"line":16,"column":6},"end":{"line":16,"column":null}},"5":{"start":{"line":19,"column":4},"end":{"line":33,"column":null}},"6":{"start":{"line":20,"column":12},"end":{"line":20,"column":null}},"7":{"start":{"line":21,"column":12},"end":{"line":21,"column":null}},"8":{"start":{"line":22,"column":6},"end":{"line":32,"column":null}},"9":{"start":{"line":23,"column":8},"end":{"line":31,"column":null}},"10":{"start":{"line":24,"column":10},"end":{"line":30,"column":null}},"11":{"start":{"line":35,"column":4},"end":{"line":35,"column":null}},"12":{"start":{"line":37,"column":13},"end":{"line":37,"column":null}},"13":{"start":{"line":40,"column":0},"end":{"line":59,"column":null}},"14":{"start":{"line":42,"column":19},"end":{"line":42,"column":null}},"15":{"start":{"line":43,"column":4},"end":{"line":48,"column":null}},"16":{"start":{"line":44,"column":12},"end":{"line":44,"column":null}},"17":{"start":{"line":45,"column":6},"end":{"line":45,"column":null}},"18":{"start":{"line":46,"column":4},"end":{"line":48,"column":null}},"19":{"start":{"line":47,"column":6},"end":{"line":47,"column":null}},"20":{"start":{"line":49,"column":4},"end":{"line":49,"column":null}},"21":{"start":{"line":52,"column":4},"end":{"line":56,"column":null}},"22":{"start":{"line":53,"column":6},"end":{"line":53,"column":null}},"23":{"start":{"line":54,"column":6},"end":{"line":54,"column":null}},"24":{"start":{"line":55,"column":6},"end":{"line":55,"column":null}},"25":{"start":{"line":57,"column":4},"end":{"line":57,"column":null}}},"fnMap":{"0":{"name":"(anonymous_0)","decl":{"start":{"line":13,"column":2},"end":{"line":13,"column":3}},"loc":{"start":{"line":13,"column":49},"end":{"line":36,"column":null}},"line":13},"1":{"name":"(anonymous_1)","decl":{"start":{"line":23,"column":32},"end":{"line":23,"column":38}},"loc":{"start":{"line":23,"column":38},"end":{"line":31,"column":null}},"line":23},"2":{"name":"(anonymous_2)","decl":{"start":{"line":37,"column":2},"end":{"line":37,"column":3}},"loc":{"start":{"line":37,"column":13},"end":{"line":37,"column":null}},"line":37},"3":{"name":"(anonymous_3)","decl":{"start":{"line":41,"column":2},"end":{"line":41,"column":3}},"loc":{"start":{"line":41,"column":16},"end":{"line":50,"column":null}},"line":41},"4":{"name":"(anonymous_4)","decl":{"start":{"line":51,"column":2},"end":{"line":51,"column":3}},"loc":{"start":{"line":51,"column":13},"end":{"line":58,"column":null}},"line":51}},"branchMap":{"0":{"loc":{"start":{"line":15,"column":4},"end":{"line":17,"column":null}},"type":"if","locations":[{"start":{"line":15,"column":4},"end":{"line":17,"column":null}},{"start":{},"end":{}}],"line":15},"1":{"loc":{"start":{"line":19,"column":4},"end":{"line":33,"column":null}},"type":"if","locations":[{"start":{"line":19,"column":4},"end":{"line":33,"column":null}},{"start":{},"end":{}}],"line":19},"2":{"loc":{"start":{"line":19,"column":8},"end":{"line":19,"column":61}},"type":"binary-expr","locations":[{"start":{"line":19,"column":8},"end":{"line":19,"column":42}},{"start":{"line":19,"column":42},"end":{"line":19,"column":61}}],"line":19},"3":{"loc":{"start":{"line":22,"column":6},"end":{"line":32,"column":null}},"type":"if","locations":[{"start":{"line":22,"column":6},"end":{"line":32,"column":null}},{"start":{},"end":{}}],"line":22},"4":{"loc":{"start":{"line":43,"column":4},"end":{"line":48,"column":null}},"type":"if","locations":[{"start":{"line":43,"column":4},"end":{"line":48,"column":null}},{"start":{"line":46,"column":4},"end":{"line":48,"column":null}}],"line":43},"5":{"loc":{"start":{"line":43,"column":8},"end":{"line":43,"column":49}},"type":"binary-expr","locations":[{"start":{"line":43,"column":8},"end":{"line":43,"column":28}},{"start":{"line":43,"column":28},"end":{"line":43,"column":49}}],"line":43},"6":{"loc":{"start":{"line":46,"column":4},"end":{"line":48,"column":null}},"type":"if","locations":[{"start":{"line":46,"column":4},"end":{"line":48,"column":null}},{"start":{},"end":{}}],"line":46},"7":{"loc":{"start":{"line":46,"column":15},"end":{"line":46,"column":71}},"type":"binary-expr","locations":[{"start":{"line":46,"column":15},"end":{"line":46,"column":25}},{"start":{"line":46,"column":25},"end":{"line":46,"column":71}}],"line":46},"8":{"loc":{"start":{"line":52,"column":4},"end":{"line":56,"column":null}},"type":"if","locations":[{"start":{"line":52,"column":4},"end":{"line":56,"column":null}},{"start":{},"end":{}}],"line":52}},"s":{"0":11,"1":11,"2":116,"3":116,"4":9,"5":116,"6":85,"7":85,"8":85,"9":35,"10":35,"11":116,"12":0,"13":11,"14":111,"15":111,"16":83,"17":83,"18":28,"19":28,"20":111,"21":5,"22":1,"23":1,"24":1,"25":5},"f":{"0":116,"1":35,"2":0,"3":111,"4":5},"b":{"0":[9,107],"1":[85,31],"2":[116,85],"3":[35,50],"4":[83,28],"5":[111,83],"6":[28,0],"7":[28,28],"8":[1,4]},"meta":{"lastBranch":9,"lastFunction":5,"lastStatement":26,"seen":{"s:5:33:10:Infinity":0,"s:12:0:38:Infinity":1,"f:13:2:13:3":0,"s:14:18:14:Infinity":2,"b:15:4:17:Infinity:undefined:undefined:undefined:undefined":0,"s:15:4:17:Infinity":3,"s:16:6:16:Infinity":4,"b:19:4:33:Infinity:undefined:undefined:undefined:undefined":1,"s:19:4:33:Infinity":5,"b:19:8:19:42:19:42:19:61":2,"s:20:12:20:Infinity":6,"s:21:12:21:Infinity":7,"b:22:6:32:Infinity:undefined:undefined:undefined:undefined":3,"s:22:6:32:Infinity":8,"s:23:8:31:Infinity":9,"f:23:32:23:38":1,"s:24:10:30:Infinity":10,"s:35:4:35:Infinity":11,"f:37:2:37:3":2,"s:37:13:37:Infinity":12,"s:40:0:59:Infinity":13,"f:41:2:41:3":3,"s:42:19:42:Infinity":14,"b:43:4:48:Infinity:46:4:48:Infinity":4,"s:43:4:48:Infinity":15,"b:43:8:43:28:43:28:43:49":5,"s:44:12:44:Infinity":16,"s:45:6:45:Infinity":17,"b:46:4:48:Infinity:undefined:undefined:undefined:undefined":6,"s:46:4:48:Infinity":18,"b:46:15:46:25:46:25:46:71":7,"s:47:6:47:Infinity":19,"s:49:4:49:Infinity":20,"f:51:2:51:3":4,"b:52:4:56:Infinity:undefined:undefined:undefined:undefined":8,"s:52:4:56:Infinity":21,"s:53:6:53:Infinity":22,"s:54:6:54:Infinity":23,"s:55:6:55:Infinity":24,"s:57:4:57:Infinity":25},"fnNames":{}}}
,"D:\\OneDrive\\Desktop\\react-nutritrack\\src\\api\\endpoints.ts": {"path":"D:\\OneDrive\\Desktop\\react-nutritrack\\src\\api\\endpoints.ts","statementMap":{"0":{"start":{"line":3,"column":11},"end":{"line":3,"column":null}},"1":{"start":{"line":4,"column":11},"end":{"line":4,"column":null}},"2":{"start":{"line":6,"column":25},"end":{"line":65,"column":null}},"3":{"start":{"line":20,"column":31},"end":{"line":20,"column":null}},"4":{"start":{"line":21,"column":32},"end":{"line":21,"column":null}},"5":{"start":{"line":27,"column":33},"end":{"line":27,"column":null}},"6":{"start":{"line":28,"column":38},"end":{"line":28,"column":null}},"7":{"start":{"line":32,"column":28},"end":{"line":32,"column":null}},"8":{"start":{"line":34,"column":30},"end":{"line":34,"column":null}},"9":{"start":{"line":59,"column":28},"end":{"line":59,"column":null}}},"fnMap":{"0":{"name":"(anonymous_0)","decl":{"start":{"line":20,"column":15},"end":{"line":20,"column":16}},"loc":{"start":{"line":20,"column":31},"end":{"line":20,"column":null}},"line":20},"1":{"name":"(anonymous_1)","decl":{"start":{"line":21,"column":14},"end":{"line":21,"column":15}},"loc":{"start":{"line":21,"column":32},"end":{"line":21,"column":null}},"line":21},"2":{"name":"(anonymous_2)","decl":{"start":{"line":27,"column":10},"end":{"line":27,"column":11}},"loc":{"start":{"line":27,"column":33},"end":{"line":27,"column":null}},"line":27},"3":{"name":"(anonymous_3)","decl":{"start":{"line":28,"column":18},"end":{"line":28,"column":19}},"loc":{"start":{"line":28,"column":38},"end":{"line":28,"column":null}},"line":28},"4":{"name":"(anonymous_4)","decl":{"start":{"line":32,"column":12},"end":{"line":32,"column":13}},"loc":{"start":{"line":32,"column":28},"end":{"line":32,"column":null}},"line":32},"5":{"name":"(anonymous_5)","decl":{"start":{"line":34,"column":14},"end":{"line":34,"column":15}},"loc":{"start":{"line":34,"column":30},"end":{"line":34,"column":null}},"line":34},"6":{"name":"(anonymous_6)","decl":{"start":{"line":59,"column":12},"end":{"line":59,"column":13}},"loc":{"start":{"line":59,"column":28},"end":{"line":59,"column":null}},"line":59}},"branchMap":{},"s":{"0":12,"1":12,"2":12,"3":0,"4":2,"5":18,"6":1,"7":7,"8":2,"9":0},"f":{"0":0,"1":2,"2":18,"3":1,"4":7,"5":2,"6":0},"b":{},"meta":{"lastBranch":0,"lastFunction":7,"lastStatement":10,"seen":{"s:3:11:3:Infinity":0,"s:4:11:4:Infinity":1,"s:6:25:65:Infinity":2,"f:20:15:20:16":0,"s:20:31:20:Infinity":3,"f:21:14:21:15":1,"s:21:32:21:Infinity":4,"f:27:10:27:11":2,"s:27:33:27:Infinity":5,"f:28:18:28:19":3,"s:28:38:28:Infinity":6,"f:32:12:32:13":4,"s:32:28:32:Infinity":7,"f:34:14:34:15":5,"s:34:30:34:Infinity":8,"f:59:12:59:13":6,"s:59:28:59:Infinity":9},"fnNames":{}}}
,"D:\\OneDrive\\Desktop\\react-nutritrack\\src\\components\\layout\\MainLayout.tsx": {"path":"D:\\OneDrive\\Desktop\\react-nutritrack\\src\\components\\layout\\MainLayout.tsx","statementMap":{"0":{"start":{"line":9,"column":8},"end":{"line":9,"column":null}},"1":{"start":{"line":10,"column":34},"end":{"line":10,"column":null}},"2":{"start":{"line":12,"column":8},"end":{"line":12,"column":null}},"3":{"start":{"line":12,"column":39},"end":{"line":12,"column":60}},"4":{"start":{"line":13,"column":8},"end":{"line":13,"column":null}},"5":{"start":{"line":13,"column":40},"end":{"line":13,"column":62}},"6":{"start":{"line":15,"column":2},"end":{"line":34,"column":null}}},"fnMap":{"0":{"name":"MainLayout","decl":{"start":{"line":8,"column":16},"end":{"line":8,"column":29}},"loc":{"start":{"line":8,"column":29},"end":{"line":36,"column":null}},"line":8},"1":{"name":"(anonymous_1)","decl":{"start":{"line":12,"column":33},"end":{"line":12,"column":39}},"loc":{"start":{"line":12,"column":39},"end":{"line":12,"column":60}},"line":12},"2":{"name":"(anonymous_2)","decl":{"start":{"line":13,"column":34},"end":{"line":13,"column":40}},"loc":{"start":{"line":13,"column":40},"end":{"line":13,"column":62}},"line":13}},"branchMap":{"0":{"loc":{"start":{"line":17,"column":7},"end":{"line":20,"column":null}},"type":"binary-expr","locations":[{"start":{"line":17,"column":7},"end":{"line":17,"column":null}},{"start":{"line":18,"column":8},"end":{"line":20,"column":null}}],"line":17},"1":{"loc":{"start":{"line":28,"column":30},"end":{"line":28,"column":65}},"type":"cond-expr","locations":[{"start":{"line":28,"column":41},"end":{"line":28,"column":54}},{"start":{"line":28,"column":54},"end":{"line":28,"column":65}}],"line":28}},"s":{"0":0,"1":0,"2":0,"3":0,"4":0,"5":0,"6":0},"f":{"0":0,"1":0,"2":0},"b":{"0":[0,0],"1":[0,0]},"meta":{"lastBranch":2,"lastFunction":3,"lastStatement":7,"seen":{"f:8:16:8:29":0,"s:9:8:9:Infinity":0,"s:10:34:10:Infinity":1,"s:12:8:12:Infinity":2,"f:12:33:12:39":1,"s:12:39:12:60":3,"s:13:8:13:Infinity":4,"f:13:34:13:40":2,"s:13:40:13:62":5,"s:15:2:34:Infinity":6,"b:17:7:17:Infinity:18:8:20:Infinity":0,"b:28:41:28:54:28:54:28:65":1},"fnNames":{}}}
,"D:\\OneDrive\\Desktop\\react-nutritrack\\src\\components\\layout\\MobileDrawer.tsx": {"path":"D:\\OneDrive\\Desktop\\react-nutritrack\\src\\components\\layout\\MobileDrawer.tsx","statementMap":{"0":{"start":{"line":11,"column":2},"end":{"line":20,"column":null}},"1":{"start":{"line":12,"column":4},"end":{"line":16,"column":null}},"2":{"start":{"line":13,"column":6},"end":{"line":13,"column":null}},"3":{"start":{"line":15,"column":6},"end":{"line":15,"column":null}},"4":{"start":{"line":17,"column":4},"end":{"line":19,"column":null}},"5":{"start":{"line":18,"column":6},"end":{"line":18,"column":null}},"6":{"start":{"line":22,"column":2},"end":{"line":30,"column":null}},"7":{"start":{"line":23,"column":22},"end":{"line":25,"column":null}},"8":{"start":{"line":24,"column":6},"end":{"line":24,"column":null}},"9":{"start":{"line":24,"column":30},"end":{"line":24,"column":null}},"10":{"start":{"line":26,"column":4},"end":{"line":28,"column":null}},"11":{"start":{"line":27,"column":6},"end":{"line":27,"column":null}},"12":{"start":{"line":29,"column":4},"end":{"line":29,"column":null}},"13":{"start":{"line":29,"column":17},"end":{"line":29,"column":null}},"14":{"start":{"line":32,"column":2},"end":{"line":72,"column":null}}},"fnMap":{"0":{"name":"MobileDrawer","decl":{"start":{"line":10,"column":16},"end":{"line":10,"column":29}},"loc":{"start":{"line":10,"column":77},"end":{"line":74,"column":null}},"line":10},"1":{"name":"(anonymous_1)","decl":{"start":{"line":11,"column":12},"end":{"line":11,"column":18}},"loc":{"start":{"line":11,"column":18},"end":{"line":20,"column":5}},"line":11},"2":{"name":"(anonymous_2)","decl":{"start":{"line":17,"column":11},"end":{"line":17,"column":17}},"loc":{"start":{"line":17,"column":17},"end":{"line":19,"column":null}},"line":17},"3":{"name":"(anonymous_3)","decl":{"start":{"line":22,"column":12},"end":{"line":22,"column":18}},"loc":{"start":{"line":22,"column":18},"end":{"line":30,"column":5}},"line":22},"4":{"name":"(anonymous_4)","decl":{"start":{"line":23,"column":22},"end":{"line":23,"column":23}},"loc":{"start":{"line":23,"column":44},"end":{"line":25,"column":null}},"line":23},"5":{"name":"(anonymous_5)","decl":{"start":{"line":29,"column":11},"end":{"line":29,"column":17}},"loc":{"start":{"line":29,"column":17},"end":{"line":29,"column":null}},"line":29}},"branchMap":{"0":{"loc":{"start":{"line":12,"column":4},"end":{"line":16,"column":null}},"type":"if","locations":[{"start":{"line":12,"column":4},"end":{"line":16,"column":null}},{"start":{"line":14,"column":11},"end":{"line":16,"column":null}}],"line":12},"1":{"loc":{"start":{"line":24,"column":6},"end":{"line":24,"column":null}},"type":"if","locations":[{"start":{"line":24,"column":6},"end":{"line":24,"column":null}},{"start":{},"end":{}}],"line":24},"2":{"loc":{"start":{"line":26,"column":4},"end":{"line":28,"column":null}},"type":"if","locations":[{"start":{"line":26,"column":4},"end":{"line":28,"column":null}},{"start":{},"end":{}}],"line":26},"3":{"loc":{"start":{"line":37,"column":10},"end":{"line":37,"column":null}},"type":"cond-expr","locations":[{"start":{"line":37,"column":17},"end":{"line":37,"column":33}},{"start":{"line":37,"column":33},"end":{"line":37,"column":null}}],"line":37},"4":{"loc":{"start":{"line":46,"column":10},"end":{"line":46,"column":null}},"type":"cond-expr","locations":[{"start":{"line":46,"column":17},"end":{"line":46,"column":35}},{"start":{"line":46,"column":35},"end":{"line":46,"column":null}}],"line":46}},"s":{"0":5,"1":5,"2":4,"3":1,"4":5,"5":5,"6":5,"7":5,"8":0,"9":0,"10":5,"11":4,"12":5,"13":5,"14":5},"f":{"0":5,"1":5,"2":5,"3":5,"4":0,"5":5},"b":{"0":[4,1],"1":[0,0],"2":[4,1],"3":[4,1],"4":[4,1]},"meta":{"lastBranch":5,"lastFunction":6,"lastStatement":15,"seen":{"f:10:16:10:29":0,"s:11:2:20:Infinity":0,"f:11:12:11:18":1,"b:12:4:16:Infinity:14:11:16:Infinity":0,"s:12:4:16:Infinity":1,"s:13:6:13:Infinity":2,"s:15:6:15:Infinity":3,"s:17:4:19:Infinity":4,"f:17:11:17:17":2,"s:18:6:18:Infinity":5,"s:22:2:30:Infinity":6,"f:22:12:22:18":3,"s:23:22:25:Infinity":7,"f:23:22:23:23":4,"b:24:6:24:Infinity:undefined:undefined:undefined:undefined":1,"s:24:6:24:Infinity":8,"s:24:30:24:Infinity":9,"b:26:4:28:Infinity:undefined:undefined:undefined:undefined":2,"s:26:4:28:Infinity":10,"s:27:6:27:Infinity":11,"s:29:4:29:Infinity":12,"f:29:11:29:17":5,"s:29:17:29:Infinity":13,"s:32:2:72:Infinity":14,"b:37:17:37:33:37:33:37:Infinity":3,"b:46:17:46:35:46:35:46:Infinity":4},"fnNames":{}}}
,"D:\\OneDrive\\Desktop\\react-nutritrack\\src\\components\\layout\\Navbar.tsx": {"path":"D:\\OneDrive\\Desktop\\react-nutritrack\\src\\components\\layout\\Navbar.tsx","statementMap":{"0":{"start":{"line":15,"column":15},"end":{"line":15,"column":null}},"1":{"start":{"line":16,"column":29},"end":{"line":16,"column":null}},"2":{"start":{"line":17,"column":8},"end":{"line":17,"column":null}},"3":{"start":{"line":18,"column":36},"end":{"line":18,"column":null}},"4":{"start":{"line":19,"column":48},"end":{"line":19,"column":null}},"5":{"start":{"line":20,"column":30},"end":{"line":20,"column":null}},"6":{"start":{"line":21,"column":34},"end":{"line":21,"column":null}},"7":{"start":{"line":22,"column":28},"end":{"line":22,"column":null}},"8":{"start":{"line":23,"column":36},"end":{"line":23,"column":null}},"9":{"start":{"line":24,"column":38},"end":{"line":24,"column":null}},"10":{"start":{"line":25,"column":40},"end":{"line":25,"column":null}},"11":{"start":{"line":26,"column":36},"end":{"line":26,"column":null}},"12":{"start":{"line":27,"column":8},"end":{"line":27,"column":null}},"13":{"start":{"line":28,"column":8},"end":{"line":28,"column":null}},"14":{"start":{"line":30,"column":8},"end":{"line":38,"column":null}},"15":{"start":{"line":31,"column":4},"end":{"line":37,"column":null}},"16":{"start":{"line":32,"column":47},"end":{"line":32,"column":null}},"17":{"start":{"line":33,"column":6},"end":{"line":33,"column":null}},"18":{"start":{"line":34,"column":6},"end":{"line":34,"column":null}},"19":{"start":{"line":40,"column":2},"end":{"line":43,"column":null}},"20":{"start":{"line":42,"column":4},"end":{"line":42,"column":null}},"21":{"start":{"line":45,"column":28},"end":{"line":53,"column":null}},"22":{"start":{"line":46,"column":4},"end":{"line":52,"column":null}},"23":{"start":{"line":47,"column":6},"end":{"line":47,"column":null}},"24":{"start":{"line":48,"column":6},"end":{"line":48,"column":null}},"25":{"start":{"line":48,"column":31},"end":{"line":48,"column":71}},"26":{"start":{"line":48,"column":46},"end":{"line":48,"column":70}},"27":{"start":{"line":49,"column":6},"end":{"line":49,"column":null}},"28":{"start":{"line":55,"column":2},"end":{"line":62,"column":null}},"29":{"start":{"line":56,"column":31},"end":{"line":59,"column":null}},"30":{"start":{"line":57,"column":6},"end":{"line":57,"column":null}},"31":{"start":{"line":57,"column":76},"end":{"line":57,"column":null}},"32":{"start":{"line":58,"column":6},"end":{"line":58,"column":null}},"33":{"start":{"line":58,"column":74},"end":{"line":58,"column":null}},"34":{"start":{"line":60,"column":4},"end":{"line":60,"column":null}},"35":{"start":{"line":61,"column":4},"end":{"line":61,"column":null}},"36":{"start":{"line":61,"column":17},"end":{"line":61,"column":null}},"37":{"start":{"line":64,"column":2},"end":{"line":469,"column":null}},"38":{"start":{"line":84,"column":29},"end":{"line":84,"column":null}},"39":{"start":{"line":86,"column":14},"end":{"line":89,"column":null}},"40":{"start":{"line":87,"column":16},"end":{"line":87,"column":null}},"41":{"start":{"line":88,"column":16},"end":{"line":88,"column":null}},"42":{"start":{"line":108,"column":29},"end":{"line":108,"column":60}},"43":{"start":{"line":108,"column":55},"end":{"line":108,"column":57}},"44":{"start":{"line":108,"column":60},"end":{"line":108,"column":80}},"45":{"start":{"line":136,"column":20},"end":{"line":143,"column":null}},"46":{"start":{"line":153,"column":29},"end":{"line":153,"column":51}},"47":{"start":{"line":153,"column":46},"end":{"line":153,"column":48}},"48":{"start":{"line":153,"column":51},"end":{"line":153,"column":80}},"49":{"start":{"line":167,"column":95},"end":{"line":167,"column":112}},"50":{"start":{"line":168,"column":104},"end":{"line":168,"column":124}},"51":{"start":{"line":169,"column":107},"end":{"line":169,"column":128}},"52":{"start":{"line":170,"column":101},"end":{"line":170,"column":123}},"53":{"start":{"line":172,"column":18},"end":{"line":182,"column":null}},"54":{"start":{"line":174,"column":37},"end":{"line":174,"column":57}},"55":{"start":{"line":174,"column":57},"end":{"line":174,"column":73}},"56":{"start":{"line":205,"column":88},"end":{"line":205,"column":110}},"57":{"start":{"line":217,"column":37},"end":{"line":217,"column":59}},"58":{"start":{"line":261,"column":16},"end":{"line":279,"column":null}},"59":{"start":{"line":273,"column":22},"end":{"line":276,"column":null}},"60":{"start":{"line":285,"column":31},"end":{"line":285,"column":null}},"61":{"start":{"line":291,"column":31},"end":{"line":291,"column":null}},"62":{"start":{"line":304,"column":88},"end":{"line":304,"column":107}},"63":{"start":{"line":316,"column":37},"end":{"line":316,"column":56}},"64":{"start":{"line":329,"column":16},"end":{"line":332,"column":null}},"65":{"start":{"line":336,"column":37},"end":{"line":336,"column":56}},"66":{"start":{"line":347,"column":88},"end":{"line":347,"column":111}},"67":{"start":{"line":359,"column":37},"end":{"line":359,"column":60}},"68":{"start":{"line":394,"column":37},"end":{"line":394,"column":60}},"69":{"start":{"line":405,"column":88},"end":{"line":405,"column":112}},"70":{"start":{"line":417,"column":37},"end":{"line":417,"column":61}},"71":{"start":{"line":459,"column":37},"end":{"line":459,"column":61}},"72":{"start":{"line":462,"column":37},"end":{"line":462,"column":61}}},"fnMap":{"0":{"name":"Navbar","decl":{"start":{"line":14,"column":16},"end":{"line":14,"column":23}},"loc":{"start":{"line":14,"column":104},"end":{"line":471,"column":null}},"line":14},"1":{"name":"(anonymous_1)","decl":{"start":{"line":30,"column":41},"end":{"line":30,"column":53}},"loc":{"start":{"line":30,"column":53},"end":{"line":38,"column":5}},"line":30},"2":{"name":"(anonymous_2)","decl":{"start":{"line":40,"column":12},"end":{"line":40,"column":18}},"loc":{"start":{"line":40,"column":18},"end":{"line":43,"column":5}},"line":40},"3":{"name":"(anonymous_3)","decl":{"start":{"line":45,"column":28},"end":{"line":45,"column":40}},"loc":{"start":{"line":45,"column":40},"end":{"line":53,"column":null}},"line":45},"4":{"name":"(anonymous_4)","decl":{"start":{"line":48,"column":23},"end":{"line":48,"column":31}},"loc":{"start":{"line":48,"column":31},"end":{"line":48,"column":71}},"line":48},"5":{"name":"(anonymous_5)","decl":{"start":{"line":48,"column":40},"end":{"line":48,"column":46}},"loc":{"start":{"line":48,"column":46},"end":{"line":48,"column":70}},"line":48},"6":{"name":"(anonymous_6)","decl":{"start":{"line":55,"column":12},"end":{"line":55,"column":18}},"loc":{"start":{"line":55,"column":18},"end":{"line":62,"column":5}},"line":55},"7":{"name":"(anonymous_7)","decl":{"start":{"line":56,"column":31},"end":{"line":56,"column":32}},"loc":{"start":{"line":56,"column":50},"end":{"line":59,"column":null}},"line":56},"8":{"name":"(anonymous_8)","decl":{"start":{"line":61,"column":11},"end":{"line":61,"column":17}},"loc":{"start":{"line":61,"column":17},"end":{"line":61,"column":null}},"line":61},"9":{"name":"(anonymous_9)","decl":{"start":{"line":84,"column":22},"end":{"line":84,"column":23}},"loc":{"start":{"line":84,"column":29},"end":{"line":84,"column":null}},"line":84},"10":{"name":"(anonymous_10)","decl":{"start":{"line":85,"column":23},"end":{"line":85,"column":24}},"loc":{"start":{"line":85,"column":30},"end":{"line":90,"column":null}},"line":85},"11":{"name":"(anonymous_11)","decl":{"start":{"line":108,"column":21},"end":{"line":108,"column":27}},"loc":{"start":{"line":108,"column":27},"end":{"line":108,"column":null}},"line":108},"12":{"name":"(anonymous_12)","decl":{"start":{"line":108,"column":50},"end":{"line":108,"column":55}},"loc":{"start":{"line":108,"column":55},"end":{"line":108,"column":57}},"line":108},"13":{"name":"(anonymous_13)","decl":{"start":{"line":135,"column":36},"end":{"line":135,"column":null}},"loc":{"start":{"line":136,"column":20},"end":{"line":143,"column":null}},"line":136},"14":{"name":"(anonymous_14)","decl":{"start":{"line":153,"column":21},"end":{"line":153,"column":27}},"loc":{"start":{"line":153,"column":27},"end":{"line":153,"column":null}},"line":153},"15":{"name":"(anonymous_15)","decl":{"start":{"line":153,"column":41},"end":{"line":153,"column":46}},"loc":{"start":{"line":153,"column":46},"end":{"line":153,"column":48}},"line":153},"16":{"name":"(anonymous_16)","decl":{"start":{"line":167,"column":89},"end":{"line":167,"column":95}},"loc":{"start":{"line":167,"column":95},"end":{"line":167,"column":112}},"line":167},"17":{"name":"(anonymous_17)","decl":{"start":{"line":168,"column":98},"end":{"line":168,"column":104}},"loc":{"start":{"line":168,"column":104},"end":{"line":168,"column":124}},"line":168},"18":{"name":"(anonymous_18)","decl":{"start":{"line":169,"column":101},"end":{"line":169,"column":107}},"loc":{"start":{"line":169,"column":107},"end":{"line":169,"column":128}},"line":169},"19":{"name":"(anonymous_19)","decl":{"start":{"line":170,"column":95},"end":{"line":170,"column":101}},"loc":{"start":{"line":170,"column":101},"end":{"line":170,"column":123}},"line":170},"20":{"name":"(anonymous_20)","decl":{"start":{"line":171,"column":22},"end":{"line":171,"column":null}},"loc":{"start":{"line":172,"column":18},"end":{"line":182,"column":null}},"line":172},"21":{"name":"(anonymous_21)","decl":{"start":{"line":174,"column":29},"end":{"line":174,"column":35}},"loc":{"start":{"line":174,"column":35},"end":{"line":174,"column":null}},"line":174},"22":{"name":"(anonymous_22)","decl":{"start":{"line":205,"column":82},"end":{"line":205,"column":88}},"loc":{"start":{"line":205,"column":88},"end":{"line":205,"column":110}},"line":205},"23":{"name":"(anonymous_23)","decl":{"start":{"line":217,"column":31},"end":{"line":217,"column":37}},"loc":{"start":{"line":217,"column":37},"end":{"line":217,"column":59}},"line":217},"24":{"name":"(anonymous_24)","decl":{"start":{"line":260,"column":20},"end":{"line":260,"column":21}},"loc":{"start":{"line":261,"column":16},"end":{"line":279,"column":null}},"line":261},"25":{"name":"(anonymous_25)","decl":{"start":{"line":272,"column":39},"end":{"line":272,"column":40}},"loc":{"start":{"line":273,"column":22},"end":{"line":276,"column":null}},"line":273},"26":{"name":"(anonymous_26)","decl":{"start":{"line":285,"column":25},"end":{"line":285,"column":31}},"loc":{"start":{"line":285,"column":31},"end":{"line":285,"column":null}},"line":285},"27":{"name":"(anonymous_27)","decl":{"start":{"line":291,"column":25},"end":{"line":291,"column":31}},"loc":{"start":{"line":291,"column":31},"end":{"line":291,"column":null}},"line":291},"28":{"name":"(anonymous_28)","decl":{"start":{"line":304,"column":82},"end":{"line":304,"column":88}},"loc":{"start":{"line":304,"column":88},"end":{"line":304,"column":107}},"line":304},"29":{"name":"(anonymous_29)","decl":{"start":{"line":316,"column":31},"end":{"line":316,"column":37}},"loc":{"start":{"line":316,"column":37},"end":{"line":316,"column":56}},"line":316},"30":{"name":"(anonymous_30)","decl":{"start":{"line":328,"column":20},"end":{"line":328,"column":21}},"loc":{"start":{"line":329,"column":16},"end":{"line":332,"column":null}},"line":329},"31":{"name":"(anonymous_31)","decl":{"start":{"line":336,"column":31},"end":{"line":336,"column":37}},"loc":{"start":{"line":336,"column":37},"end":{"line":336,"column":56}},"line":336},"32":{"name":"(anonymous_32)","decl":{"start":{"line":347,"column":82},"end":{"line":347,"column":88}},"loc":{"start":{"line":347,"column":88},"end":{"line":347,"column":111}},"line":347},"33":{"name":"(anonymous_33)","decl":{"start":{"line":359,"column":31},"end":{"line":359,"column":37}},"loc":{"start":{"line":359,"column":37},"end":{"line":359,"column":60}},"line":359},"34":{"name":"(anonymous_34)","decl":{"start":{"line":394,"column":31},"end":{"line":394,"column":37}},"loc":{"start":{"line":394,"column":37},"end":{"line":394,"column":60}},"line":394},"35":{"name":"(anonymous_35)","decl":{"start":{"line":405,"column":82},"end":{"line":405,"column":88}},"loc":{"start":{"line":405,"column":88},"end":{"line":405,"column":112}},"line":405},"36":{"name":"(anonymous_36)","decl":{"start":{"line":417,"column":31},"end":{"line":417,"column":37}},"loc":{"start":{"line":417,"column":37},"end":{"line":417,"column":61}},"line":417},"37":{"name":"(anonymous_37)","decl":{"start":{"line":459,"column":31},"end":{"line":459,"column":37}},"loc":{"start":{"line":459,"column":37},"end":{"line":459,"column":61}},"line":459},"38":{"name":"(anonymous_38)","decl":{"start":{"line":462,"column":31},"end":{"line":462,"column":37}},"loc":{"start":{"line":462,"column":37},"end":{"line":462,"column":61}},"line":462}},"branchMap":{"0":{"loc":{"start":{"line":14,"column":39},"end":{"line":14,"column":88}},"type":"default-arg","locations":[{"start":{"line":14,"column":59},"end":{"line":14,"column":88}}],"line":14},"1":{"loc":{"start":{"line":57,"column":6},"end":{"line":57,"column":null}},"type":"if","locations":[{"start":{"line":57,"column":6},"end":{"line":57,"column":null}},{"start":{},"end":{}}],"line":57},"2":{"loc":{"start":{"line":57,"column":10},"end":{"line":57,"column":76}},"type":"binary-expr","locations":[{"start":{"line":57,"column":10},"end":{"line":57,"column":30}},{"start":{"line":57,"column":30},"end":{"line":57,"column":76}}],"line":57},"3":{"loc":{"start":{"line":58,"column":6},"end":{"line":58,"column":null}},"type":"if","locations":[{"start":{"line":58,"column":6},"end":{"line":58,"column":null}},{"start":{},"end":{}}],"line":58},"4":{"loc":{"start":{"line":58,"column":10},"end":{"line":58,"column":74}},"type":"binary-expr","locations":[{"start":{"line":58,"column":10},"end":{"line":58,"column":29}},{"start":{"line":58,"column":29},"end":{"line":58,"column":74}}],"line":58},"5":{"loc":{"start":{"line":68,"column":9},"end":{"line":74,"column":null}},"type":"binary-expr","locations":[{"start":{"line":68,"column":9},"end":{"line":68,"column":null}},{"start":{"line":69,"column":10},"end":{"line":74,"column":null}}],"line":68},"6":{"loc":{"start":{"line":86,"column":14},"end":{"line":89,"column":null}},"type":"if","locations":[{"start":{"line":86,"column":14},"end":{"line":89,"column":null}},{"start":{},"end":{}}],"line":86},"7":{"loc":{"start":{"line":86,"column":18},"end":{"line":86,"column":59}},"type":"binary-expr","locations":[{"start":{"line":86,"column":18},"end":{"line":86,"column":39}},{"start":{"line":86,"column":39},"end":{"line":86,"column":59}}],"line":86},"8":{"loc":{"start":{"line":99,"column":30},"end":{"line":99,"column":66}},"type":"cond-expr","locations":[{"start":{"line":99,"column":50},"end":{"line":99,"column":59}},{"start":{"line":99,"column":59},"end":{"line":99,"column":66}}],"line":99},"9":{"loc":{"start":{"line":102,"column":13},"end":{"line":102,"column":null}},"type":"cond-expr","locations":[{"start":{"line":102,"column":33},"end":{"line":102,"column":47}},{"start":{"line":102,"column":47},"end":{"line":102,"column":null}}],"line":102},"10":{"loc":{"start":{"line":110,"column":40},"end":{"line":110,"column":89}},"type":"cond-expr","locations":[{"start":{"line":110,"column":58},"end":{"line":110,"column":87}},{"start":{"line":110,"column":87},"end":{"line":110,"column":89}}],"line":110},"11":{"loc":{"start":{"line":113,"column":13},"end":{"line":116,"column":null}},"type":"binary-expr","locations":[{"start":{"line":113,"column":13},"end":{"line":113,"column":null}},{"start":{"line":114,"column":14},"end":{"line":116,"column":null}}],"line":113},"12":{"loc":{"start":{"line":115,"column":17},"end":{"line":115,"column":null}},"type":"cond-expr","locations":[{"start":{"line":115,"column":35},"end":{"line":115,"column":42}},{"start":{"line":115,"column":42},"end":{"line":115,"column":null}}],"line":115},"13":{"loc":{"start":{"line":120,"column":11},"end":{"line":147,"column":null}},"type":"binary-expr","locations":[{"start":{"line":120,"column":11},"end":{"line":120,"column":null}},{"start":{"line":121,"column":12},"end":{"line":147,"column":null}}],"line":120},"14":{"loc":{"start":{"line":124,"column":17},"end":{"line":125,"column":null}},"type":"binary-expr","locations":[{"start":{"line":124,"column":17},"end":{"line":124,"column":null}},{"start":{"line":125,"column":18},"end":{"line":125,"column":null}}],"line":124},"15":{"loc":{"start":{"line":129,"column":17},"end":{"line":144,"column":null}},"type":"cond-expr","locations":[{"start":{"line":130,"column":18},"end":{"line":133,"column":null}},{"start":{"line":135,"column":18},"end":{"line":144,"column":null}}],"line":129},"16":{"loc":{"start":{"line":137,"column":23},"end":{"line":137,"column":null}},"type":"binary-expr","locations":[{"start":{"line":137,"column":23},"end":{"line":137,"column":35}},{"start":{"line":137,"column":35},"end":{"line":137,"column":null}}],"line":137},"17":{"loc":{"start":{"line":140,"column":52},"end":{"line":140,"column":120}},"type":"cond-expr","locations":[{"start":{"line":140,"column":63},"end":{"line":140,"column":95}},{"start":{"line":140,"column":95},"end":{"line":140,"column":120}}],"line":140},"18":{"loc":{"start":{"line":159,"column":11},"end":{"line":185,"column":null}},"type":"binary-expr","locations":[{"start":{"line":159,"column":11},"end":{"line":159,"column":null}},{"start":{"line":160,"column":12},"end":{"line":185,"column":null}}],"line":159},"19":{"loc":{"start":{"line":193,"column":63},"end":{"line":193,"column":91}},"type":"binary-expr","locations":[{"start":{"line":193,"column":63},"end":{"line":193,"column":84}},{"start":{"line":193,"column":84},"end":{"line":193,"column":91}}],"line":193},"20":{"loc":{"start":{"line":194,"column":71},"end":{"line":194,"column":98}},"type":"binary-expr","locations":[{"start":{"line":194,"column":71},"end":{"line":194,"column":91}},{"start":{"line":194,"column":91},"end":{"line":194,"column":98}}],"line":194},"21":{"loc":{"start":{"line":203,"column":7},"end":{"line":298,"column":null}},"type":"binary-expr","locations":[{"start":{"line":203,"column":7},"end":{"line":203,"column":null}},{"start":{"line":204,"column":8},"end":{"line":298,"column":null}}],"line":203},"22":{"loc":{"start":{"line":302,"column":7},"end":{"line":341,"column":null}},"type":"binary-expr","locations":[{"start":{"line":302,"column":7},"end":{"line":302,"column":null}},{"start":{"line":303,"column":8},"end":{"line":341,"column":null}}],"line":302},"23":{"loc":{"start":{"line":345,"column":7},"end":{"line":399,"column":null}},"type":"binary-expr","locations":[{"start":{"line":345,"column":7},"end":{"line":345,"column":null}},{"start":{"line":346,"column":8},"end":{"line":399,"column":null}}],"line":345},"24":{"loc":{"start":{"line":403,"column":7},"end":{"line":467,"column":null}},"type":"binary-expr","locations":[{"start":{"line":403,"column":7},"end":{"line":403,"column":null}},{"start":{"line":404,"column":8},"end":{"line":467,"column":null}}],"line":403}},"s":{"0":0,"1":0,"2":0,"3":0,"4":0,"5":0,"6":0,"7":0,"8":0,"9":0,"10":0,"11":0,"12":0,"13":0,"14":0,"15":0,"16":0,"17":0,"18":0,"19":0,"20":0,"21":0,"22":0,"23":0,"24":0,"25":0,"26":0,"27":0,"28":0,"29":0,"30":0,"31":0,"32":0,"33":0,"34":0,"35":0,"36":0,"37":0,"38":0,"39":0,"40":0,"41":0,"42":0,"43":0,"44":0,"45":0,"46":0,"47":0,"48":0,"49":0,"50":0,"51":0,"52":0,"53":0,"54":0,"55":0,"56":0,"57":0,"58":0,"59":0,"60":0,"61":0,"62":0,"63":0,"64":0,"65":0,"66":0,"67":0,"68":0,"69":0,"70":0,"71":0,"72":0},"f":{"0":0,"1":0,"2":0,"3":0,"4":0,"5":0,"6":0,"7":0,"8":0,"9":0,"10":0,"11":0,"12":0,"13":0,"14":0,"15":0,"16":0,"17":0,"18":0,"19":0,"20":0,"21":0,"22":0,"23":0,"24":0,"25":0,"26":0,"27":0,"28":0,"29":0,"30":0,"31":0,"32":0,"33":0,"34":0,"35":0,"36":0,"37":0,"38":0},"b":{"0":[0],"1":[0,0],"2":[0,0],"3":[0,0],"4":[0,0],"5":[0,0],"6":[0,0],"7":[0,0],"8":[0,0],"9":[0,0],"10":[0,0],"11":[0,0],"12":[0,0],"13":[0,0],"14":[0,0],"15":[0,0],"16":[0,0],"17":[0,0],"18":[0,0],"19":[0,0],"20":[0,0],"21":[0,0],"22":[0,0],"23":[0,0],"24":[0,0]},"meta":{"lastBranch":25,"lastFunction":39,"lastStatement":73,"seen":{"f:14:16:14:23":0,"b:14:59:14:88":0,"s:15:15:15:Infinity":0,"s:16:29:16:Infinity":1,"s:17:8:17:Infinity":2,"s:18:36:18:Infinity":3,"s:19:48:19:Infinity":4,"s:20:30:20:Infinity":5,"s:21:34:21:Infinity":6,"s:22:28:22:Infinity":7,"s:23:36:23:Infinity":8,"s:24:38:24:Infinity":9,"s:25:40:25:Infinity":10,"s:26:36:26:Infinity":11,"s:27:8:27:Infinity":12,"s:28:8:28:Infinity":13,"s:30:8:38:Infinity":14,"f:30:41:30:53":1,"s:31:4:37:Infinity":15,"s:32:47:32:Infinity":16,"s:33:6:33:Infinity":17,"s:34:6:34:Infinity":18,"s:40:2:43:Infinity":19,"f:40:12:40:18":2,"s:42:4:42:Infinity":20,"s:45:28:53:Infinity":21,"f:45:28:45:40":3,"s:46:4:52:Infinity":22,"s:47:6:47:Infinity":23,"s:48:6:48:Infinity":24,"f:48:23:48:31":4,"s:48:31:48:71":25,"f:48:40:48:46":5,"s:48:46:48:70":26,"s:49:6:49:Infinity":27,"s:55:2:62:Infinity":28,"f:55:12:55:18":6,"s:56:31:59:Infinity":29,"f:56:31:56:32":7,"b:57:6:57:Infinity:undefined:undefined:undefined:undefined":1,"s:57:6:57:Infinity":30,"b:57:10:57:30:57:30:57:76":2,"s:57:76:57:Infinity":31,"b:58:6:58:Infinity:undefined:undefined:undefined:undefined":3,"s:58:6:58:Infinity":32,"b:58:10:58:29:58:29:58:74":4,"s:58:74:58:Infinity":33,"s:60:4:60:Infinity":34,"s:61:4:61:Infinity":35,"f:61:11:61:17":8,"s:61:17:61:Infinity":36,"s:64:2:469:Infinity":37,"b:68:9:68:Infinity:69:10:74:Infinity":5,"f:84:22:84:23":9,"s:84:29:84:Infinity":38,"f:85:23:85:24":10,"b:86:14:89:Infinity:undefined:undefined:undefined:undefined":6,"s:86:14:89:Infinity":39,"b:86:18:86:39:86:39:86:59":7,"s:87:16:87:Infinity":40,"s:88:16:88:Infinity":41,"b:99:50:99:59:99:59:99:66":8,"b:102:33:102:47:102:47:102:Infinity":9,"f:108:21:108:27":11,"s:108:29:108:60":42,"f:108:50:108:55":12,"s:108:55:108:57":43,"s:108:60:108:80":44,"b:110:58:110:87:110:87:110:89":10,"b:113:13:113:Infinity:114:14:116:Infinity":11,"b:115:35:115:42:115:42:115:Infinity":12,"b:120:11:120:Infinity:121:12:147:Infinity":13,"b:124:17:124:Infinity:125:18:125:Infinity":14,"b:130:18:133:Infinity:135:18:144:Infinity":15,"f:135:36:135:Infinity":13,"s:136:20:143:Infinity":45,"b:137:23:137:35:137:35:137:Infinity":16,"b:140:63:140:95:140:95:140:120":17,"f:153:21:153:27":14,"s:153:29:153:51":46,"f:153:41:153:46":15,"s:153:46:153:48":47,"s:153:51:153:80":48,"b:159:11:159:Infinity:160:12:185:Infinity":18,"f:167:89:167:95":16,"s:167:95:167:112":49,"f:168:98:168:104":17,"s:168:104:168:124":50,"f:169:101:169:107":18,"s:169:107:169:128":51,"f:170:95:170:101":19,"s:170:101:170:123":52,"f:171:22:171:Infinity":20,"s:172:18:182:Infinity":53,"f:174:29:174:35":21,"s:174:37:174:57":54,"s:174:57:174:73":55,"b:193:63:193:84:193:84:193:91":19,"b:194:71:194:91:194:91:194:98":20,"b:203:7:203:Infinity:204:8:298:Infinity":21,"f:205:82:205:88":22,"s:205:88:205:110":56,"f:217:31:217:37":23,"s:217:37:217:59":57,"f:260:20:260:21":24,"s:261:16:279:Infinity":58,"f:272:39:272:40":25,"s:273:22:276:Infinity":59,"f:285:25:285:31":26,"s:285:31:285:Infinity":60,"f:291:25:291:31":27,"s:291:31:291:Infinity":61,"b:302:7:302:Infinity:303:8:341:Infinity":22,"f:304:82:304:88":28,"s:304:88:304:107":62,"f:316:31:316:37":29,"s:316:37:316:56":63,"f:328:20:328:21":30,"s:329:16:332:Infinity":64,"f:336:31:336:37":31,"s:336:37:336:56":65,"b:345:7:345:Infinity:346:8:399:Infinity":23,"f:347:82:347:88":32,"s:347:88:347:111":66,"f:359:31:359:37":33,"s:359:37:359:60":67,"f:394:31:394:37":34,"s:394:37:394:60":68,"b:403:7:403:Infinity:404:8:467:Infinity":24,"f:405:82:405:88":35,"s:405:88:405:112":69,"f:417:31:417:37":36,"s:417:37:417:61":70,"f:459:31:459:37":37,"s:459:37:459:61":71,"f:462:31:462:37":38,"s:462:37:462:61":72},"fnNames":{}}}
,"D:\\OneDrive\\Desktop\\react-nutritrack\\src\\components\\layout\\ProtectedRoute.tsx": {"path":"D:\\OneDrive\\Desktop\\react-nutritrack\\src\\components\\layout\\ProtectedRoute.tsx","statementMap":{"0":{"start":{"line":11,"column":37},"end":{"line":11,"column":null}},"1":{"start":{"line":12,"column":8},"end":{"line":12,"column":null}},"2":{"start":{"line":14,"column":2},"end":{"line":23,"column":null}},"3":{"start":{"line":15,"column":4},"end":{"line":21,"column":null}},"4":{"start":{"line":25,"column":2},"end":{"line":27,"column":null}},"5":{"start":{"line":26,"column":4},"end":{"line":26,"column":null}},"6":{"start":{"line":29,"column":21},"end":{"line":29,"column":null}},"7":{"start":{"line":30,"column":33},"end":{"line":30,"column":null}},"8":{"start":{"line":32,"column":2},"end":{"line":34,"column":null}},"9":{"start":{"line":33,"column":4},"end":{"line":33,"column":null}},"10":{"start":{"line":36,"column":2},"end":{"line":38,"column":null}},"11":{"start":{"line":37,"column":4},"end":{"line":37,"column":null}},"12":{"start":{"line":40,"column":2},"end":{"line":40,"column":null}}},"fnMap":{"0":{"name":"ProtectedRoute","decl":{"start":{"line":10,"column":16},"end":{"line":10,"column":31}},"loc":{"start":{"line":10,"column":106},"end":{"line":41,"column":null}},"line":10}},"branchMap":{"0":{"loc":{"start":{"line":10,"column":33},"end":{"line":10,"column":56}},"type":"default-arg","locations":[{"start":{"line":10,"column":46},"end":{"line":10,"column":56}}],"line":10},"1":{"loc":{"start":{"line":10,"column":56},"end":{"line":10,"column":82}},"type":"default-arg","locations":[{"start":{"line":10,"column":76},"end":{"line":10,"column":82}}],"line":10},"2":{"loc":{"start":{"line":14,"column":2},"end":{"line":23,"column":null}},"type":"if","locations":[{"start":{"line":14,"column":2},"end":{"line":23,"column":null}},{"start":{},"end":{}}],"line":14},"3":{"loc":{"start":{"line":25,"column":2},"end":{"line":27,"column":null}},"type":"if","locations":[{"start":{"line":25,"column":2},"end":{"line":27,"column":null}},{"start":{},"end":{}}],"line":25},"4":{"loc":{"start":{"line":30,"column":33},"end":{"line":30,"column":null}},"type":"binary-expr","locations":[{"start":{"line":30,"column":33},"end":{"line":30,"column":92}},{"start":{"line":30,"column":92},"end":{"line":30,"column":null}}],"line":30},"5":{"loc":{"start":{"line":32,"column":2},"end":{"line":34,"column":null}},"type":"if","locations":[{"start":{"line":32,"column":2},"end":{"line":34,"column":null}},{"start":{},"end":{}}],"line":32},"6":{"loc":{"start":{"line":32,"column":6},"end":{"line":32,"column":51}},"type":"binary-expr","locations":[{"start":{"line":32,"column":6},"end":{"line":32,"column":27}},{"start":{"line":32,"column":27},"end":{"line":32,"column":51}}],"line":32},"7":{"loc":{"start":{"line":36,"column":2},"end":{"line":38,"column":null}},"type":"if","locations":[{"start":{"line":36,"column":2},"end":{"line":38,"column":null}},{"start":{},"end":{}}],"line":36},"8":{"loc":{"start":{"line":36,"column":6},"end":{"line":36,"column":53}},"type":"binary-expr","locations":[{"start":{"line":36,"column":6},"end":{"line":36,"column":28}},{"start":{"line":36,"column":28},"end":{"line":36,"column":53}}],"line":36}},"s":{"0":4,"1":4,"2":4,"3":1,"4":3,"5":1,"6":2,"7":2,"8":4,"9":0,"10":2,"11":1,"12":1},"f":{"0":4},"b":{"0":[4],"1":[4],"2":[1,3],"3":[1,2],"4":[2,1],"5":[0,4],"6":[4,0],"7":[1,1],"8":[2,2]},"meta":{"lastBranch":9,"lastFunction":1,"lastStatement":13,"seen":{"f:10:16:10:31":0,"b:10:46:10:56":0,"b:10:76:10:82":1,"s:11:37:11:Infinity":0,"s:12:8:12:Infinity":1,"b:14:2:23:Infinity:undefined:undefined:undefined:undefined":2,"s:14:2:23:Infinity":2,"s:15:4:21:Infinity":3,"b:25:2:27:Infinity:undefined:undefined:undefined:undefined":3,"s:25:2:27:Infinity":4,"s:26:4:26:Infinity":5,"s:29:21:29:Infinity":6,"s:30:33:30:Infinity":7,"b:30:33:30:92:30:92:30:Infinity":4,"b:32:2:34:Infinity:undefined:undefined:undefined:undefined":5,"s:32:2:34:Infinity":8,"b:32:6:32:27:32:27:32:51":6,"s:33:4:33:Infinity":9,"b:36:2:38:Infinity:undefined:undefined:undefined:undefined":7,"s:36:2:38:Infinity":10,"b:36:6:36:28:36:28:36:53":8,"s:37:4:37:Infinity":11,"s:40:2:40:Infinity":12},"fnNames":{}}}
,"D:\\OneDrive\\Desktop\\react-nutritrack\\src\\components\\layout\\Sidebar.tsx": {"path":"D:\\OneDrive\\Desktop\\react-nutritrack\\src\\components\\layout\\Sidebar.tsx","statementMap":{"0":{"start":{"line":13,"column":8},"end":{"line":13,"column":null}},"1":{"start":{"line":14,"column":23},"end":{"line":17,"column":null}},"2":{"start":{"line":15,"column":4},"end":{"line":15,"column":null}},"3":{"start":{"line":16,"column":4},"end":{"line":16,"column":null}},"4":{"start":{"line":18,"column":2},"end":{"line":61,"column":null}},"5":{"start":{"line":28,"column":12},"end":{"line":45,"column":null}},"6":{"start":{"line":33,"column":39},"end":{"line":39,"column":null}}},"fnMap":{"0":{"name":"Sidebar","decl":{"start":{"line":12,"column":16},"end":{"line":12,"column":24}},"loc":{"start":{"line":12,"column":87},"end":{"line":63,"column":null}},"line":12},"1":{"name":"(anonymous_1)","decl":{"start":{"line":14,"column":23},"end":{"line":14,"column":29}},"loc":{"start":{"line":14,"column":29},"end":{"line":17,"column":null}},"line":14},"2":{"name":"(anonymous_2)","decl":{"start":{"line":27,"column":21},"end":{"line":27,"column":22}},"loc":{"start":{"line":28,"column":12},"end":{"line":45,"column":null}},"line":28},"3":{"name":"(anonymous_3)","decl":{"start":{"line":33,"column":27},"end":{"line":33,"column":28}},"loc":{"start":{"line":33,"column":39},"end":{"line":39,"column":null}},"line":33}},"branchMap":{"0":{"loc":{"start":{"line":12,"column":26},"end":{"line":12,"column":51}},"type":"default-arg","locations":[{"start":{"line":12,"column":34},"end":{"line":12,"column":51}}],"line":12},"1":{"loc":{"start":{"line":36,"column":20},"end":{"line":38,"column":null}},"type":"cond-expr","locations":[{"start":{"line":37,"column":24},"end":{"line":37,"column":null}},{"start":{"line":38,"column":24},"end":{"line":38,"column":null}}],"line":36},"2":{"loc":{"start":{"line":50,"column":7},"end":{"line":59,"column":null}},"type":"binary-expr","locations":[{"start":{"line":50,"column":7},"end":{"line":50,"column":null}},{"start":{"line":51,"column":8},"end":{"line":59,"column":null}}],"line":50}},"s":{"0":0,"1":0,"2":0,"3":0,"4":0,"5":0,"6":0},"f":{"0":0,"1":0,"2":0,"3":0},"b":{"0":[0],"1":[0,0],"2":[0,0]},"meta":{"lastBranch":3,"lastFunction":4,"lastStatement":7,"seen":{"f:12:16:12:24":0,"b:12:34:12:51":0,"s:13:8:13:Infinity":0,"s:14:23:17:Infinity":1,"f:14:23:14:29":1,"s:15:4:15:Infinity":2,"s:16:4:16:Infinity":3,"s:18:2:61:Infinity":4,"f:27:21:27:22":2,"s:28:12:45:Infinity":5,"f:33:27:33:28":3,"s:33:39:39:Infinity":6,"b:37:24:37:Infinity:38:24:38:Infinity":1,"b:50:7:50:Infinity:51:8:59:Infinity":2},"fnNames":{}}}
,"D:\\OneDrive\\Desktop\\react-nutritrack\\src\\components\\shared\\EmptyState.tsx": {"path":"D:\\OneDrive\\Desktop\\react-nutritrack\\src\\components\\shared\\EmptyState.tsx","statementMap":{"0":{"start":{"line":13,"column":2},"end":{"line":19,"column":null}}},"fnMap":{"0":{"name":"EmptyState","decl":{"start":{"line":12,"column":16},"end":{"line":12,"column":27}},"loc":{"start":{"line":12,"column":103},"end":{"line":21,"column":null}},"line":12}},"branchMap":{"0":{"loc":{"start":{"line":12,"column":29},"end":{"line":12,"column":45}},"type":"default-arg","locations":[{"start":{"line":12,"column":36},"end":{"line":12,"column":45}}],"line":12},"1":{"loc":{"start":{"line":17,"column":7},"end":{"line":17,"column":null}},"type":"binary-expr","locations":[{"start":{"line":17,"column":7},"end":{"line":17,"column":22}},{"start":{"line":17,"column":22},"end":{"line":17,"column":null}}],"line":17}},"s":{"0":1},"f":{"0":1},"b":{"0":[1],"1":[1,1]},"meta":{"lastBranch":2,"lastFunction":1,"lastStatement":1,"seen":{"f:12:16:12:27":0,"b:12:36:12:45":0,"s:13:2:19:Infinity":0,"b:17:7:17:22:17:22:17:Infinity":1},"fnNames":{}}}
,"D:\\OneDrive\\Desktop\\react-nutritrack\\src\\components\\shared\\ErrorBoundary.tsx": {"path":"D:\\OneDrive\\Desktop\\react-nutritrack\\src\\components\\shared\\ErrorBoundary.tsx","statementMap":{"0":{"start":{"line":15,"column":4},"end":{"line":15,"column":null}},"1":{"start":{"line":16,"column":4},"end":{"line":16,"column":null}},"2":{"start":{"line":20,"column":4},"end":{"line":20,"column":null}},"3":{"start":{"line":24,"column":4},"end":{"line":24,"column":null}},"4":{"start":{"line":28,"column":4},"end":{"line":42,"column":null}},"5":{"start":{"line":29,"column":6},"end":{"line":40,"column":null}},"6":{"start":{"line":35,"column":27},"end":{"line":35,"column":null}},"7":{"start":{"line":43,"column":4},"end":{"line":43,"column":null}}},"fnMap":{"0":{"name":"constructor","decl":{"start":{"line":14,"column":2},"end":{"line":14,"column":14}},"loc":{"start":{"line":14,"column":41},"end":{"line":17,"column":null}},"line":14},"1":{"name":"getDerivedStateFromError","decl":{"start":{"line":19,"column":9},"end":{"line":19,"column":34}},"loc":{"start":{"line":19,"column":68},"end":{"line":21,"column":null}},"line":19},"2":{"name":"componentDidCatch","decl":{"start":{"line":23,"column":2},"end":{"line":23,"column":20}},"loc":{"start":{"line":23,"column":57},"end":{"line":25,"column":null}},"line":23},"3":{"name":"render","decl":{"start":{"line":27,"column":2},"end":{"line":27,"column":11}},"loc":{"start":{"line":27,"column":11},"end":{"line":44,"column":null}},"line":27},"4":{"name":"(anonymous_4)","decl":{"start":{"line":35,"column":21},"end":{"line":35,"column":27}},"loc":{"start":{"line":35,"column":27},"end":{"line":35,"column":null}},"line":35}},"branchMap":{"0":{"loc":{"start":{"line":28,"column":4},"end":{"line":42,"column":null}},"type":"if","locations":[{"start":{"line":28,"column":4},"end":{"line":42,"column":null}},{"start":{},"end":{}}],"line":28},"1":{"loc":{"start":{"line":29,"column":13},"end":{"line":40,"column":null}},"type":"binary-expr","locations":[{"start":{"line":29,"column":13},"end":{"line":29,"column":null}},{"start":{"line":30,"column":8},"end":{"line":40,"column":null}}],"line":29},"2":{"loc":{"start":{"line":33,"column":63},"end":{"line":33,"column":124}},"type":"binary-expr","locations":[{"start":{"line":33,"column":63},"end":{"line":33,"column":92}},{"start":{"line":33,"column":92},"end":{"line":33,"column":124}}],"line":33}},"s":{"0":17,"1":17,"2":12,"3":6,"4":27,"5":12,"6":0,"7":15},"f":{"0":17,"1":2,"2":6,"3":27,"4":0},"b":{"0":[12,15],"1":[12,8],"2":[8,0]},"meta":{"lastBranch":3,"lastFunction":5,"lastStatement":8,"seen":{"f:14:2:14:14":0,"s:15:4:15:Infinity":0,"s:16:4:16:Infinity":1,"f:19:9:19:34":1,"s:20:4:20:Infinity":2,"f:23:2:23:20":2,"s:24:4:24:Infinity":3,"f:27:2:27:11":3,"b:28:4:42:Infinity:undefined:undefined:undefined:undefined":0,"s:28:4:42:Infinity":4,"s:29:6:40:Infinity":5,"b:29:13:29:Infinity:30:8:40:Infinity":1,"b:33:63:33:92:33:92:33:124":2,"f:35:21:35:27":4,"s:35:27:35:Infinity":6,"s:43:4:43:Infinity":7},"fnNames":{}}}
,"D:\\OneDrive\\Desktop\\react-nutritrack\\src\\components\\shared\\LoadingSpinner.tsx": {"path":"D:\\OneDrive\\Desktop\\react-nutritrack\\src\\components\\shared\\LoadingSpinner.tsx","statementMap":{"0":{"start":{"line":9,"column":16},"end":{"line":9,"column":null}},"1":{"start":{"line":12,"column":2},"end":{"line":19,"column":null}}},"fnMap":{"0":{"name":"LoadingSpinner","decl":{"start":{"line":11,"column":16},"end":{"line":11,"column":31}},"loc":{"start":{"line":11,"column":86},"end":{"line":21,"column":null}},"line":11}},"branchMap":{"0":{"loc":{"start":{"line":11,"column":33},"end":{"line":11,"column":46}},"type":"default-arg","locations":[{"start":{"line":11,"column":40},"end":{"line":11,"column":46}}],"line":11},"1":{"loc":{"start":{"line":18,"column":7},"end":{"line":18,"column":null}},"type":"binary-expr","locations":[{"start":{"line":18,"column":7},"end":{"line":18,"column":15}},{"start":{"line":18,"column":15},"end":{"line":18,"column":null}}],"line":18}},"s":{"0":7,"1":94},"f":{"0":94},"b":{"0":[94],"1":[94,66]},"meta":{"lastBranch":2,"lastFunction":1,"lastStatement":2,"seen":{"s:9:16:9:Infinity":0,"f:11:16:11:31":0,"b:11:40:11:46":0,"s:12:2:19:Infinity":1,"b:18:7:18:15:18:15:18:Infinity":1},"fnNames":{}}}
,"D:\\OneDrive\\Desktop\\react-nutritrack\\src\\components\\shared\\Modal.tsx": {"path":"D:\\OneDrive\\Desktop\\react-nutritrack\\src\\components\\shared\\Modal.tsx","statementMap":{"0":{"start":{"line":13,"column":2},"end":{"line":17,"column":null}},"1":{"start":{"line":14,"column":4},"end":{"line":15,"column":null}},"2":{"start":{"line":14,"column":14},"end":{"line":14,"column":null}},"3":{"start":{"line":15,"column":9},"end":{"line":15,"column":null}},"4":{"start":{"line":16,"column":4},"end":{"line":16,"column":null}},"5":{"start":{"line":16,"column":19},"end":{"line":16,"column":54}},"6":{"start":{"line":19,"column":2},"end":{"line":23,"column":null}},"7":{"start":{"line":20,"column":20},"end":{"line":20,"column":null}},"8":{"start":{"line":20,"column":44},"end":{"line":20,"column":79}},"9":{"start":{"line":20,"column":68},"end":{"line":20,"column":79}},"10":{"start":{"line":21,"column":4},"end":{"line":21,"column":null}},"11":{"start":{"line":21,"column":14},"end":{"line":21,"column":null}},"12":{"start":{"line":22,"column":4},"end":{"line":22,"column":null}},"13":{"start":{"line":22,"column":17},"end":{"line":22,"column":null}},"14":{"start":{"line":25,"column":2},"end":{"line":25,"column":null}},"15":{"start":{"line":25,"column":13},"end":{"line":25,"column":null}},"16":{"start":{"line":27,"column":2},"end":{"line":41,"column":null}}},"fnMap":{"0":{"name":"Modal","decl":{"start":{"line":12,"column":16},"end":{"line":12,"column":22}},"loc":{"start":{"line":12,"column":81},"end":{"line":43,"column":null}},"line":12},"1":{"name":"(anonymous_1)","decl":{"start":{"line":13,"column":12},"end":{"line":13,"column":18}},"loc":{"start":{"line":13,"column":18},"end":{"line":17,"column":5}},"line":13},"2":{"name":"(anonymous_2)","decl":{"start":{"line":16,"column":11},"end":{"line":16,"column":17}},"loc":{"start":{"line":16,"column":17},"end":{"line":16,"column":null}},"line":16},"3":{"name":"(anonymous_3)","decl":{"start":{"line":19,"column":12},"end":{"line":19,"column":18}},"loc":{"start":{"line":19,"column":18},"end":{"line":23,"column":5}},"line":19},"4":{"name":"(anonymous_4)","decl":{"start":{"line":20,"column":20},"end":{"line":20,"column":21}},"loc":{"start":{"line":20,"column":42},"end":{"line":20,"column":null}},"line":20},"5":{"name":"(anonymous_5)","decl":{"start":{"line":22,"column":11},"end":{"line":22,"column":17}},"loc":{"start":{"line":22,"column":17},"end":{"line":22,"column":null}},"line":22}},"branchMap":{"0":{"loc":{"start":{"line":14,"column":4},"end":{"line":15,"column":null}},"type":"if","locations":[{"start":{"line":14,"column":4},"end":{"line":15,"column":null}},{"start":{"line":15,"column":9},"end":{"line":15,"column":null}}],"line":14},"1":{"loc":{"start":{"line":20,"column":44},"end":{"line":20,"column":79}},"type":"if","locations":[{"start":{"line":20,"column":44},"end":{"line":20,"column":79}},{"start":{},"end":{}}],"line":20},"2":{"loc":{"start":{"line":21,"column":4},"end":{"line":21,"column":null}},"type":"if","locations":[{"start":{"line":21,"column":4},"end":{"line":21,"column":null}},{"start":{},"end":{}}],"line":21},"3":{"loc":{"start":{"line":25,"column":2},"end":{"line":25,"column":null}},"type":"if","locations":[{"start":{"line":25,"column":2},"end":{"line":25,"column":null}},{"start":{},"end":{}}],"line":25},"4":{"loc":{"start":{"line":31,"column":9},"end":{"line":37,"column":null}},"type":"binary-expr","locations":[{"start":{"line":31,"column":9},"end":{"line":31,"column":null}},{"start":{"line":32,"column":10},"end":{"line":37,"column":null}}],"line":31}},"s":{"0":137,"1":111,"2":23,"3":88,"4":111,"5":111,"6":137,"7":114,"8":1,"9":1,"10":114,"11":26,"12":114,"13":114,"14":137,"15":88,"16":49},"f":{"0":137,"1":111,"2":111,"3":114,"4":1,"5":114},"b":{"0":[23,88],"1":[1,0],"2":[26,88],"3":[88,49],"4":[49,46]},"meta":{"lastBranch":5,"lastFunction":6,"lastStatement":17,"seen":{"f:12:16:12:22":0,"s:13:2:17:Infinity":0,"f:13:12:13:18":1,"b:14:4:15:Infinity:15:9:15:Infinity":0,"s:14:4:15:Infinity":1,"s:14:14:14:Infinity":2,"s:15:9:15:Infinity":3,"s:16:4:16:Infinity":4,"f:16:11:16:17":2,"s:16:19:16:54":5,"s:19:2:23:Infinity":6,"f:19:12:19:18":3,"s:20:20:20:Infinity":7,"f:20:20:20:21":4,"b:20:44:20:79:undefined:undefined:undefined:undefined":1,"s:20:44:20:79":8,"s:20:68:20:79":9,"b:21:4:21:Infinity:undefined:undefined:undefined:undefined":2,"s:21:4:21:Infinity":10,"s:21:14:21:Infinity":11,"s:22:4:22:Infinity":12,"f:22:11:22:17":5,"s:22:17:22:Infinity":13,"b:25:2:25:Infinity:undefined:undefined:undefined:undefined":3,"s:25:2:25:Infinity":14,"s:25:13:25:Infinity":15,"s:27:2:41:Infinity":16,"b:31:9:31:Infinity:32:10:37:Infinity":4},"fnNames":{}}}
,"D:\\OneDrive\\Desktop\\react-nutritrack\\src\\components\\ui\\Badge.tsx": {"path":"D:\\OneDrive\\Desktop\\react-nutritrack\\src\\components\\ui\\Badge.tsx","statementMap":{"0":{"start":{"line":13,"column":52},"end":{"line":19,"column":null}},"1":{"start":{"line":21,"column":19},"end":{"line":24,"column":null}},"2":{"start":{"line":27,"column":2},"end":{"line":37,"column":null}}},"fnMap":{"0":{"name":"Badge","decl":{"start":{"line":26,"column":16},"end":{"line":26,"column":22}},"loc":{"start":{"line":26,"column":93},"end":{"line":39,"column":null}},"line":26}},"branchMap":{"0":{"loc":{"start":{"line":26,"column":34},"end":{"line":26,"column":55}},"type":"default-arg","locations":[{"start":{"line":26,"column":44},"end":{"line":26,"column":55}}],"line":26},"1":{"loc":{"start":{"line":26,"column":66},"end":{"line":26,"column":78}},"type":"default-arg","locations":[{"start":{"line":26,"column":73},"end":{"line":26,"column":78}}],"line":26}},"s":{"0":1,"1":1,"2":2},"f":{"0":2},"b":{"0":[2],"1":[2]},"meta":{"lastBranch":2,"lastFunction":1,"lastStatement":3,"seen":{"s:13:52:19:Infinity":0,"s:21:19:24:Infinity":1,"f:26:16:26:22":0,"b:26:44:26:55":0,"b:26:73:26:78":1,"s:27:2:37:Infinity":2},"fnNames":{}}}
,"D:\\OneDrive\\Desktop\\react-nutritrack\\src\\components\\ui\\Button.tsx": {"path":"D:\\OneDrive\\Desktop\\react-nutritrack\\src\\components\\ui\\Button.tsx","statementMap":{"0":{"start":{"line":14,"column":53},"end":{"line":25,"column":null}},"1":{"start":{"line":27,"column":47},"end":{"line":31,"column":null}},"2":{"start":{"line":33,"column":13},"end":{"line":59,"column":null}},"3":{"start":{"line":35,"column":4},"end":{"line":56,"column":null}},"4":{"start":{"line":61,"column":0},"end":{"line":61,"column":null}}},"fnMap":{"0":{"name":"(anonymous_0)","decl":{"start":{"line":34,"column":2},"end":{"line":34,"column":3}},"loc":{"start":{"line":34,"column":110},"end":{"line":58,"column":null}},"line":34}},"branchMap":{"0":{"loc":{"start":{"line":34,"column":16},"end":{"line":34,"column":37}},"type":"default-arg","locations":[{"start":{"line":34,"column":26},"end":{"line":34,"column":37}}],"line":34},"1":{"loc":{"start":{"line":34,"column":37},"end":{"line":34,"column":50}},"type":"default-arg","locations":[{"start":{"line":34,"column":44},"end":{"line":34,"column":50}}],"line":34},"2":{"loc":{"start":{"line":38,"column":18},"end":{"line":38,"column":null}},"type":"binary-expr","locations":[{"start":{"line":38,"column":18},"end":{"line":38,"column":30}},{"start":{"line":38,"column":30},"end":{"line":38,"column":null}}],"line":38},"3":{"loc":{"start":{"line":43,"column":10},"end":{"line":43,"column":null}},"type":"binary-expr","locations":[{"start":{"line":43,"column":10},"end":{"line":43,"column":23}},{"start":{"line":43,"column":23},"end":{"line":43,"column":null}}],"line":43},"4":{"loc":{"start":{"line":44,"column":10},"end":{"line":44,"column":null}},"type":"binary-expr","locations":[{"start":{"line":44,"column":10},"end":{"line":44,"column":21}},{"start":{"line":44,"column":21},"end":{"line":44,"column":null}}],"line":44},"5":{"loc":{"start":{"line":49,"column":9},"end":{"line":53,"column":null}},"type":"binary-expr","locations":[{"start":{"line":49,"column":9},"end":{"line":49,"column":null}},{"start":{"line":50,"column":10},"end":{"line":53,"column":null}}],"line":49}},"s":{"0":7,"1":7,"2":7,"3":356,"4":7},"f":{"0":356},"b":{"0":[356],"1":[356],"2":[356,328],"3":[356,119],"4":[356,5],"5":[356,5]},"meta":{"lastBranch":6,"lastFunction":1,"lastStatement":5,"seen":{"s:14:53:25:Infinity":0,"s:27:47:31:Infinity":1,"s:33:13:59:Infinity":2,"f:34:2:34:3":0,"b:34:26:34:37":0,"b:34:44:34:50":1,"s:35:4:56:Infinity":3,"b:38:18:38:30:38:30:38:Infinity":2,"b:43:10:43:23:43:23:43:Infinity":3,"b:44:10:44:21:44:21:44:Infinity":4,"b:49:9:49:Infinity:50:10:53:Infinity":5,"s:61:0:61:Infinity":4},"fnNames":{}}}
,"D:\\OneDrive\\Desktop\\react-nutritrack\\src\\components\\ui\\Card.tsx": {"path":"D:\\OneDrive\\Desktop\\react-nutritrack\\src\\components\\ui\\Card.tsx","statementMap":{"0":{"start":{"line":11,"column":22},"end":{"line":16,"column":null}},"1":{"start":{"line":19,"column":2},"end":{"line":29,"column":null}}},"fnMap":{"0":{"name":"Card","decl":{"start":{"line":18,"column":16},"end":{"line":18,"column":21}},"loc":{"start":{"line":18,"column":86},"end":{"line":31,"column":null}},"line":18}},"branchMap":{"0":{"loc":{"start":{"line":18,"column":44},"end":{"line":18,"column":60}},"type":"default-arg","locations":[{"start":{"line":18,"column":54},"end":{"line":18,"column":60}}],"line":18},"1":{"loc":{"start":{"line":23,"column":8},"end":{"line":23,"column":null}},"type":"binary-expr","locations":[{"start":{"line":23,"column":8},"end":{"line":23,"column":23}},{"start":{"line":23,"column":23},"end":{"line":23,"column":null}}],"line":23}},"s":{"0":2,"1":4},"f":{"0":4},"b":{"0":[4],"1":[4,0]},"meta":{"lastBranch":2,"lastFunction":1,"lastStatement":2,"seen":{"s:11:22:16:Infinity":0,"f:18:16:18:21":0,"b:18:54:18:60":0,"s:19:2:29:Infinity":1,"b:23:8:23:23:23:23:23:Infinity":1},"fnNames":{}}}
,"D:\\OneDrive\\Desktop\\react-nutritrack\\src\\components\\ui\\Input.tsx": {"path":"D:\\OneDrive\\Desktop\\react-nutritrack\\src\\components\\ui\\Input.tsx","statementMap":{"0":{"start":{"line":12,"column":13},"end":{"line":50,"column":null}},"1":{"start":{"line":14,"column":20},"end":{"line":14,"column":null}},"2":{"start":{"line":16,"column":4},"end":{"line":47,"column":null}},"3":{"start":{"line":52,"column":0},"end":{"line":52,"column":null}}},"fnMap":{"0":{"name":"(anonymous_0)","decl":{"start":{"line":13,"column":2},"end":{"line":13,"column":3}},"loc":{"start":{"line":13,"column":82},"end":{"line":49,"column":null}},"line":13}},"branchMap":{"0":{"loc":{"start":{"line":14,"column":20},"end":{"line":14,"column":null}},"type":"binary-expr","locations":[{"start":{"line":14,"column":20},"end":{"line":14,"column":26}},{"start":{"line":14,"column":26},"end":{"line":14,"column":null}}],"line":14},"1":{"loc":{"start":{"line":18,"column":9},"end":{"line":21,"column":null}},"type":"binary-expr","locations":[{"start":{"line":18,"column":9},"end":{"line":18,"column":null}},{"start":{"line":19,"column":10},"end":{"line":21,"column":null}}],"line":18},"2":{"loc":{"start":{"line":29,"column":14},"end":{"line":29,"column":null}},"type":"cond-expr","locations":[{"start":{"line":29,"column":22},"end":{"line":29,"column":39}},{"start":{"line":29,"column":39},"end":{"line":29,"column":null}}],"line":29},"3":{"loc":{"start":{"line":30,"column":14},"end":{"line":30,"column":null}},"type":"binary-expr","locations":[{"start":{"line":30,"column":14},"end":{"line":30,"column":24}},{"start":{"line":30,"column":24},"end":{"line":30,"column":null}}],"line":30},"4":{"loc":{"start":{"line":35,"column":11},"end":{"line":43,"column":null}},"type":"cond-expr","locations":[{"start":{"line":36,"column":12},"end":{"line":38,"column":null}},{"start":{"line":39,"column":14},"end":{"line":43,"column":null}}],"line":35},"5":{"loc":{"start":{"line":39,"column":14},"end":{"line":43,"column":null}},"type":"cond-expr","locations":[{"start":{"line":40,"column":12},"end":{"line":42,"column":null}},{"start":{"line":43,"column":14},"end":{"line":43,"column":null}}],"line":39},"6":{"loc":{"start":{"line":45,"column":9},"end":{"line":45,"column":null}},"type":"binary-expr","locations":[{"start":{"line":45,"column":9},"end":{"line":45,"column":18}},{"start":{"line":45,"column":18},"end":{"line":45,"column":null}}],"line":45},"7":{"loc":{"start":{"line":46,"column":9},"end":{"line":46,"column":null}},"type":"binary-expr","locations":[{"start":{"line":46,"column":9},"end":{"line":46,"column":17}},{"start":{"line":46,"column":17},"end":{"line":46,"column":27}},{"start":{"line":46,"column":27},"end":{"line":46,"column":null}}],"line":46}},"s":{"0":4,"1":329,"2":329,"3":4},"f":{"0":329},"b":{"0":[329,329],"1":[329,311],"2":[11,318],"3":[329,47],"4":[51,278],"5":[47,231],"6":[329,11],"7":[329,0,0]},"meta":{"lastBranch":8,"lastFunction":1,"lastStatement":4,"seen":{"s:12:13:50:Infinity":0,"f:13:2:13:3":0,"s:14:20:14:Infinity":1,"b:14:20:14:26:14:26:14:Infinity":0,"s:16:4:47:Infinity":2,"b:18:9:18:Infinity:19:10:21:Infinity":1,"b:29:22:29:39:29:39:29:Infinity":2,"b:30:14:30:24:30:24:30:Infinity":3,"b:36:12:38:Infinity:39:14:43:Infinity":4,"b:40:12:42:Infinity:43:14:43:Infinity":5,"b:45:9:45:18:45:18:45:Infinity":6,"b:46:9:46:17:46:17:46:27:46:27:46:Infinity":7,"s:52:0:52:Infinity":3},"fnNames":{}}}
,"D:\\OneDrive\\Desktop\\react-nutritrack\\src\\components\\ui\\ProgressBar.tsx": {"path":"D:\\OneDrive\\Desktop\\react-nutritrack\\src\\components\\ui\\ProgressBar.tsx","statementMap":{"0":{"start":{"line":11,"column":18},"end":{"line":11,"column":null}},"1":{"start":{"line":13,"column":2},"end":{"line":24,"column":null}}},"fnMap":{"0":{"name":"ProgressBar","decl":{"start":{"line":10,"column":16},"end":{"line":10,"column":28}},"loc":{"start":{"line":10,"column":96},"end":{"line":26,"column":null}},"line":10}},"branchMap":{"0":{"loc":{"start":{"line":21,"column":7},"end":{"line":22,"column":null}},"type":"binary-expr","locations":[{"start":{"line":21,"column":7},"end":{"line":21,"column":null}},{"start":{"line":22,"column":8},"end":{"line":22,"column":null}}],"line":21}},"s":{"0":3,"1":3},"f":{"0":3},"b":{"0":[3,0]},"meta":{"lastBranch":1,"lastFunction":1,"lastStatement":2,"seen":{"f:10:16:10:28":0,"s:11:18:11:Infinity":0,"s:13:2:24:Infinity":1,"b:21:7:21:Infinity:22:8:22:Infinity":0},"fnNames":{}}}
,"D:\\OneDrive\\Desktop\\react-nutritrack\\src\\components\\ui\\ProgressRing.tsx": {"path":"D:\\OneDrive\\Desktop\\react-nutritrack\\src\\components\\ui\\ProgressRing.tsx","statementMap":{"0":{"start":{"line":22,"column":8},"end":{"line":22,"column":null}},"1":{"start":{"line":23,"column":24},"end":{"line":23,"column":null}},"2":{"start":{"line":24,"column":17},"end":{"line":24,"column":null}},"3":{"start":{"line":26,"column":2},"end":{"line":55,"column":null}}},"fnMap":{"0":{"name":"ProgressRing","decl":{"start":{"line":13,"column":16},"end":{"line":13,"column":29}},"loc":{"start":{"line":21,"column":22},"end":{"line":57,"column":null}},"line":21}},"branchMap":{"0":{"loc":{"start":{"line":15,"column":2},"end":{"line":15,"column":null}},"type":"default-arg","locations":[{"start":{"line":15,"column":9},"end":{"line":15,"column":null}}],"line":15},"1":{"loc":{"start":{"line":16,"column":2},"end":{"line":16,"column":null}},"type":"default-arg","locations":[{"start":{"line":16,"column":16},"end":{"line":16,"column":null}}],"line":16},"2":{"loc":{"start":{"line":17,"column":2},"end":{"line":17,"column":null}},"type":"default-arg","locations":[{"start":{"line":17,"column":15},"end":{"line":17,"column":null}}],"line":17},"3":{"loc":{"start":{"line":18,"column":2},"end":{"line":18,"column":null}},"type":"default-arg","locations":[{"start":{"line":18,"column":18},"end":{"line":18,"column":null}}],"line":18},"4":{"loc":{"start":{"line":50,"column":7},"end":{"line":53,"column":null}},"type":"binary-expr","locations":[{"start":{"line":50,"column":7},"end":{"line":50,"column":null}},{"start":{"line":51,"column":8},"end":{"line":53,"column":null}}],"line":50}},"s":{"0":5,"1":5,"2":5,"3":5},"f":{"0":5},"b":{"0":[5],"1":[5],"2":[5],"3":[5],"4":[5,1]},"meta":{"lastBranch":5,"lastFunction":1,"lastStatement":4,"seen":{"f:13:16:13:29":0,"b:15:9:15:Infinity":0,"b:16:16:16:Infinity":1,"b:17:15:17:Infinity":2,"b:18:18:18:Infinity":3,"s:22:8:22:Infinity":0,"s:23:24:23:Infinity":1,"s:24:17:24:Infinity":2,"s:26:2:55:Infinity":3,"b:50:7:50:Infinity:51:8:53:Infinity":4},"fnNames":{}}}
,"D:\\OneDrive\\Desktop\\react-nutritrack\\src\\components\\ui\\Select.tsx": {"path":"D:\\OneDrive\\Desktop\\react-nutritrack\\src\\components\\ui\\Select.tsx","statementMap":{"0":{"start":{"line":11,"column":13},"end":{"line":46,"column":null}},"1":{"start":{"line":13,"column":21},"end":{"line":13,"column":null}},"2":{"start":{"line":15,"column":4},"end":{"line":43,"column":null}},"3":{"start":{"line":35,"column":14},"end":{"line":35,"column":null}},"4":{"start":{"line":48,"column":0},"end":{"line":48,"column":null}}},"fnMap":{"0":{"name":"(anonymous_0)","decl":{"start":{"line":12,"column":2},"end":{"line":12,"column":3}},"loc":{"start":{"line":12,"column":76},"end":{"line":45,"column":null}},"line":12},"1":{"name":"(anonymous_1)","decl":{"start":{"line":34,"column":25},"end":{"line":34,"column":26}},"loc":{"start":{"line":35,"column":14},"end":{"line":35,"column":null}},"line":35}},"branchMap":{"0":{"loc":{"start":{"line":13,"column":21},"end":{"line":13,"column":null}},"type":"binary-expr","locations":[{"start":{"line":13,"column":21},"end":{"line":13,"column":27}},{"start":{"line":13,"column":27},"end":{"line":13,"column":null}}],"line":13},"1":{"loc":{"start":{"line":17,"column":9},"end":{"line":20,"column":null}},"type":"binary-expr","locations":[{"start":{"line":17,"column":9},"end":{"line":17,"column":null}},{"start":{"line":18,"column":10},"end":{"line":20,"column":null}}],"line":17},"2":{"loc":{"start":{"line":28,"column":14},"end":{"line":28,"column":null}},"type":"cond-expr","locations":[{"start":{"line":28,"column":22},"end":{"line":28,"column":39}},{"start":{"line":28,"column":39},"end":{"line":28,"column":null}}],"line":28},"3":{"loc":{"start":{"line":33,"column":13},"end":{"line":33,"column":null}},"type":"binary-expr","locations":[{"start":{"line":33,"column":13},"end":{"line":33,"column":28}},{"start":{"line":33,"column":28},"end":{"line":33,"column":null}}],"line":33},"4":{"loc":{"start":{"line":42,"column":9},"end":{"line":42,"column":null}},"type":"binary-expr","locations":[{"start":{"line":42,"column":9},"end":{"line":42,"column":18}},{"start":{"line":42,"column":18},"end":{"line":42,"column":null}}],"line":42}},"s":{"0":2,"1":113,"2":113,"3":481,"4":2},"f":{"0":113,"1":481},"b":{"0":[113,113],"1":[113,113],"2":[0,113],"3":[113,113],"4":[113,0]},"meta":{"lastBranch":5,"lastFunction":2,"lastStatement":5,"seen":{"s:11:13:46:Infinity":0,"f:12:2:12:3":0,"s:13:21:13:Infinity":1,"b:13:21:13:27:13:27:13:Infinity":0,"s:15:4:43:Infinity":2,"b:17:9:17:Infinity:18:10:20:Infinity":1,"b:28:22:28:39:28:39:28:Infinity":2,"b:33:13:33:28:33:28:33:Infinity":3,"f:34:25:34:26":1,"s:35:14:35:Infinity":3,"b:42:9:42:18:42:18:42:Infinity":4,"s:48:0:48:Infinity":4},"fnNames":{}}}
,"D:\\OneDrive\\Desktop\\react-nutritrack\\src\\components\\ui\\Toggle.tsx": {"path":"D:\\OneDrive\\Desktop\\react-nutritrack\\src\\components\\ui\\Toggle.tsx","statementMap":{"0":{"start":{"line":12,"column":2},"end":{"line":33,"column":null}},"1":{"start":{"line":19,"column":23},"end":{"line":19,"column":null}}},"fnMap":{"0":{"name":"Toggle","decl":{"start":{"line":11,"column":16},"end":{"line":11,"column":23}},"loc":{"start":{"line":11,"column":87},"end":{"line":35,"column":null}},"line":11},"1":{"name":"(anonymous_1)","decl":{"start":{"line":19,"column":17},"end":{"line":19,"column":23}},"loc":{"start":{"line":19,"column":23},"end":{"line":19,"column":null}},"line":19}},"branchMap":{"0":{"loc":{"start":{"line":13,"column":74},"end":{"line":13,"column":119}},"type":"binary-expr","locations":[{"start":{"line":13,"column":74},"end":{"line":13,"column":86}},{"start":{"line":13,"column":86},"end":{"line":13,"column":119}}],"line":13},"1":{"loc":{"start":{"line":22,"column":10},"end":{"line":22,"column":null}},"type":"cond-expr","locations":[{"start":{"line":22,"column":20},"end":{"line":22,"column":35}},{"start":{"line":22,"column":35},"end":{"line":22,"column":null}}],"line":22},"2":{"loc":{"start":{"line":28,"column":12},"end":{"line":28,"column":null}},"type":"cond-expr","locations":[{"start":{"line":28,"column":22},"end":{"line":28,"column":40}},{"start":{"line":28,"column":40},"end":{"line":28,"column":null}}],"line":28},"3":{"loc":{"start":{"line":32,"column":7},"end":{"line":32,"column":null}},"type":"binary-expr","locations":[{"start":{"line":32,"column":7},"end":{"line":32,"column":16}},{"start":{"line":32,"column":16},"end":{"line":32,"column":null}}],"line":32}},"s":{"0":7,"1":2},"f":{"0":7,"1":2},"b":{"0":[7,2],"1":[2,5],"2":[2,5],"3":[7,1]},"meta":{"lastBranch":4,"lastFunction":2,"lastStatement":2,"seen":{"f:11:16:11:23":0,"s:12:2:33:Infinity":0,"b:13:74:13:86:13:86:13:119":0,"f:19:17:19:23":1,"s:19:23:19:Infinity":1,"b:22:20:22:35:22:35:22:Infinity":1,"b:28:22:28:40:28:40:28:Infinity":2,"b:32:7:32:16:32:16:32:Infinity":3},"fnNames":{}}}
,"D:\\OneDrive\\Desktop\\react-nutritrack\\src\\config\\navigation.ts": {"path":"D:\\OneDrive\\Desktop\\react-nutritrack\\src\\config\\navigation.ts","statementMap":{"0":{"start":{"line":7,"column":42},"end":{"line":16,"column":null}}},"fnMap":{},"branchMap":{},"s":{"0":0},"f":{},"b":{},"meta":{"lastBranch":0,"lastFunction":0,"lastStatement":1,"seen":{"s:7:42:16:Infinity":0},"fnNames":{}}}
,"D:\\OneDrive\\Desktop\\react-nutritrack\\src\\contexts\\AuthContext.ts": {"path":"D:\\OneDrive\\Desktop\\react-nutritrack\\src\\contexts\\AuthContext.ts","statementMap":{"0":{"start":{"line":11,"column":13},"end":{"line":11,"column":null}}},"fnMap":{},"branchMap":{},"s":{"0":10},"f":{},"b":{},"meta":{"lastBranch":0,"lastFunction":0,"lastStatement":1,"seen":{"s:11:13:11:Infinity":0},"fnNames":{}}}
[...]
mn":null}},"type":"binary-expr","locations":[{"start":{"line":8,"column":16},"end":{"line":8,"column":39}},{"start":{"line":8,"column":39},"end":{"line":8,"column":null}}],"line":8},"1":{"loc":{"start":{"line":9,"column":30},"end":{"line":9,"column":null}},"type":"cond-expr","locations":[{"start":{"line":9,"column":51},"end":{"line":9,"column":57}},{"start":{"line":9,"column":57},"end":{"line":9,"column":null}}],"line":9},"2":{"loc":{"start":{"line":10,"column":18},"end":{"line":10,"column":null}},"type":"binary-expr","locations":[{"start":{"line":10,"column":18},"end":{"line":10,"column":42}},{"start":{"line":10,"column":42},"end":{"line":10,"column":null}}],"line":10},"3":{"loc":{"start":{"line":16,"column":11},"end":{"line":16,"column":null}},"type":"binary-expr","locations":[{"start":{"line":16,"column":11},"end":{"line":16,"column":34}},{"start":{"line":16,"column":34},"end":{"line":16,"column":null}}],"line":16},"4":{"loc":{"start":{"line":21,"column":11},"end":{"line":21,"column":null}},"type":"binary-expr","locations":[{"start":{"line":21,"column":11},"end":{"line":21,"column":34}},{"start":{"line":21,"column":34},"end":{"line":21,"column":null}}],"line":21},"5":{"loc":{"start":{"line":26,"column":11},"end":{"line":26,"column":null}},"type":"binary-expr","locations":[{"start":{"line":26,"column":11},"end":{"line":26,"column":28}},{"start":{"line":26,"column":28},"end":{"line":26,"column":null}}],"line":26},"6":{"loc":{"start":{"line":31,"column":11},"end":{"line":31,"column":null}},"type":"binary-expr","locations":[{"start":{"line":31,"column":11},"end":{"line":31,"column":28}},{"start":{"line":31,"column":28},"end":{"line":31,"column":null}}],"line":31},"7":{"loc":{"start":{"line":36,"column":11},"end":{"line":36,"column":null}},"type":"binary-expr","locations":[{"start":{"line":36,"column":11},"end":{"line":36,"column":34}},{"start":{"line":36,"column":34},"end":{"line":36,"column":null}}],"line":36}},"s":{"0":21,"1":21,"2":21,"3":21,"4":21,"5":7,"6":5,"7":5,"8":5,"9":1,"10":1,"11":1,"12":1,"13":12,"14":12,"15":4},"f":{"0":21,"1":7,"2":5,"3":1,"4":1,"5":12},"b":{"0":[21,0],"1":[21,0],"2":[21,21],"3":[5,0],"4":[5,0],"5":[1,0],"6":[1,0],"7":[12,0]},"meta":{"lastBranch":8,"lastFunction":6,"lastStatement":16,"seen":{"f:6:8:6:19":0,"s:7:21:7:Infinity":0,"s:8:16:8:Infinity":1,"b:8:16:8:39:8:39:8:Infinity":0,"s:9:30:9:Infinity":2,"b:9:51:9:57:9:57:9:Infinity":1,"s:10:18:10:Infinity":3,"b:10:18:10:42:10:42:10:Infinity":2,"s:11:4:11:Infinity":4,"f:14:8:14:24":1,"s:15:21:15:Infinity":5,"s:16:4:16:Infinity":6,"b:16:11:16:34:16:34:16:Infinity":3,"f:19:8:19:94":2,"s:20:21:20:Infinity":7,"s:21:4:21:Infinity":8,"b:21:11:21:34:21:34:21:Infinity":4,"f:24:8:24:23":3,"s:25:21:25:Infinity":9,"s:26:4:26:Infinity":10,"b:26:11:26:28:26:28:26:Infinity":5,"f:29:8:29:25":4,"s:30:21:30:Infinity":11,"s:31:4:31:Infinity":12,"b:31:11:31:28:31:28:31:Infinity":6,"f:34:8:34:48":5,"s:35:21:35:Infinity":13,"s:36:4:36:Infinity":14,"b:36:11:36:34:36:34:36:Infinity":7,"s:40:30:40:Infinity":15},"fnNames":{}}}
,"D:\\OneDrive\\Desktop\\react-nutritrack\\src\\services\\subscriptions.service.ts": {"path":"D:\\OneDrive\\Desktop\\react-nutritrack\\src\\services\\subscriptions.service.ts","statementMap":{"0":{"start":{"line":12,"column":21},"end":{"line":12,"column":null}},"1":{"start":{"line":13,"column":4},"end":{"line":13,"column":null}},"2":{"start":{"line":17,"column":21},"end":{"line":17,"column":null}},"3":{"start":{"line":18,"column":4},"end":{"line":18,"column":null}},"4":{"start":{"line":22,"column":21},"end":{"line":22,"column":null}},"5":{"start":{"line":23,"column":4},"end":{"line":23,"column":null}},"6":{"start":{"line":27,"column":36},"end":{"line":27,"column":null}}},"fnMap":{"0":{"name":"getPlans","decl":{"start":{"line":11,"column":8},"end":{"line":11,"column":43}},"loc":{"start":{"line":11,"column":43},"end":{"line":14,"column":null}},"line":11},"1":{"name":"createCheckout","decl":{"start":{"line":16,"column":8},"end":{"line":16,"column":23}},"loc":{"start":{"line":16,"column":96},"end":{"line":19,"column":null}},"line":16},"2":{"name":"manageSubscription","decl":{"start":{"line":21,"column":8},"end":{"line":21,"column":55}},"loc":{"start":{"line":21,"column":55},"end":{"line":24,"column":null}},"line":21}},"branchMap":{"0":{"loc":{"start":{"line":13,"column":11},"end":{"line":13,"column":null}},"type":"binary-expr","locations":[{"start":{"line":13,"column":11},"end":{"line":13,"column":34}},{"start":{"line":13,"column":34},"end":{"line":13,"column":null}}],"line":13},"1":{"loc":{"start":{"line":18,"column":11},"end":{"line":18,"column":null}},"type":"binary-expr","locations":[{"start":{"line":18,"column":11},"end":{"line":18,"column":34}},{"start":{"line":18,"column":34},"end":{"line":18,"column":null}}],"line":18},"2":{"loc":{"start":{"line":23,"column":11},"end":{"line":23,"column":null}},"type":"binary-expr","locations":[{"start":{"line":23,"column":11},"end":{"line":23,"column":34}},{"start":{"line":23,"column":34},"end":{"line":23,"column":null}}],"line":23}},"s":{"0":0,"1":0,"2":0,"3":0,"4":0,"5":0,"6":0},"f":{"0":0,"1":0,"2":0},"b":{"0":[0,0],"1":[0,0],"2":[0,0]},"meta":{"lastBranch":3,"lastFunction":3,"lastStatement":7,"seen":{"f:11:8:11:43":0,"s:12:21:12:Infinity":0,"s:13:4:13:Infinity":1,"b:13:11:13:34:13:34:13:Infinity":0,"f:16:8:16:23":1,"s:17:21:17:Infinity":2,"s:18:4:18:Infinity":3,"b:18:11:18:34:18:34:18:Infinity":1,"f:21:8:21:55":2,"s:22:21:22:Infinity":4,"s:23:4:23:Infinity":5,"b:23:11:23:34:23:34:23:Infinity":2,"s:27:36:27:Infinity":6},"fnNames":{}}}
,"D:\\OneDrive\\Desktop\\react-nutritrack\\src\\services\\user.service.ts": {"path":"D:\\OneDrive\\Desktop\\react-nutritrack\\src\\services\\user.service.ts","statementMap":{"0":{"start":{"line":8,"column":21},"end":{"line":8,"column":null}},"1":{"start":{"line":9,"column":4},"end":{"line":9,"column":null}},"2":{"start":{"line":13,"column":21},"end":{"line":13,"column":null}},"3":{"start":{"line":14,"column":4},"end":{"line":14,"column":null}},"4":{"start":{"line":18,"column":21},"end":{"line":18,"column":null}},"5":{"start":{"line":19,"column":4},"end":{"line":19,"column":null}},"6":{"start":{"line":23,"column":21},"end":{"line":23,"column":null}},"7":{"start":{"line":24,"column":4},"end":{"line":24,"column":null}},"8":{"start":{"line":28,"column":21},"end":{"line":28,"column":null}},"9":{"start":{"line":29,"column":4},"end":{"line":29,"column":null}},"10":{"start":{"line":33,"column":4},"end":{"line":33,"column":null}},"11":{"start":{"line":37,"column":21},"end":{"line":37,"column":null}},"12":{"start":{"line":38,"column":4},"end":{"line":38,"column":null}},"13":{"start":{"line":39,"column":21},"end":{"line":39,"column":null}},"14":{"start":{"line":40,"column":4},"end":{"line":40,"column":null}},"15":{"start":{"line":44,"column":27},"end":{"line":44,"column":null}}},"fnMap":{"0":{"name":"getProfile","decl":{"start":{"line":7,"column":8},"end":{"line":7,"column":43}},"loc":{"start":{"line":7,"column":43},"end":{"line":10,"column":null}},"line":7},"1":{"name":"updateProfile","decl":{"start":{"line":12,"column":8},"end":{"line":12,"column":22}},"loc":{"start":{"line":12,"column":75},"end":{"line":15,"column":null}},"line":12},"2":{"name":"getSettings","decl":{"start":{"line":17,"column":8},"end":{"line":17,"column":45}},"loc":{"start":{"line":17,"column":45},"end":{"line":20,"column":null}},"line":17},"3":{"name":"updateSettings","decl":{"start":{"line":22,"column":8},"end":{"line":22,"column":23}},"loc":{"start":{"line":22,"column":79},"end":{"line":25,"column":null}},"line":22},"4":{"name":"getMe","decl":{"start":{"line":27,"column":8},"end":{"line":27,"column":31}},"loc":{"start":{"line":27,"column":31},"end":{"line":30,"column":null}},"line":27},"5":{"name":"changePassword","decl":{"start":{"line":32,"column":8},"end":{"line":32,"column":23}},"loc":{"start":{"line":32,"column":56},"end":{"line":34,"column":null}},"line":32},"6":{"name":"uploadAvatar","decl":{"start":{"line":36,"column":8},"end":{"line":36,"column":21}},"loc":{"start":{"line":36,"column":50},"end":{"line":41,"column":null}},"line":36}},"branchMap":{"0":{"loc":{"start":{"line":9,"column":11},"end":{"line":9,"column":null}},"type":"binary-expr","locations":[{"start":{"line":9,"column":11},"end":{"line":9,"column":34}},{"start":{"line":9,"column":34},"end":{"line":9,"column":null}}],"line":9},"1":{"loc":{"start":{"line":14,"column":11},"end":{"line":14,"column":null}},"type":"binary-expr","locations":[{"start":{"line":14,"column":11},"end":{"line":14,"column":34}},{"start":{"line":14,"column":34},"end":{"line":14,"column":null}}],"line":14},"2":{"loc":{"start":{"line":19,"column":11},"end":{"line":19,"column":null}},"type":"binary-expr","locations":[{"start":{"line":19,"column":11},"end":{"line":19,"column":34}},{"start":{"line":19,"column":34},"end":{"line":19,"column":null}}],"line":19},"3":{"loc":{"start":{"line":24,"column":11},"end":{"line":24,"column":null}},"type":"binary-expr","locations":[{"start":{"line":24,"column":11},"end":{"line":24,"column":34}},{"start":{"line":24,"column":34},"end":{"line":24,"column":null}}],"line":24},"4":{"loc":{"start":{"line":40,"column":11},"end":{"line":40,"column":null}},"type":"binary-expr","locations":[{"start":{"line":40,"column":11},"end":{"line":40,"column":39}},{"start":{"line":40,"column":39},"end":{"line":40,"column":null}}],"line":40}},"s":{"0":7,"1":7,"2":1,"3":1,"4":2,"5":2,"6":1,"7":1,"8":0,"9":0,"10":0,"11":1,"12":1,"13":1,"14":1,"15":4},"f":{"0":7,"1":1,"2":2,"3":1,"4":0,"5":0,"6":1},"b":{"0":[7,0],"1":[1,0],"2":[2,0],"3":[1,0],"4":[1,0]},"meta":{"lastBranch":5,"lastFunction":7,"lastStatement":16,"seen":{"f:7:8:7:43":0,"s:8:21:8:Infinity":0,"s:9:4:9:Infinity":1,"b:9:11:9:34:9:34:9:Infinity":0,"f:12:8:12:22":1,"s:13:21:13:Infinity":2,"s:14:4:14:Infinity":3,"b:14:11:14:34:14:34:14:Infinity":1,"f:17:8:17:45":2,"s:18:21:18:Infinity":4,"s:19:4:19:Infinity":5,"b:19:11:19:34:19:34:19:Infinity":2,"f:22:8:22:23":3,"s:23:21:23:Infinity":6,"s:24:4:24:Infinity":7,"b:24:11:24:34:24:34:24:Infinity":3,"f:27:8:27:31":4,"s:28:21:28:Infinity":8,"s:29:4:29:Infinity":9,"f:32:8:32:23":5,"s:33:4:33:Infinity":10,"f:36:8:36:21":6,"s:37:21:37:Infinity":11,"s:38:4:38:Infinity":12,"s:39:21:39:Infinity":13,"s:40:4:40:Infinity":14,"b:40:11:40:39:40:39:40:Infinity":4,"s:44:27:44:Infinity":15},"fnNames":{}}}
,"D:\\OneDrive\\Desktop\\react-nutritrack\\src\\types\\ai-meal-plan.ts": {"path":"D:\\OneDrive\\Desktop\\react-nutritrack\\src\\types\\ai-meal-plan.ts","statementMap":{},"fnMap":{},"branchMap":{},"s":{},"f":{},"b":{},"meta":{"lastBranch":0,"lastFunction":0,"lastStatement":0,"seen":{},"fnNames":{}}}
,"D:\\OneDrive\\Desktop\\react-nutritrack\\src\\types\\insights.ts": {"path":"D:\\OneDrive\\Desktop\\react-nutritrack\\src\\types\\insights.ts","statementMap":{},"fnMap":{},"branchMap":{},"s":{},"f":{},"b":{},"meta":{"lastBranch":0,"lastFunction":0,"lastStatement":0,"seen":{},"fnNames":{}}}
,"D:\\OneDrive\\Desktop\\react-nutritrack\\src\\types\\meal-plan.ts": {"path":"D:\\OneDrive\\Desktop\\react-nutritrack\\src\\types\\meal-plan.ts","statementMap":{},"fnMap":{},"branchMap":{},"s":{},"f":{},"b":{},"meta":{"lastBranch":0,"lastFunction":0,"lastStatement":0,"seen":{},"fnNames":{}}}
,"D:\\OneDrive\\Desktop\\react-nutritrack\\src\\types\\nutrition.ts": {"path":"D:\\OneDrive\\Desktop\\react-nutritrack\\src\\types\\nutrition.ts","statementMap":{},"fnMap":{},"branchMap":{},"s":{},"f":{},"b":{},"meta":{"lastBranch":0,"lastFunction":0,"lastStatement":0,"seen":{},"fnNames":{}}}
,"D:\\OneDrive\\Desktop\\react-nutritrack\\src\\types\\onboarding.ts": {"path":"D:\\OneDrive\\Desktop\\react-nutritrack\\src\\types\\onboarding.ts","statementMap":{},"fnMap":{},"branchMap":{},"s":{},"f":{},"b":{},"meta":{"lastBranch":0,"lastFunction":0,"lastStatement":0,"seen":{},"fnNames":{}}}
,"D:\\OneDrive\\Desktop\\react-nutritrack\\src\\types\\pricing.ts": {"path":"D:\\OneDrive\\Desktop\\react-nutritrack\\src\\types\\pricing.ts","statementMap":{},"fnMap":{},"branchMap":{},"s":{},"f":{},"b":{},"meta":{"lastBranch":0,"lastFunction":0,"lastStatement":0,"seen":{},"fnNames":{}}}
,"D:\\OneDrive\\Desktop\\react-nutritrack\\src\\types\\recipe.ts": {"path":"D:\\OneDrive\\Desktop\\react-nutritrack\\src\\types\\recipe.ts","statementMap":{},"fnMap":{},"branchMap":{},"s":{},"f":{},"b":{},"meta":{"lastBranch":0,"lastFunction":0,"lastStatement":0,"seen":{},"fnNames":{}}}
,"D:\\OneDrive\\Desktop\\react-nutritrack\\src\\types\\settings.ts": {"path":"D:\\OneDrive\\Desktop\\react-nutritrack\\src\\types\\settings.ts","statementMap":{},"fnMap":{},"branchMap":{},"s":{},"f":{},"b":{},"meta":{"lastBranch":0,"lastFunction":0,"lastStatement":0,"seen":{},"fnNames":{}}}
,"D:\\OneDrive\\Desktop\\react-nutritrack\\src\\utils\\cn.ts": {"path":"D:\\OneDrive\\Desktop\\react-nutritrack\\src\\utils\\cn.ts","statementMap":{"0":{"start":{"line":5,"column":2},"end":{"line":5,"column":null}}},"fnMap":{"0":{"name":"cn","decl":{"start":{"line":4,"column":16},"end":{"line":4,"column":22}},"loc":{"start":{"line":4,"column":44},"end":{"line":6,"column":null}},"line":4}},"branchMap":{},"s":{"0":2766},"f":{"0":2766},"b":{},"meta":{"lastBranch":0,"lastFunction":1,"lastStatement":1,"seen":{"f:4:16:4:22":0,"s:5:2:5:Infinity":0},"fnNames":{}}}
,"D:\\OneDrive\\Desktop\\react-nutritrack\\src\\utils\\format.ts": {"path":"D:\\OneDrive\\Desktop\\react-nutritrack\\src\\utils\\format.ts","statementMap":{"0":{"start":{"line":3,"column":20},"end":{"line":3,"column":null}},"1":{"start":{"line":4,"column":2},"end":{"line":4,"column":null}},"2":{"start":{"line":8,"column":15},"end":{"line":8,"column":null}},"3":{"start":{"line":9,"column":16},"end":{"line":9,"column":null}},"4":{"start":{"line":10,"column":14},"end":{"line":10,"column":null}},"5":{"start":{"line":11,"column":2},"end":{"line":11,"column":null}},"6":{"start":{"line":15,"column":2},"end":{"line":15,"column":null}},"7":{"start":{"line":19,"column":12},"end":{"line":19,"column":null}},"8":{"start":{"line":20,"column":2},"end":{"line":25,"column":null}},"9":{"start":{"line":29,"column":12},"end":{"line":29,"column":null}},"10":{"start":{"line":30,"column":2},"end":{"line":30,"column":null}}},"fnMap":{"0":{"name":"parseLocalDate","decl":{"start":{"line":2,"column":16},"end":{"line":2,"column":31}},"loc":{"start":{"line":2,"column":54},"end":{"line":5,"column":null}},"line":2},"1":{"name":"toLocalDateString","decl":{"start":{"line":7,"column":16},"end":{"line":7,"column":34}},"loc":{"start":{"line":7,"column":51},"end":{"line":12,"column":null}},"line":7},"2":{"name":"formatKcal","decl":{"start":{"line":14,"column":16},"end":{"line":14,"column":27}},"loc":{"start":{"line":14,"column":53},"end":{"line":16,"column":null}},"line":14},"3":{"name":"formatDate","decl":{"start":{"line":18,"column":16},"end":{"line":18,"column":27}},"loc":{"start":{"line":18,"column":94},"end":{"line":26,"column":null}},"line":18},"4":{"name":"formatTime","decl":{"start":{"line":28,"column":16},"end":{"line":28,"column":27}},"loc":{"start":{"line":28,"column":49},"end":{"line":31,"column":null}},"line":28}},"branchMap":{"0":{"loc":{"start":{"line":19,"column":12},"end":{"line":19,"column":null}},"type":"cond-expr","locations":[{"start":{"line":19,"column":39},"end":{"line":19,"column":62}},{"start":{"line":19,"column":62},"end":{"line":19,"column":null}}],"line":19}},"s":{"0":142,"1":142,"2":188,"3":188,"4":188,"5":188,"6":2,"7":3,"8":3,"9":0,"10":0},"f":{"0":142,"1":188,"2":2,"3":3,"4":0},"b":{"0":[2,1]},"meta":{"lastBranch":1,"lastFunction":5,"lastStatement":11,"seen":{"f:2:16:2:31":0,"s:3:20:3:Infinity":0,"s:4:2:4:Infinity":1,"f:7:16:7:34":1,"s:8:15:8:Infinity":2,"s:9:16:9:Infinity":3,"s:10:14:10:Infinity":4,"s:11:2:11:Infinity":5,"f:14:16:14:27":2,"s:15:2:15:Infinity":6,"f:18:16:18:27":3,"s:19:12:19:Infinity":7,"b:19:39:19:62:19:62:19:Infinity":0,"s:20:2:25:Infinity":8,"f:28:16:28:27":4,"s:29:12:29:Infinity":9,"s:30:2:30:Infinity":10},"fnNames":{}}}
,"D:\\OneDrive\\Desktop\\react-nutritrack\\src\\utils\\tdee.ts": {"path":"D:\\OneDrive\\Desktop\\react-nutritrack\\src\\utils\\tdee.ts","statementMap":{"0":{"start":{"line":6,"column":60},"end":{"line":12,"column":null}},"1":{"start":{"line":14,"column":59},"end":{"line":18,"column":null}},"2":{"start":{"line":21,"column":46},"end":{"line":21,"column":null}},"3":{"start":{"line":22,"column":2},"end":{"line":24,"column":null}},"4":{"start":{"line":23,"column":4},"end":{"line":23,"column":null}},"5":{"start":{"line":25,"column":2},"end":{"line":25,"column":null}},"6":{"start":{"line":29,"column":37},"end":{"line":34,"column":null}},"7":{"start":{"line":35,"column":15},"end":{"line":35,"column":null}},"8":{"start":{"line":36,"column":2},"end":{"line":42,"column":null}},"9":{"start":{"line":51,"column":14},"end":{"line":51,"column":null}},"10":{"start":{"line":52,"column":15},"end":{"line":52,"column":null}},"11":{"start":{"line":53,"column":25},"end":{"line":53,"column":null}},"12":{"start":{"line":55,"column":23},"end":{"line":55,"column":null}},"13":{"start":{"line":56,"column":21},"end":{"line":56,"column":null}},"14":{"start":{"line":57,"column":20},"end":{"line":57,"column":null}},"15":{"start":{"line":60,"column":2},"end":{"line":66,"column":null}},"16":{"start":{"line":61,"column":21},"end":{"line":61,"column":null}},"17":{"start":{"line":62,"column":24},"end":{"line":62,"column":null}},"18":{"start":{"line":63,"column":21},"end":{"line":63,"column":null}},"19":{"start":{"line":64,"column":4},"end":{"line":64,"column":null}},"20":{"start":{"line":65,"column":4},"end":{"line":65,"column":null}},"21":{"start":{"line":68,"column":2},"end":{"line":76,"column":null}}},"fnMap":{"0":{"name":"calculateBMR","decl":{"start":{"line":20,"column":16},"end":{"line":20,"column":29}},"loc":{"start":{"line":20,"column":65},"end":{"line":26,"column":null}},"line":20},"1":{"name":"getNutritionTargets","decl":{"start":{"line":28,"column":16},"end":{"line":28,"column":36}},"loc":{"start":{"line":28,"column":76},"end":{"line":43,"column":null}},"line":28},"2":{"name":"calculateTDEE","decl":{"start":{"line":45,"column":16},"end":{"line":45,"column":null}},"loc":{"start":{"line":50,"column":12},"end":{"line":77,"column":null}},"line":50}},"branchMap":{"0":{"loc":{"start":{"line":22,"column":2},"end":{"line":24,"column":null}},"type":"if","locations":[{"start":{"line":22,"column":2},"end":{"line":24,"column":null}},{"start":{},"end":{}}],"line":22},"1":{"loc":{"start":{"line":60,"column":2},"end":{"line":66,"column":null}},"type":"if","locations":[{"start":{"line":60,"column":2},"end":{"line":66,"column":null}},{"start":{},"end":{}}],"line":60},"2":{"loc":{"start":{"line":60,"column":6},"end":{"line":60,"column":85}},"type":"binary-expr","locations":[{"start":{"line":60,"column":6},"end":{"line":60,"column":32}},{"start":{"line":60,"column":32},"end":{"line":60,"column":50}},{"start":{"line":60,"column":50},"end":{"line":60,"column":85}}],"line":60}},"s":{"0":12,"1":12,"2":27,"3":27,"4":1,"5":26,"6":18,"7":18,"8":18,"9":25,"10":25,"11":25,"12":25,"13":25,"14":25,"15":25,"16":1,"17":1,"18":1,"19":1,"20":1,"21":25},"f":{"0":27,"1":18,"2":25},"b":{"0":[1,26],"1":[1,24],"2":[25,2,1]},"meta":{"lastBranch":3,"lastFunction":3,"lastStatement":22,"seen":{"s:6:60:12:Infinity":0,"s:14:59:18:Infinity":1,"f:20:16:20:29":0,"s:21:46:21:Infinity":2,"b:22:2:24:Infinity:undefined:undefined:undefined:undefined":0,"s:22:2:24:Infinity":3,"s:23:4:23:Infinity":4,"s:25:2:25:Infinity":5,"f:28:16:28:36":1,"s:29:37:34:Infinity":6,"s:35:15:35:Infinity":7,"s:36:2:42:Infinity":8,"f:45:16:45:Infinity":2,"s:51:14:51:Infinity":9,"s:52:15:52:Infinity":10,"s:53:25:53:Infinity":11,"s:55:23:55:Infinity":12,"s:56:21:56:Infinity":13,"s:57:20:57:Infinity":14,"b:60:2:66:Infinity:undefined:undefined:undefined:undefined":1,"s:60:2:66:Infinity":15,"b:60:6:60:32:60:32:60:50:60:50:60:85":2,"s:61:21:61:Infinity":16,"s:62:24:62:Infinity":17,"s:63:21:63:Infinity":18,"s:64:4:64:Infinity":19,"s:65:4:65:Infinity":20,"s:68:2:76:Infinity":21},"fnNames":{}}}
}
