TN:
SF:src\App.tsx
FN:6,App
FNF:1
FNH:0
FNDA:0,App
DA:7,0
LF:1
LH:0
BRF:0
BRH:0
end_of_record
TN:
SF:src\api\cache.ts
FN:4,getCacheKey
FN:6,(anonymous_1)
FN:13,getFromCache
FN:23,setInCache
FN:27,clearCache
FNF:5
FNH:5
FNDA:168,getCacheKey
FNDA:52,(anonymous_1)
FNDA:85,getFromCache
FNDA:83,setInCache
FNDA:28,clearCache
DA:1,11
DA:2,11
DA:5,168
DA:6,24
DA:7,52
DA:8,52
DA:10,24
DA:14,85
DA:15,85
DA:16,35
DA:17,0
DA:18,0
DA:20,35
DA:24,83
DA:28,28
LF:15
LH:13
BRDA:5,0,0,144
BRDA:5,0,1,24
BRDA:7,1,0,52
BRDA:7,1,1,0
BRDA:13,2,0,85
BRDA:15,3,0,50
BRDA:15,3,1,35
BRDA:16,4,0,0
BRDA:16,4,1,35
BRF:9
BRH:7
end_of_record
TN:
SF:src\api\client.ts
FN:13,(anonymous_0)
FN:23,(anonymous_1)
FN:37,(anonymous_2)
FN:41,(anonymous_3)
FN:51,(anonymous_4)
FNF:5
FNH:4
FNDA:116,(anonymous_0)
FNDA:35,(anonymous_1)
FNDA:0,(anonymous_2)
FNDA:111,(anonymous_3)
FNDA:5,(anonymous_4)
DA:5,11
DA:12,11
DA:14,116
DA:15,116
DA:16,9
DA:19,116
DA:20,85
DA:21,85
DA:22,85
DA:23,35
DA:24,35
DA:35,116
DA:37,0
DA:40,11
DA:42,111
DA:43,111
DA:44,83
DA:45,83
DA:46,28
DA:47,28
DA:49,111
DA:52,5
DA:53,1
DA:54,1
DA:55,1
DA:57,5
LF:26
LH:25
BRDA:15,0,0,9
BRDA:15,0,1,107
BRDA:19,1,0,85
BRDA:19,1,1,31
BRDA:19,2,0,116
BRDA:19,2,1,85
BRDA:22,3,0,35
BRDA:22,3,1,50
BRDA:43,4,0,83
BRDA:43,4,1,28
BRDA:43,5,0,111
BRDA:43,5,1,83
BRDA:46,6,0,28
BRDA:46,6,1,0
BRDA:46,7,0,28
BRDA:46,7,1,28
BRDA:52,8,0,1
BRDA:52,8,1,4
BRF:18
BRH:17
end_of_record
TN:
SF:src\api\endpoints.ts
FN:20,(anonymous_0)
FN:21,(anonymous_1)
FN:27,(anonymous_2)
FN:28,(anonymous_3)
FN:32,(anonymous_4)
FN:34,(anonymous_5)
FN:59,(anonymous_6)
FNF:7
FNH:5
FNDA:0,(anonymous_0)
FNDA:2,(anonymous_1)
FNDA:18,(anonymous_2)
FNDA:1,(anonymous_3)
FNDA:7,(anonymous_4)
FNDA:2,(anonymous_5)
FNDA:0,(anonymous_6)
DA:3,12
DA:4,12
DA:6,12
DA:20,0
DA:21,2
DA:27,18
DA:28,1
DA:32,7
DA:34,2
DA:59,0
LF:10
LH:8
BRF:0
BRH:0
end_of_record
TN:
SF:src\components\layout\MainLayout.tsx
FN:8,MainLayout
FN:12,(anonymous_1)
FN:13,(anonymous_2)
FNF:3
FNH:0
FNDA:0,MainLayout
FNDA:0,(anonymous_1)
FNDA:0,(anonymous_2)
DA:9,0
DA:10,0
DA:12,0
DA:13,0
DA:15,0
LF:5
LH:0
BRDA:17,0,0,0
BRDA:17,0,1,0
BRDA:28,1,0,0
BRDA:28,1,1,0
BRF:4
BRH:0
end_of_record
TN:
SF:src\components\layout\MobileDrawer.tsx
FN:10,MobileDrawer
FN:11,(anonymous_1)
FN:17,(anonymous_2)
FN:22,(anonymous_3)
FN:23,(anonymous_4)
FN:29,(anonymous_5)
FNF:6
FNH:5
FNDA:5,MobileDrawer
FNDA:5,(anonymous_1)
FNDA:5,(anonymous_2)
FNDA:5,(anonymous_3)
FNDA:0,(anonymous_4)
FNDA:5,(anonymous_5)
DA:11,5
DA:12,5
DA:13,4
DA:15,1
DA:17,5
DA:18,5
DA:22,5
DA:23,5
DA:24,0
DA:26,5
DA:27,4
DA:29,5
DA:32,5
LF:13
LH:12
BRDA:12,0,0,4
BRDA:12,0,1,1
BRDA:24,1,0,0
BRDA:24,1,1,0
BRDA:26,2,0,4
BRDA:26,2,1,1
BRDA:37,3,0,4
BRDA:37,3,1,1
BRDA:46,4,0,4
BRDA:46,4,1,1
BRF:10
BRH:8
end_of_record
TN:
SF:src\components\layout\Navbar.tsx
FN:14,Navbar
FN:30,(anonymous_1)
FN:40,(anonymous_2)
FN:45,(anonymous_3)
FN:48,(anonymous_4)
FN:48,(anonymous_5)
FN:55,(anonymous_6)
FN:56,(anonymous_7)
FN:61,(anonymous_8)
FN:84,(anonymous_9)
FN:85,(anonymous_10)
FN:108,(anonymous_11)
FN:108,(anonymous_12)
FN:135,(anonymous_13)
FN:153,(anonymous_14)
FN:153,(anonymous_15)
FN:167,(anonymous_16)
FN:168,(anonymous_17)
FN:169,(anonymous_18)
FN:170,(anonymous_19)
FN:171,(anonymous_20)
FN:174,(anonymous_21)
FN:205,(anonymous_22)
FN:217,(anonymous_23)
FN:260,(anonymous_24)
FN:272,(anonymous_25)
FN:285,(anonymous_26)
FN:291,(anonymous_27)
FN:304,(anonymous_28)
FN:316,(anonymous_29)
FN:328,(anonymous_30)
FN:336,(anonymous_31)
FN:347,(anonymous_32)
FN:359,(anonymous_33)
FN:394,(anonymous_34)
FN:405,(anonymous_35)
FN:417,(anonymous_36)
FN:459,(anonymous_37)
FN:462,(anonymous_38)
FNF:39
FNH:0
FNDA:0,Navbar
FNDA:0,(anonymous_1)
FNDA:0,(anonymous_2)
FNDA:0,(anonymous_3)
FNDA:0,(anonymous_4)
FNDA:0,(anonymous_5)
FNDA:0,(anonymous_6)
FNDA:0,(anonymous_7)
FNDA:0,(anonymous_8)
FNDA:0,(anonymous_9)
FNDA:0,(anonymous_10)
FNDA:0,(anonymous_11)
FNDA:0,(anonymous_12)
FNDA:0,(anonymous_13)
FNDA:0,(anonymous_14)
FNDA:0,(anonymous_15)
FNDA:0,(anonymous_16)
FNDA:0,(anonymous_17)
FNDA:0,(anonymous_18)
FNDA:0,(anonymous_19)
FNDA:0,(anonymous_20)
FNDA:0,(anonymous_21)
FNDA:0,(anonymous_22)
FNDA:0,(anonymous_23)
FNDA:0,(anonymous_24)
FNDA:0,(anonymous_25)
FNDA:0,(anonymous_26)
FNDA:0,(anonymous_27)
FNDA:0,(anonymous_28)
FNDA:0,(anonymous_29)
FNDA:0,(anonymous_30)
FNDA:0,(anonymous_31)
FNDA:0,(anonymous_32)
FNDA:0,(anonymous_33)
FNDA:0,(anonymous_34)
FNDA:0,(anonymous_35)
FNDA:0,(anonymous_36)
FNDA:0,(anonymous_37)
FNDA:0,(anonymous_38)
DA:15,0
DA:16,0
DA:17,0
DA:18,0
DA:19,0
DA:20,0
DA:21,0
DA:22,0
DA:23,0
DA:24,0
DA:25,0
DA:26,0
DA:27,0
DA:28,0
DA:30,0
DA:31,0
DA:32,0
DA:33,0
DA:34,0
DA:40,0
DA:42,0
DA:45,0
DA:46,0
DA:47,0
DA:48,0
DA:49,0
DA:55,0
DA:56,0
DA:57,0
DA:58,0
DA:60,0
DA:61,0
DA:64,0
DA:84,0
DA:86,0
DA:87,0
DA:88,0
DA:108,0
DA:136,0
DA:153,0
DA:167,0
DA:168,0
DA:169,0
DA:170,0
DA:172,0
DA:174,0
DA:205,0
DA:217,0
DA:261,0
DA:273,0
DA:285,0
DA:291,0
DA:304,0
DA:316,0
DA:329,0
DA:336,0
DA:347,0
DA:359,0
DA:394,0
DA:405,0
DA:417,0
DA:459,0
DA:462,0
LF:63
LH:0
BRDA:14,0,0,0
BRDA:57,1,0,0
BRDA:57,1,1,0
BRDA:57,2,0,0
BRDA:57,2,1,0
BRDA:58,3,0,0
BRDA:58,3,1,0
BRDA:58,4,0,0
BRDA:58,4,1,0
BRDA:68,5,0,0
BRDA:68,5,1,0
BRDA:86,6,0,0
BRDA:86,6,1,0
BRDA:86,7,0,0
BRDA:86,7,1,0
BRDA:99,8,0,0
BRDA:99,8,1,0
BRDA:102,9,0,0
BRDA:102,9,1,0
BRDA:110,10,0,0
BRDA:110,10,1,0
BRDA:113,11,0,0
BRDA:113,11,1,0
BRDA:115,12,0,0
BRDA:115,12,1,0
BRDA:120,13,0,0
BRDA:120,13,1,0
BRDA:124,14,0,0
BRDA:124,14,1,0
BRDA:129,15,0,0
BRDA:129,15,1,0
BRDA:137,16,0,0
BRDA:137,16,1,0
BRDA:140,17,0,0
BRDA:140,17,1,0
BRDA:159,18,0,0
BRDA:159,18,1,0
BRDA:193,19,0,0
BRDA:193,19,1,0
BRDA:194,20,0,0
BRDA:194,20,1,0
BRDA:203,21,0,0
BRDA:203,21,1,0
BRDA:302,22,0,0
BRDA:302,22,1,0
BRDA:345,23,0,0
BRDA:345,23,1,0
BRDA:403,24,0,0
BRDA:403,24,1,0
BRF:49
BRH:0
end_of_record
TN:
SF:src\components\layout\ProtectedRoute.tsx
FN:10,ProtectedRoute
FNF:1
FNH:1
FNDA:4,ProtectedRoute
DA:11,4
DA:12,4
DA:14,4
DA:15,1
DA:25,3
DA:26,1
DA:29,2
DA:30,2
DA:32,4
DA:33,0
DA:36,2
DA:37,1
DA:40,1
LF:13
LH:12
BRDA:10,0,0,4
BRDA:10,1,0,4
BRDA:14,2,0,1
BRDA:14,2,1,3
BRDA:25,3,0,1
BRDA:25,3,1,2
BRDA:30,4,0,2
BRDA:30,4,1,1
BRDA:32,5,0,0
BRDA:32,5,1,4
BRDA:32,6,0,4
BRDA:32,6,1,0
BRDA:36,7,0,1
BRDA:36,7,1,1
BRDA:36,8,0,2
BRDA:36,8,1,2
BRF:16
BRH:14
end_of_record
TN:
SF:src\components\layout\Sidebar.tsx
FN:12,Sidebar
FN:14,(anonymous_1)
FN:27,(anonymous_2)
FN:33,(anonymous_3)
FNF:4
FNH:0
FNDA:0,Sidebar
FNDA:0,(anonymous_1)
FNDA:0,(anonymous_2)
FNDA:0,(anonymous_3)
DA:13,0
DA:14,0
DA:15,0
DA:16,0
DA:18,0
DA:28,0
DA:33,0
LF:7
LH:0
BRDA:12,0,0,0
BRDA:36,1,0,0
BRDA:36,1,1,0
BRDA:50,2,0,0
BRDA:50,2,1,0
BRF:5
BRH:0
end_of_record
TN:
SF:src\components\shared\EmptyState.tsx
FN:12,EmptyState
FNF:1
FNH:1
FNDA:1,EmptyState
DA:13,1
LF:1
LH:1
BRDA:12,0,0,1
BRDA:17,1,0,1
BRDA:17,1,1,1
BRF:3
BRH:3
end_of_record
TN:
SF:src\components\shared\ErrorBoundary.tsx
FN:14,constructor
FN:19,getDerivedStateFromError
FN:23,componentDidCatch
FN:27,render
FN:35,(anonymous_4)
FNF:5
FNH:4
FNDA:17,constructor
FNDA:2,getDerivedStateFromError
FNDA:6,componentDidCatch
FNDA:27,render
FNDA:0,(anonymous_4)
DA:15,17
DA:16,17
DA:20,12
DA:24,6
DA:28,27
DA:29,12
DA:35,0
DA:43,15
LF:8
LH:7
BRDA:28,0,0,12
BRDA:28,0,1,15
BRDA:29,1,0,12
BRDA:29,1,1,8
BRDA:33,2,0,8
BRDA:33,2,1,0
BRF:6
BRH:5
end_of_record
TN:
SF:src\components\shared\LoadingSpinner.tsx
FN:11,LoadingSpinner
FNF:1
FNH:1
FNDA:94,LoadingSpinner
DA:9,7
DA:12,94
LF:2
LH:2
BRDA:11,0,0,94
BRDA:18,1,0,94
BRDA:18,1,1,66
BRF:3
BRH:3
end_of_record
TN:
SF:src\components\shared\Modal.tsx
FN:12,Modal
FN:13,(anonymous_1)
FN:16,(anonymous_2)
FN:19,(anonymous_3)
FN:20,(anonymous_4)
FN:22,(anonymous_5)
FNF:6
FNH:6
FNDA:137,Modal
FNDA:111,(anonymous_1)
FNDA:111,(anonymous_2)
FNDA:114,(anonymous_3)
FNDA:1,(anonymous_4)
FNDA:114,(anonymous_5)
DA:13,137
DA:14,111
DA:15,88
DA:16,111
DA:19,137
DA:20,114
DA:21,114
DA:22,114
DA:25,137
DA:27,49
LF:10
LH:10
BRDA:14,0,0,23
BRDA:14,0,1,88
BRDA:20,1,0,1
BRDA:20,1,1,0
BRDA:21,2,0,26
BRDA:21,2,1,88
BRDA:25,3,0,88
BRDA:25,3,1,49
BRDA:31,4,0,49
BRDA:31,4,1,46
BRF:10
BRH:9
end_of_record
TN:
SF:src\components\ui\Badge.tsx
FN:26,Badge
FNF:1
FNH:1
FNDA:2,Badge
DA:13,1
DA:21,1
DA:27,2
LF:3
LH:3
BRDA:26,0,0,2
BRDA:26,1,0,2
BRF:2
BRH:2
end_of_record
TN:
SF:src\components\ui\Button.tsx
FN:34,(anonymous_0)
FNF:1
FNH:1
FNDA:356,(anonymous_0)
DA:14,7
DA:27,7
DA:33,7
DA:35,356
DA:61,7
LF:5
LH:5
BRDA:34,0,0,356
BRDA:34,1,0,356
BRDA:38,2,0,356
BRDA:38,2,1,328
BRDA:43,3,0,356
BRDA:43,3,1,119
BRDA:44,4,0,356
BRDA:44,4,1,5
BRDA:49,5,0,356
BRDA:49,5,1,5
BRF:10
BRH:10
end_of_record
TN:
SF:src\components\ui\Card.tsx
FN:18,Card
FNF:1
FNH:1
FNDA:4,Card
DA:11,2
DA:19,4
LF:2
LH:2
BRDA:18,0,0,4
BRDA:23,1,0,4
BRDA:23,1,1,0
BRF:3
BRH:2
end_of_record
TN:
SF:src\components\ui\Input.tsx
FN:13,(anonymous_0)
FNF:1
FNH:1
FNDA:329,(anonymous_0)
DA:12,4
DA:14,329
DA:16,329
DA:52,4
LF:4
LH:4
BRDA:14,0,0,329
BRDA:14,0,1,329
BRDA:18,1,0,329
BRDA:18,1,1,311
BRDA:29,2,0,11
BRDA:29,2,1,318
BRDA:30,3,0,329
BRDA:30,3,1,47
BRDA:35,4,0,51
BRDA:35,4,1,278
BRDA:39,5,0,47
BRDA:39,5,1,231
BRDA:45,6,0,329
BRDA:45,6,1,11
BRDA:46,7,0,329
BRDA:46,7,1,0
BRDA:46,7,2,0
BRF:17
BRH:15
end_of_record
TN:
SF:src\components\ui\ProgressBar.tsx
FN:10,ProgressBar
FNF:1
FNH:1
FNDA:3,ProgressBar
DA:11,3
DA:13,3
LF:2
LH:2
BRDA:21,0,0,3
BRDA:21,0,1,0
BRF:2
BRH:1
end_of_record
TN:
SF:src\components\ui\ProgressRing.tsx
FN:13,ProgressRing
FNF:1
FNH:1
FNDA:5,ProgressRing
DA:22,5
DA:23,5
DA:24,5
DA:26,5
LF:4
LH:4
BRDA:15,0,0,5
BRDA:16,1,0,5
BRDA:17,2,0,5
BRDA:18,3,0,5
BRDA:50,4,0,5
BRDA:50,4,1,1
BRF:6
BRH:6
end_of_record
TN:
SF:src\components\ui\Select.tsx
FN:12,(anonymous_0)
FN:34,(anonymous_1)
FNF:2
FNH:2
FNDA:113,(anonymous_0)
FNDA:481,(anonymous_1)
DA:11,2
DA:13,113
DA:15,113
DA:35,481
DA:48,2
LF:5
LH:5
BRDA:13,0,0,113
BRDA:13,0,1,113
BRDA:17,1,0,113
BRDA:17,1,1,113
BRDA:28,2,0,0
BRDA:28,2,1,113
BRDA:33,3,0,113
BRDA:33,3,1,113
BRDA:42,4,0,113
BRDA:42,4,1,0
BRF:10
BRH:8
end_of_record
TN:
SF:src\components\ui\Toggle.tsx
FN:11,Toggle
FN:19,(anonymous_1)
FNF:2
FNH:2
FNDA:7,Toggle
FNDA:2,(anonymous_1)
DA:12,7
DA:19,2
LF:2
LH:2
BRDA:13,0,0,7
BRDA:13,0,1,2
BRDA:22,1,0,2
BRDA:22,1,1,5
BRDA:28,2,0,2
BRDA:28,2,1,5
BRDA:32,3,0,7
BRDA:32,3,1,1
BRF:8
BRH:8
end_of_record
TN:
SF:src\config\navigation.ts
FNF:0
FNH:0
DA:7,0
LF:1
LH:0
BRF:0
BRH:0
end_of_record
TN:
SF:src\contexts\AuthContext.ts
FNF:0
FNH:0
DA:11,10
LF:1
LH:1
BRF:0
BRH:0
end_of_record
TN:
SF:src\contexts\AuthProvider.tsx
FN:6,getInitialState
FN:14,AuthProvider
FN:17,(anonymous_2)
FN:18,(anonymous_3)
FN:23,(anonymous_4)
FN:28,(anonymous_5)
FN:29,(anonymous_6)
FN:34,(anonymous_7)
FN:39,(anonymous_8)
FN:44,(anonymous_9)
FN:45,(anonymous_10)
FNF:11
FNH:11
FNDA:286,getInitialState
FNDA:300,AuthProvider
FNDA:6,(anonymous_2)
FNDA:6,(anonymous_3)
FNDA:1,(anonymous_4)
FNDA:3,(anonymous_5)
FNDA:3,(anonymous_6)
FNDA:1,(anonymous_7)
FNDA:1,(anonymous_8)
FNDA:1,(anonymous_9)
FNDA:1,(anonymous_10)
DA:7,286
DA:8,286
DA:9,27
DA:11,259
DA:15,300
DA:17,300
DA:18,6
DA:19,6
DA:20,6
DA:21,5
DA:23,1
DA:24,1
DA:28,300
DA:29,3
DA:30,3
DA:31,3
DA:32,2
DA:34,1
DA:35,1
DA:39,300
DA:40,1
DA:41,1
DA:44,300
DA:45,1
DA:46,1
DA:49,300
LF:26
LH:26
BRDA:8,0,0,27
BRDA:8,0,1,259
BRF:2
BRH:2
end_of_record
TN:
SF:src\contexts\OnboardingContext.ts
FNF:0
FNH:0
DA:22,10
LF:1
LH:1
BRF:0
BRH:0
end_of_record
TN:
SF:src\contexts\OnboardingProvider.tsx
FN:7,OnboardingProvider
FN:14,(anonymous_1)
FN:15,(anonymous_2)
FN:18,(anonymous_3)
FN:19,(anonymous_4)
FN:22,(anonymous_5)
FN:23,(anonymous_6)
FN:26,(anonymous_7)
FN:27,(anonymous_8)
FN:30,(anonymous_9)
FN:31,(anonymous_10)
FN:34,(anonymous_11)
FN:35,(anonymous_12)
FN:38,(anonymous_13)
FN:42,(anonymous_14)
FN:51,(anonymous_15)
FN:80,(anonymous_16)
FNF:17
FNH:1
FNDA:1,OnboardingProvider
FNDA:0,(anonymous_1)
FNDA:0,(anonymous_2)
FNDA:0,(anonymous_3)
FNDA:0,(anonymous_4)
FNDA:0,(anonymous_5)
FNDA:0,(anonymous_6)
FNDA:0,(anonymous_7)
FNDA:0,(anonymous_8)
FNDA:0,(anonymous_9)
FNDA:0,(anonymous_10)
FNDA:0,(anonymous_11)
FNDA:0,(anonymous_12)
FNDA:0,(anonymous_13)
FNDA:0,(anonymous_14)
FNDA:0,(anonymous_15)
FNDA:0,(anonymous_16)
DA:8,1
DA:9,1
DA:10,1
DA:11,1
DA:12,1
DA:14,1
DA:15,0
DA:18,1
DA:19,0
DA:22,1
DA:23,0
DA:26,1
DA:27,0
DA:30,1
DA:31,0
DA:34,1
DA:35,0
DA:38,1
DA:39,0
DA:42,1
DA:43,0
DA:44,0
DA:46,0
DA:47,0
DA:48,0
DA:51,1
DA:52,0
DA:53,0
DA:54,0
DA:56,0
DA:57,0
DA:58,0
DA:59,0
DA:60,0
DA:66,0
DA:70,0
DA:71,0
DA:73,0
DA:74,0
DA:76,0
DA:80,1
DA:81,0
DA:82,0
DA:83,0
DA:84,0
DA:87,1
LF:46
LH:16
BRDA:43,0,0,0
BRDA:43,0,1,0
BRDA:43,1,0,0
BRDA:43,1,1,0
BRDA:43,1,2,0
BRDA:52,2,0,0
BRDA:52,2,1,0
BRDA:52,3,0,0
BRDA:52,3,1,0
BRDA:52,3,2,0
BRDA:52,3,3,0
BRDA:73,4,0,0
BRDA:73,4,1,0
BRF:13
BRH:0
end_of_record
TN:
SF:src\contexts\ThemeContext.tsx
FN:13,getInitialTheme
FN:21,ThemeProvider
FN:24,(anonymous_2)
FN:31,(anonymous_3)
FN:35,(anonymous_4)
FN:36,(anonymous_5)
FN:46,useTheme
FNF:7
FNH:4
FNDA:289,getInitialTheme
FNDA:292,ThemeProvider
FNDA:281,(anonymous_2)
FNDA:0,(anonymous_3)
FNDA:0,(anonymous_4)
FNDA:0,(anonymous_5)
FNDA:76,useTheme
DA:11,10
DA:14,289
DA:15,289
DA:16,289
DA:17,38
DA:18,38
DA:22,292
DA:24,292
DA:25,281
DA:26,281
DA:27,281
DA:28,281
DA:31,292
DA:32,0
DA:35,292
DA:36,0
DA:39,292
DA:47,76
DA:48,76
DA:49,0
DA:51,76
LF:21
LH:18
BRDA:14,0,0,0
BRDA:14,0,1,289
BRDA:16,1,0,251
BRDA:16,1,1,38
BRDA:16,2,0,289
BRDA:16,2,1,38
BRDA:17,3,0,0
BRDA:17,3,1,38
BRDA:36,4,0,0
BRDA:36,4,1,0
BRDA:48,5,0,0
BRDA:48,5,1,76
BRF:12
BRH:7
end_of_record
TN:
SF:src\features\auth\pages\ForgotPasswordPage.tsx
FN:6,ForgotPasswordPage
FN:12,(anonymous_1)
FN:76,(anonymous_2)
FNF:3
FNH:3
FNDA:61,ForgotPasswordPage
FNDA:3,(anonymous_1)
FNDA:51,(anonymous_2)
DA:7,61
DA:8,61
DA:9,61
DA:10,61
DA:12,61
DA:13,3
DA:14,3
DA:15,3
DA:17,3
DA:18,3
DA:19,3
DA:21,3
DA:30,2
DA:31,1
DA:33,1
DA:36,1
DA:38,3
DA:42,61
DA:43,1
DA:62,60
DA:76,51
LF:21
LH:21
BRDA:30,0,0,1
BRDA:30,0,1,1
BRDA:42,1,0,1
BRDA:42,1,1,60
BRDA:79,2,0,60
BRDA:79,2,1,2
BRF:6
BRH:6
end_of_record
TN:
SF:src\features\auth\pages\LoginPage.tsx
FN:18,LoginPage
FN:27,(anonymous_1)
FN:81,(anonymous_2)
FN:101,(anonymous_3)
FNF:4
FNH:2
FNDA:19,LoginPage
FNDA:4,(anonymous_1)
FNDA:0,(anonymous_2)
FNDA:0,(anonymous_3)
DA:11,2
DA:19,19
DA:20,19
DA:21,19
DA:22,19
DA:23,19
DA:27,19
DA:28,4
DA:29,4
DA:30,3
DA:31,3
DA:33,1
DA:37,19
DA:81,0
DA:101,0
LF:15
LH:13
BRDA:31,0,0,1
BRDA:31,0,1,2
BRDA:75,1,0,0
BRDA:75,1,1,19
BRDA:86,2,0,0
BRDA:86,2,1,19
BRDA:93,3,0,19
BRDA:93,3,1,1
BRDA:104,4,0,0
BRDA:104,4,1,19
BRDA:108,5,0,19
BRDA:108,5,1,0
BRF:12
BRH:8
end_of_record
TN:
SF:src\features\auth\pages\RegisterPage.tsx
FN:16,(anonymous_0)
FN:23,RegisterPage
FN:33,(anonymous_2)
FN:97,(anonymous_3)
FN:116,(anonymous_4)
FN:136,(anonymous_5)
FNF:6
FNH:4
FNDA:4,(anonymous_0)
FNDA:16,RegisterPage
FNDA:3,(anonymous_2)
FNDA:0,(anonymous_3)
FNDA:0,(anonymous_4)
FNDA:2,(anonymous_5)
DA:11,1
DA:16,4
DA:24,16
DA:25,16
DA:26,16
DA:27,16
DA:28,16
DA:29,16
DA:33,16
DA:34,3
DA:35,1
DA:36,1
DA:38,2
DA:39,2
DA:40,1
DA:42,1
DA:46,16
DA:97,0
DA:116,0
DA:136,2
LF:20
LH:18
BRDA:34,0,0,1
BRDA:34,0,1,2
BRDA:91,1,0,0
BRDA:91,1,1,16
BRDA:102,2,0,0
BRDA:102,2,1,16
BRDA:110,3,0,0
BRDA:110,3,1,16
BRDA:121,4,0,0
BRDA:121,4,1,16
BRDA:128,5,0,16
BRDA:128,5,1,2
BRDA:139,6,0,4
BRDA:139,6,1,12
BRDA:143,7,0,16
BRDA:143,7,1,4
BRF:16
BRH:12
end_of_record
TN:
SF:src\features\checkout\components\OrderSummary.tsx
FN:17,OrderSummary
FN:49,(anonymous_1)
FN:70,(anonymous_2)
FNF:3
FNH:0
FNDA:0,OrderSummary
FNDA:0,(anonymous_1)
FNDA:0,(anonymous_2)
DA:11,0
DA:18,0
DA:50,0
DA:71,0
LF:4
LH:0
BRDA:17,0,0,0
BRDA:17,1,0,0
BRDA:17,2,0,0
BRDA:17,3,0,0
BRDA:27,4,0,0
BRDA:27,4,1,0
BRF:6
BRH:0
end_of_record
TN:
SF:src\features\checkout\components\PaymentForm.tsx
FN:11,PaymentForm
FN:14,(anonymous_1)
FN:81,(anonymous_2)
FNF:3
FNH:0
FNDA:0,PaymentForm
FNDA:0,(anonymous_1)
FNDA:0,(anonymous_2)
DA:12,0
DA:14,0
DA:15,0
DA:16,0
DA:19,0
DA:81,0
LF:6
LH:0
BRDA:11,0,0,0
BRDA:11,1,0,0
BRDA:92,2,0,0
BRDA:92,2,1,0
BRF:4
BRH:0
end_of_record
TN:
SF:src\features\checkout\pages\CheckoutPage.tsx
FN:10,CheckoutPage
FN:19,(anonymous_1)
FN:21,fetchPlan
FN:30,(anonymous_3)
FN:42,(anonymous_4)
FN:49,(anonymous_5)
FNF:6
FNH:0
FNDA:0,CheckoutPage
FNDA:0,(anonymous_1)
FNDA:0,fetchPlan
FNDA:0,(anonymous_3)
FNDA:0,(anonymous_4)
FNDA:0,(anonymous_5)
DA:11,0
DA:12,0
DA:13,0
DA:14,0
DA:15,0
DA:16,0
DA:17,0
DA:19,0
DA:20,0
DA:22,0
DA:23,0
DA:24,0
DA:26,0
DA:27,0
DA:28,0
DA:29,0
DA:30,0
DA:31,0
DA:32,0
DA:33,0
DA:36,0
DA:38,0
DA:41,0
DA:42,0
DA:45,0
DA:46,0
DA:47,0
DA:49,0
DA:50,0
DA:51,0
DA:52,0
DA:53,0
DA:54,0
DA:56,0
DA:57,0
DA:61,0
DA:62,0
DA:71,0
DA:72,0
DA:94,0
LF:40
LH:0
BRDA:13,0,0,0
BRDA:13,0,1,0
BRDA:22,1,0,0
BRDA:22,1,1,0
BRDA:23,2,0,0
BRDA:23,2,1,0
BRDA:27,3,0,0
BRDA:27,3,1,0
BRDA:30,4,0,0
BRDA:30,4,1,0
BRDA:31,5,0,0
BRDA:31,5,1,0
BRDA:32,6,0,0
BRDA:32,6,1,0
BRDA:36,7,0,0
BRDA:36,7,1,0
BRDA:38,8,0,0
BRDA:38,8,1,0
BRDA:45,9,0,0
BRDA:45,9,1,0
BRDA:45,10,0,0
BRDA:45,10,1,0
BRDA:46,11,0,0
BRDA:46,11,1,0
BRDA:46,12,0,0
BRDA:46,12,1,0
BRDA:50,13,0,0
BRDA:50,13,1,0
BRDA:61,14,0,0
BRDA:61,14,1,0
BRDA:71,15,0,0
BRDA:71,15,1,0
BRDA:107,16,0,0
BRDA:107,16,1,0
BRF:34
BRH:0
end_of_record
TN:
SF:src\features\dashboard\components\DailyOverview.tsx
FN:8,RingSVG
FN:23,DailyOverview
FN:99,(anonymous_2)
FN:135,(anonymous_3)
FN:151,(anonymous_4)
FNF:5
FNH:5
FNDA:1,RingSVG
FNDA:1,DailyOverview
FNDA:3,(anonymous_2)
FNDA:3,(anonymous_3)
FNDA:3,(anonymous_4)
DA:9,1
DA:10,1
DA:11,1
DA:12,1
DA:24,1
DA:25,1
DA:26,1
DA:27,1
DA:28,1
DA:29,1
DA:30,1
DA:31,1
DA:32,1
DA:33,1
DA:34,1
DA:35,1
DA:37,1
DA:38,1
DA:40,1
DA:41,1
DA:42,1
DA:43,1
DA:45,1
DA:46,1
DA:48,1
DA:49,1
DA:55,1
DA:57,1
DA:100,3
DA:136,3
DA:152,3
LF:31
LH:31
BRDA:8,0,0,1
BRDA:8,1,0,1
BRDA:8,2,0,1
BRDA:8,3,0,1
BRDA:17,4,0,1
BRDA:17,4,1,0
BRDA:24,5,0,1
BRDA:24,5,1,0
BRDA:25,6,0,1
BRDA:25,6,1,0
BRDA:26,7,0,1
BRDA:26,7,1,0
BRDA:27,8,0,1
BRDA:27,8,1,0
BRDA:28,9,0,1
BRDA:28,9,1,0
BRDA:29,10,0,1
BRDA:29,10,1,0
BRDA:30,11,0,1
BRDA:30,11,1,0
BRDA:31,12,0,1
BRDA:31,12,1,0
BRDA:32,13,0,1
BRDA:32,13,1,0
BRDA:33,14,0,1
BRDA:33,14,1,0
BRDA:34,15,0,1
BRDA:34,15,1,0
BRDA:35,16,0,1
BRDA:35,16,1,0
BRDA:37,17,0,1
BRDA:37,17,1,0
BRDA:40,18,0,1
BRDA:40,18,1,0
BRDA:48,19,0,0
BRDA:48,19,1,1
BRDA:48,20,0,0
BRDA:48,20,1,1
BRDA:48,21,0,0
BRDA:48,21,1,1
BRDA:153,22,0,2
BRDA:153,22,1,1
BRDA:158,23,0,2
BRDA:158,23,1,0
BRF:44
BRH:25
end_of_record
TN:
SF:src\features\dashboard\components\MacroBreakdown.tsx
FN:9,MacroBar
FN:27,MacroBreakdown
FN:46,(anonymous_2)
FNF:3
FNH:3
FNDA:3,MacroBar
FNDA:1,MacroBreakdown
FNDA:3,(anonymous_2)
DA:10,3
DA:28,1
DA:32,1
DA:33,1
DA:34,1
DA:36,1
DA:42,1
DA:47,3
LF:8
LH:8
BRDA:28,0,0,1
BRDA:28,0,1,0
BRDA:32,1,0,1
BRDA:32,1,1,0
BRDA:33,2,0,1
BRDA:33,2,1,0
BRDA:34,3,0,1
BRDA:34,3,1,0
BRDA:53,4,0,1
BRDA:53,4,1,0
BRDA:57,5,0,1
BRDA:57,5,1,0
BRDA:61,6,0,1
BRDA:61,6,1,0
BRF:14
BRH:7
end_of_record
TN:
SF:src\features\dashboard\components\NextMealWidget.tsx
FN:8,NextMealWidget
FN:23,(anonymous_1)
FN:74,(anonymous_2)
FN:84,(anonymous_3)
FNF:4
FNH:2
FNDA:1,NextMealWidget
FNDA:0,(anonymous_1)
FNDA:1,(anonymous_2)
FNDA:0,(anonymous_3)
DA:9,1
DA:10,1
DA:12,1
DA:13,0
DA:23,0
DA:34,1
DA:40,1
DA:41,1
DA:42,1
DA:45,1
DA:75,1
DA:84,0
LF:12
LH:9
BRDA:8,0,0,1
BRDA:10,1,0,1
BRDA:10,1,1,0
BRDA:12,2,0,0
BRDA:12,2,1,1
BRDA:42,3,0,1
BRDA:42,3,1,1
BRDA:65,4,0,1
BRDA:65,4,1,0
BRDA:67,5,0,1
BRDA:67,5,1,0
BRDA:68,6,0,1
BRDA:68,6,1,0
BRDA:78,7,0,1
BRDA:78,7,1,0
BRF:15
BRH:9
end_of_record
TN:
SF:src\features\dashboard\components\QuickStats.tsx
FN:8,InsightCard
FN:39,QuickStats
FN:86,(anonymous_2)
FNF:3
FNH:3
FNDA:2,InsightCard
FNDA:1,QuickStats
FNDA:2,(anonymous_2)
DA:11,2
DA:25,1
DA:32,1
DA:42,1
DA:44,1
DA:45,1
DA:46,1
DA:47,1
DA:60,1
DA:61,1
DA:62,1
DA:63,1
DA:64,1
DA:76,1
DA:77,0
DA:84,1
DA:87,2
LF:17
LH:16
BRDA:39,0,0,1
BRDA:44,1,0,1
BRDA:44,1,1,0
BRDA:44,2,0,1
BRDA:44,2,1,1
BRDA:53,3,0,1
BRDA:53,3,1,0
BRDA:54,4,0,0
BRDA:54,4,1,1
BRDA:56,5,0,1
BRDA:56,5,1,0
BRDA:60,6,0,1
BRDA:60,6,1,0
BRDA:62,7,0,1
BRDA:62,7,1,0
BRDA:63,8,0,1
BRDA:63,8,1,0
BRDA:76,9,0,0
BRDA:76,9,1,1
BRF:19
BRH:11
end_of_record
TN:
SF:src\features\dashboard\components\WeightTrendChart.tsx
FN:9,formatDate
FN:14,WeightTrendChart
FN:30,(anonymous_2)
FN:35,(anonymous_3)
FN:36,(anonymous_4)
FN:38,(anonymous_5)
FN:49,(anonymous_6)
FN:52,(anonymous_7)
FN:76,(anonymous_8)
FN:90,(anonymous_9)
FN:95,(anonymous_10)
FNF:11
FNH:11
FNDA:2,formatDate
FNDA:1,WeightTrendChart
FNDA:2,(anonymous_2)
FNDA:6,(anonymous_3)
FNDA:5,(anonymous_4)
FNDA:2,(anonymous_5)
FNDA:2,(anonymous_6)
FNDA:3,(anonymous_7)
FNDA:3,(anonymous_8)
FNDA:2,(anonymous_9)
FNDA:2,(anonymous_10)
DA:10,2
DA:11,2
DA:15,1
DA:16,0
DA:24,1
DA:25,1
DA:26,1
DA:27,1
DA:28,1
DA:30,2
DA:31,1
DA:32,1
DA:33,1
DA:35,6
DA:36,5
DA:38,2
DA:39,1
DA:40,1
DA:42,1
DA:46,1
DA:48,1
DA:49,2
DA:52,3
DA:54,1
DA:77,3
DA:91,2
DA:96,2
LF:27
LH:26
BRDA:14,0,0,1
BRDA:15,1,0,0
BRDA:15,1,1,1
BRDA:33,2,0,1
BRDA:33,2,1,0
BRDA:42,3,0,1
BRDA:42,3,1,0
BRDA:46,4,0,1
BRDA:46,4,1,0
BRDA:48,5,0,1
BRDA:48,5,1,0
BRDA:60,6,0,1
BRDA:60,6,1,0
BRDA:61,7,0,0
BRDA:61,7,1,1
BRDA:68,8,0,1
BRDA:68,8,1,1
BRDA:71,9,0,1
BRDA:71,9,1,1
BRDA:79,10,0,1
BRDA:79,10,1,1
BRDA:91,11,0,1
BRDA:91,11,1,1
BRF:23
BRH:16
end_of_record
TN:
SF:src\features\dashboard\pages\DashboardPage.tsx
FN:18,DashboardPage
FN:28,(anonymous_1)
FN:29,(anonymous_2)
FNF:3
FNH:3
FNDA:2,DashboardPage
FNDA:1,(anonymous_1)
FNDA:1,(anonymous_2)
DA:19,2
DA:20,2
DA:21,2
DA:22,2
DA:23,2
DA:24,2
DA:26,2
DA:28,2
DA:29,1
DA:30,1
DA:31,1
DA:37,1
DA:38,1
DA:39,1
DA:40,1
DA:42,0
DA:44,1
DA:47,1
DA:50,2
DA:51,2
DA:52,2
DA:56,2
DA:57,1
DA:64,1
LF:24
LH:23
BRDA:50,0,0,2
BRDA:50,0,1,2
BRDA:50,0,2,1
BRDA:51,1,0,1
BRDA:51,1,1,1
BRDA:52,2,0,1
BRDA:52,2,1,1
BRDA:53,3,0,1
BRDA:53,3,1,0
BRDA:56,4,0,1
BRDA:56,4,1,1
BRDA:68,5,0,1
BRDA:68,5,1,1
BRDA:70,6,0,1
BRDA:70,6,1,0
BRF:15
BRH:13
end_of_record
TN:
SF:src\features\food\components\AddFoodModal.tsx
FN:24,getDayName
FN:28,withUpdatedTotals
FN:31,(anonymous_2)
FN:32,(anonymous_3)
FN:38,getWeekDays
FN:58,getWeekStart
FN:66,AddFoodModal
FN:76,(anonymous_7)
FN:94,(anonymous_8)
FN:144,(anonymous_9)
FN:164,(anonymous_10)
FN:164,(anonymous_11)
FN:171,(anonymous_12)
FN:171,(anonymous_13)
FN:185,(anonymous_14)
FN:188,(anonymous_15)
FN:205,(anonymous_16)
FN:208,(anonymous_17)
FNF:18
FNH:0
FNDA:0,getDayName
FNDA:0,withUpdatedTotals
FNDA:0,(anonymous_2)
FNDA:0,(anonymous_3)
FNDA:0,getWeekDays
FNDA:0,getWeekStart
FNDA:0,AddFoodModal
FNDA:0,(anonymous_7)
FNDA:0,(anonymous_8)
FNDA:0,(anonymous_9)
FNDA:0,(anonymous_10)
FNDA:0,(anonymous_11)
FNDA:0,(anonymous_12)
FNDA:0,(anonymous_13)
FNDA:0,(anonymous_14)
FNDA:0,(anonymous_15)
FNDA:0,(anonymous_16)
FNDA:0,(anonymous_17)
DA:17,0
DA:25,0
DA:29,0
DA:31,0
DA:32,0
DA:39,0
DA:40,0
DA:41,0
DA:42,0
DA:43,0
DA:44,0
DA:45,0
DA:46,0
DA:47,0
DA:48,0
DA:49,0
DA:55,0
DA:59,0
DA:60,0
DA:61,0
DA:62,0
DA:63,0
DA:67,0
DA:68,0
DA:69,0
DA:71,0
DA:72,0
DA:73,0
DA:74,0
DA:76,0
DA:77,0
DA:78,0
DA:79,0
DA:80,0
DA:86,0
DA:87,0
DA:88,0
DA:90,0
DA:91,0
DA:92,0
DA:94,0
DA:95,0
DA:110,0
DA:111,0
DA:116,0
DA:127,0
DA:128,0
DA:129,0
DA:130,0
DA:133,0
DA:134,0
DA:136,0
DA:140,0
DA:144,0
DA:164,0
DA:171,0
DA:186,0
DA:188,0
DA:206,0
DA:208,0
LF:60
LH:0
BRDA:33,0,0,0
BRDA:33,0,1,0
BRDA:34,1,0,0
BRDA:34,1,1,0
BRDA:43,2,0,0
BRDA:43,2,1,0
BRDA:61,3,0,0
BRDA:61,3,1,0
BRDA:79,4,0,0
BRDA:79,4,1,0
BRDA:88,5,0,0
BRDA:88,5,1,0
BRDA:92,6,0,0
BRDA:92,6,1,0
BRDA:104,7,0,0
BRDA:104,7,1,0
BRDA:110,8,0,0
BRDA:110,8,1,0
BRDA:113,9,0,0
BRDA:113,9,1,0
BRDA:149,10,0,0
BRDA:149,10,1,0
BRDA:182,11,0,0
BRDA:182,11,1,0
BRDA:190,12,0,0
BRDA:190,12,1,0
BRDA:195,13,0,0
BRDA:195,13,1,0
BRDA:210,14,0,0
BRDA:210,14,1,0
BRDA:225,15,0,0
BRDA:225,15,1,0
BRDA:243,16,0,0
BRDA:243,16,1,0
BRDA:249,17,0,0
BRDA:249,17,1,0
BRF:36
BRH:0
end_of_record
TN:
SF:src\features\food\pages\FoodDetailPage.tsx
FN:9,FoodDetailPage
FN:18,(anonymous_1)
FN:20,(anonymous_2)
FN:23,(anonymous_3)
FN:25,fetch
FN:38,(anonymous_5)
FN:61,(anonymous_6)
FN:93,(anonymous_7)
FN:118,(anonymous_8)
FN:125,(anonymous_9)
FN:141,(anonymous_10)
FN:142,(anonymous_11)
FN:143,(anonymous_12)
FNF:13
FNH:0
FNDA:0,FoodDetailPage
FNDA:0,(anonymous_1)
FNDA:0,(anonymous_2)
FNDA:0,(anonymous_3)
FNDA:0,fetch
FNDA:0,(anonymous_5)
FNDA:0,(anonymous_6)
FNDA:0,(anonymous_7)
FNDA:0,(anonymous_8)
FNDA:0,(anonymous_9)
FNDA:0,(anonymous_10)
FNDA:0,(anonymous_11)
FNDA:0,(anonymous_12)
DA:10,0
DA:11,0
DA:12,0
DA:13,0
DA:14,0
DA:15,0
DA:16,0
DA:18,0
DA:19,0
DA:20,0
DA:23,0
DA:24,0
DA:26,0
DA:27,0
DA:28,0
DA:29,0
DA:30,0
DA:32,0
DA:34,0
DA:37,0
DA:38,0
DA:41,0
DA:42,0
DA:49,0
DA:50,0
DA:57,0
DA:61,0
DA:94,0
DA:118,0
DA:125,0
DA:141,0
DA:142,0
DA:143,0
LF:33
LH:0
BRDA:26,0,0,0
BRDA:26,0,1,0
BRDA:26,1,0,0
BRDA:26,1,1,0
BRDA:28,2,0,0
BRDA:28,2,1,0
BRDA:30,3,0,0
BRDA:30,3,1,0
BRDA:32,4,0,0
BRDA:32,4,1,0
BRDA:34,5,0,0
BRDA:34,5,1,0
BRDA:41,6,0,0
BRDA:41,6,1,0
BRDA:49,7,0,0
BRDA:49,7,1,0
BRDA:49,8,0,0
BRDA:49,8,1,0
BRDA:68,9,0,0
BRDA:68,9,1,0
BRDA:71,10,0,0
BRDA:71,10,1,0
BRDA:77,11,0,0
BRDA:77,11,1,0
BRDA:82,12,0,0
BRDA:82,12,1,0
BRDA:83,13,0,0
BRDA:83,13,1,0
BRDA:103,14,0,0
BRDA:103,14,1,0
BRDA:105,15,0,0
BRDA:105,15,1,0
BRDA:110,16,0,0
BRDA:110,16,1,0
BRDA:137,17,0,0
BRDA:137,17,1,0
BRF:36
BRH:0
end_of_record
TN:
SF:src\features\food\pages\FoodListPage.tsx
FN:8,FoodListPage
FN:14,(anonymous_1)
FN:16,fetch
FN:28,(anonymous_3)
FN:32,(anonymous_4)
FN:48,(anonymous_5)
FN:63,(anonymous_6)
FN:66,(anonymous_7)
FNF:8
FNH:0
FNDA:0,FoodListPage
FNDA:0,(anonymous_1)
FNDA:0,fetch
FNDA:0,(anonymous_3)
FNDA:0,(anonymous_4)
FNDA:0,(anonymous_5)
FNDA:0,(anonymous_6)
FNDA:0,(anonymous_7)
DA:9,0
DA:10,0
DA:11,0
DA:12,0
DA:14,0
DA:15,0
DA:17,0
DA:18,0
DA:19,0
DA:20,0
DA:22,0
DA:24,0
DA:27,0
DA:28,0
DA:31,0
DA:32,0
DA:35,0
DA:48,0
DA:64,0
DA:66,0
LF:20
LH:0
BRDA:18,0,0,0
BRDA:18,0,1,0
BRDA:20,1,0,0
BRDA:20,1,1,0
BRDA:22,2,0,0
BRDA:22,2,1,0
BRDA:24,3,0,0
BRDA:24,3,1,0
BRDA:31,4,0,0
BRDA:31,4,1,0
BRDA:32,5,0,0
BRDA:32,5,1,0
BRDA:32,6,0,0
BRDA:32,6,1,0
BRDA:55,7,0,0
BRDA:55,7,1,0
BRDA:59,8,0,0
BRDA:59,8,1,0
BRDA:60,9,0,0
BRDA:60,9,1,0
BRDA:70,10,0,0
BRDA:70,10,1,0
BRDA:73,11,0,0
BRDA:73,11,1,0
BRDA:77,12,0,0
BRDA:77,12,1,0
BRDA:88,13,0,0
BRDA:88,13,1,0
BRF:28
BRH:0
end_of_record
TN:
SF:src\features\insights\components\Milestones.tsx
FN:7,XpBar
FN:16,Milestones
FN:17,(anonymous_2)
FN:19,(anonymous_3)
FN:69,(anonymous_4)
FNF:5
FNH:0
FNDA:0,XpBar
FNDA:0,Milestones
FNDA:0,(anonymous_2)
FNDA:0,(anonymous_3)
FNDA:0,(anonymous_4)
DA:8,0
DA:17,0
DA:18,0
DA:19,0
DA:20,0
DA:22,0
DA:70,0
DA:71,0
DA:73,0
LF:9
LH:0
BRDA:20,0,0,0
BRDA:20,0,1,0
BRDA:38,1,0,0
BRDA:38,1,1,0
BRDA:47,2,0,0
BRDA:47,2,1,0
BRDA:62,3,0,0
BRDA:62,3,1,0
BRDA:71,4,0,0
BRDA:71,4,1,0
BRDA:78,5,0,0
BRDA:78,5,1,0
BRDA:80,6,0,0
BRDA:80,6,1,0
BRDA:84,7,0,0
BRDA:84,7,1,0
BRDA:87,8,0,0
BRDA:87,8,1,0
BRDA:88,9,0,0
BRDA:88,9,1,0
BRDA:92,10,0,0
BRDA:92,10,1,0
BRDA:93,11,0,0
BRDA:93,11,1,0
BRDA:98,12,0,0
BRDA:98,12,1,0
BRDA:101,13,0,0
BRDA:101,13,1,0
BRDA:101,14,0,0
BRDA:101,14,1,0
BRDA:104,15,0,0
BRDA:104,15,1,0
BRDA:104,16,0,0
BRDA:104,16,1,0
BRDA:109,17,0,0
BRDA:109,17,1,0
BRDA:113,18,0,0
BRDA:113,18,1,0
BRDA:118,19,0,0
BRDA:118,19,1,0
BRDA:118,19,2,0
BRDA:139,20,0,0
BRDA:139,20,1,0
BRDA:154,21,0,0
BRDA:154,21,1,0
BRF:45
BRH:0
end_of_record
TN:
SF:src\features\insights\components\NutritionalBalance.tsx
FN:8,(anonymous_0)
FN:9,(anonymous_1)
FN:10,(anonymous_2)
FN:11,(anonymous_3)
FN:14,MacroRing
FN:37,AdherencePill
FN:51,NutritionalBalance
FN:52,(anonymous_7)
FN:53,(anonymous_8)
FN:54,(anonymous_9)
FN:58,(anonymous_10)
FN:96,(anonymous_11)
FN:107,(anonymous_12)
FN:120,(anonymous_13)
FN:125,(anonymous_14)
FN:149,(anonymous_15)
FNF:16
FNH:0
FNDA:0,(anonymous_0)
FNDA:0,(anonymous_1)
FNDA:0,(anonymous_2)
FNDA:0,(anonymous_3)
FNDA:0,MacroRing
FNDA:0,AdherencePill
FNDA:0,NutritionalBalance
FNDA:0,(anonymous_7)
FNDA:0,(anonymous_8)
FNDA:0,(anonymous_9)
FNDA:0,(anonymous_10)
FNDA:0,(anonymous_11)
FNDA:0,(anonymous_12)
FNDA:0,(anonymous_13)
FNDA:0,(anonymous_14)
FNDA:0,(anonymous_15)
DA:7,0
DA:8,0
DA:9,0
DA:10,0
DA:11,0
DA:15,0
DA:16,0
DA:17,0
DA:18,0
DA:19,0
DA:20,0
DA:21,0
DA:38,0
DA:39,0
DA:46,0
DA:52,0
DA:53,0
DA:54,0
DA:55,0
DA:58,0
DA:60,0
DA:97,0
DA:108,0
DA:121,0
DA:126,0
DA:127,0
DA:128,0
DA:150,0
LF:28
LH:0
BRDA:14,0,0,0
BRDA:22,1,0,0
BRDA:22,1,1,0
BRDA:25,2,0,0
BRDA:25,2,1,0
BRDA:38,3,0,0
BRDA:38,3,1,0
BRDA:38,4,0,0
BRDA:38,4,1,0
BRDA:38,5,0,0
BRDA:38,5,1,0
BRDA:38,6,0,0
BRDA:38,6,1,0
BRDA:54,7,0,0
BRDA:54,7,1,0
BRDA:72,8,0,0
BRDA:72,8,1,0
BRDA:76,9,0,0
BRDA:76,9,1,0
BRDA:87,10,0,0
BRDA:87,10,1,0
BRDA:127,11,0,0
BRDA:127,11,1,0
BRDA:127,12,0,0
BRDA:127,12,1,0
BRDA:127,13,0,0
BRDA:127,13,1,0
BRDA:127,14,0,0
BRDA:127,14,1,0
BRF:29
BRH:0
end_of_record
TN:
SF:src\features\insights\components\SmartInsights.tsx
FN:10,SmartInsights
FN:39,(anonymous_1)
FNF:2
FNH:0
FNDA:0,SmartInsights
FNDA:0,(anonymous_1)
DA:8,0
DA:11,0
DA:40,0
DA:41,0
LF:4
LH:0
BRDA:29,0,0,0
BRDA:29,0,1,0
BRDA:53,1,0,0
BRDA:53,1,1,0
BRDA:57,2,0,0
BRDA:57,2,1,0
BRDA:68,3,0,0
BRDA:68,3,1,0
BRDA:71,4,0,0
BRDA:71,4,1,0
BRF:10
BRH:0
end_of_record
TN:
SF:src\features\insights\components\TimeRangeSelector.tsx
FN:12,TimeRangeSelector
FN:15,(anonymous_1)
FN:16,(anonymous_2)
FNF:3
FNH:0
FNDA:0,TimeRangeSelector
FNDA:0,(anonymous_1)
FNDA:0,(anonymous_2)
DA:6,0
DA:13,0
DA:16,0
LF:3
LH:0
BRDA:18,0,0,0
BRDA:18,0,1,0
BRF:2
BRH:0
end_of_record
TN:
SF:src\features\insights\components\WeightAnalytics.tsx
FN:12,formatDate
FN:17,GaugeRing
FN:30,WeightAnalytics
FN:31,(anonymous_3)
FN:42,(anonymous_4)
FN:43,(anonymous_5)
FN:45,(anonymous_6)
FN:52,(anonymous_7)
FN:86,(anonymous_8)
FN:113,(anonymous_9)
FN:128,(anonymous_10)
FN:144,(anonymous_11)
FNF:12
FNH:0
FNDA:0,formatDate
FNDA:0,GaugeRing
FNDA:0,WeightAnalytics
FNDA:0,(anonymous_3)
FNDA:0,(anonymous_4)
FNDA:0,(anonymous_5)
FNDA:0,(anonymous_6)
FNDA:0,(anonymous_7)
FNDA:0,(anonymous_8)
FNDA:0,(anonymous_9)
FNDA:0,(anonymous_10)
FNDA:0,(anonymous_11)
DA:13,0
DA:14,0
DA:18,0
DA:19,0
DA:20,0
DA:21,0
DA:31,0
DA:32,0
DA:33,0
DA:34,0
DA:36,0
DA:37,0
DA:38,0
DA:39,0
DA:40,0
DA:42,0
DA:43,0
DA:45,0
DA:46,0
DA:47,0
DA:49,0
DA:51,0
DA:52,0
DA:55,0
DA:56,0
DA:60,0
DA:64,0
DA:87,0
DA:114,0
DA:129,0
DA:145,0
LF:31
LH:0
BRDA:17,0,0,0
BRDA:17,1,0,0
BRDA:17,2,0,0
BRDA:32,3,0,0
BRDA:32,3,1,0
BRDA:33,4,0,0
BRDA:33,4,1,0
BRDA:34,5,0,0
BRDA:34,5,1,0
BRDA:42,6,0,0
BRDA:42,6,1,0
BRDA:46,7,0,0
BRDA:46,7,1,0
BRDA:47,8,0,0
BRDA:47,8,1,0
BRDA:49,9,0,0
BRDA:49,9,1,0
BRDA:51,10,0,0
BRDA:51,10,1,0
BRDA:56,11,0,0
BRDA:56,11,1,0
BRDA:60,12,0,0
BRDA:60,12,1,0
BRDA:60,13,0,0
BRDA:60,13,1,0
BRDA:76,14,0,0
BRDA:76,14,1,0
BRDA:85,15,0,0
BRDA:85,15,1,0
BRDA:104,16,0,0
BRDA:104,16,1,0
BRDA:118,17,0,0
BRDA:118,17,1,0
BRDA:129,18,0,0
BRDA:129,18,1,0
BRDA:131,19,0,0
BRDA:131,19,1,0
BRDA:142,20,0,0
BRDA:142,20,1,0
BRDA:164,21,0,0
BRDA:164,21,1,0
BRDA:165,22,0,0
BRDA:165,22,1,0
BRDA:166,23,0,0
BRDA:166,23,1,0
BRDA:177,24,0,0
BRDA:177,24,1,0
BRF:47
BRH:0
end_of_record
TN:
SF:src\features\insights\pages\InsightsPage.tsx
FN:20,InsightsPage
FN:28,(anonymous_1)
FN:30,fetchAll
FN:52,(anonymous_3)
FNF:4
FNH:0
FNDA:0,InsightsPage
FNDA:0,(anonymous_1)
FNDA:0,fetchAll
FNDA:0,(anonymous_3)
DA:11,0
DA:21,0
DA:22,0
DA:23,0
DA:24,0
DA:25,0
DA:26,0
DA:28,0
DA:29,0
DA:31,0
DA:32,0
DA:33,0
DA:39,0
DA:40,0
DA:41,0
DA:42,0
DA:43,0
DA:48,0
DA:51,0
DA:52,0
DA:55,0
LF:21
LH:0
BRDA:32,0,0,0
BRDA:32,0,1,0
BRDA:39,1,0,0
BRDA:39,1,1,0
BRDA:40,2,0,0
BRDA:40,2,1,0
BRDA:41,3,0,0
BRDA:41,3,1,0
BRDA:42,4,0,0
BRDA:42,4,1,0
BRDA:43,5,0,0
BRDA:43,5,1,0
BRDA:48,6,0,0
BRDA:48,6,1,0
BRDA:71,7,0,0
BRDA:71,7,1,0
BRF:16
BRH:0
end_of_record
TN:
SF:src\features\meal-planner\components\AIGeneratePanel.tsx
FN:14,AIGeneratePanel
FNF:1
FNH:1
FNDA:9,AIGeneratePanel
DA:22,9
DA:23,0
DA:41,9
DA:42,0
DA:60,9
LF:5
LH:3
BRDA:22,0,0,0
BRDA:22,0,1,9
BRDA:25,1,0,0
BRDA:25,1,1,0
BRDA:31,2,0,0
BRDA:31,2,1,0
BRDA:41,3,0,0
BRDA:41,3,1,9
BRF:8
BRH:2
end_of_record
TN:
SF:src\features\meal-planner\components\AIReviewModal.tsx
FN:23,AIReviewModal
FN:40,(anonymous_1)
FN:47,(anonymous_2)
FN:69,(anonymous_3)
FNF:4
FNH:1
FNDA:9,AIReviewModal
FNDA:0,(anonymous_1)
FNDA:0,(anonymous_2)
FNDA:0,(anonymous_3)
DA:39,9
DA:48,0
DA:70,0
LF:3
LH:1
BRDA:40,0,0,0
BRDA:40,0,1,9
BRDA:41,1,0,9
BRDA:41,1,1,0
BRDA:53,2,0,9
BRDA:53,2,1,0
BRDA:60,3,0,0
BRDA:60,3,1,0
BRDA:74,4,0,9
BRDA:74,4,1,0
BRDA:83,5,0,0
BRDA:83,5,1,9
BRDA:101,6,0,0
BRDA:101,6,1,9
BRF:14
BRH:6
end_of_record
TN:
SF:src\features\meal-planner\components\AddMealModal.tsx
FN:22,AddMealModal
FN:31,(anonymous_1)
FN:33,(anonymous_2)
FN:49,(anonymous_3)
FN:49,(anonymous_4)
FN:51,(anonymous_5)
FN:63,(anonymous_6)
FN:90,(anonymous_7)
FN:93,(anonymous_8)
FN:111,(anonymous_9)
FN:112,(anonymous_10)
FN:133,(anonymous_11)
FN:136,(anonymous_12)
FNF:13
FNH:9
FNDA:31,AddMealModal
FNDA:18,(anonymous_1)
FNDA:8,(anonymous_2)
FNDA:0,(anonymous_3)
FNDA:0,(anonymous_4)
FNDA:2,(anonymous_5)
FNDA:31,(anonymous_6)
FNDA:84,(anonymous_7)
FNDA:0,(anonymous_8)
FNDA:84,(anonymous_9)
FNDA:0,(anonymous_10)
FNDA:39,(anonymous_11)
FNDA:2,(anonymous_12)
DA:7,3
DA:8,3
DA:23,31
DA:24,31
DA:25,31
DA:26,31
DA:27,31
DA:28,31
DA:29,31
DA:31,31
DA:32,18
DA:33,8
DA:34,8
DA:35,8
DA:36,8
DA:37,8
DA:39,0
DA:41,8
DA:44,8
DA:47,31
DA:49,0
DA:51,31
DA:52,2
DA:53,2
DA:54,2
DA:55,2
DA:56,2
DA:58,1
DA:59,1
DA:63,31
DA:64,31
DA:65,31
DA:68,31
DA:70,21
DA:91,84
DA:93,0
DA:112,84
DA:134,39
DA:135,39
DA:136,2
LF:40
LH:37
BRDA:32,0,0,10
BRDA:32,0,1,8
BRDA:47,1,0,31
BRDA:47,1,1,0
BRDA:49,2,0,0
BRDA:49,2,1,0
BRDA:49,3,0,0
BRDA:49,3,1,0
BRDA:52,4,0,0
BRDA:52,4,1,2
BRDA:52,5,0,2
BRDA:52,5,1,2
BRDA:68,6,0,10
BRDA:68,6,1,21
BRDA:95,7,0,21
BRDA:95,7,1,63
BRDA:114,8,0,21
BRDA:114,8,1,63
BRDA:124,9,0,8
BRDA:124,9,1,13
BRDA:126,10,0,0
BRDA:126,10,1,13
BRDA:136,11,0,0
BRDA:136,11,1,2
BRDA:138,12,0,5
BRDA:138,12,1,34
BRDA:144,13,0,0
BRDA:144,13,1,39
BRDA:152,14,0,39
BRDA:152,14,1,39
BRDA:172,15,0,5
BRDA:172,15,1,34
BRDA:174,16,0,39
BRDA:174,16,1,5
BRDA:184,17,0,31
BRDA:184,17,1,1
BRDA:198,18,0,31
BRDA:198,18,1,5
BRDA:200,19,0,3
BRDA:200,19,1,18
BRDA:200,20,0,31
BRDA:200,20,1,5
BRDA:205,21,0,2
BRDA:205,21,1,19
BRF:44
BRH:35
end_of_record
TN:
SF:src\features\meal-planner\components\DailyPlanner.tsx
FN:18,fmtDate
FN:29,DailyPlanner
FN:40,(anonymous_2)
FN:64,(anonymous_3)
FN:68,(anonymous_4)
FNF:5
FNH:4
FNDA:6,fmtDate
FNDA:16,DailyPlanner
FNDA:0,(anonymous_2)
FNDA:6,(anonymous_3)
FNDA:1,(anonymous_4)
DA:6,3
DA:8,3
DA:19,6
DA:30,16
DA:31,10
DA:40,6
DA:41,6
DA:42,6
DA:44,16
DA:65,6
DA:68,1
LF:11
LH:11
BRDA:30,0,0,10
BRDA:30,0,1,6
BRDA:40,1,0,0
BRDA:40,1,1,0
BRDA:40,2,0,0
BRDA:40,2,1,0
BRDA:42,3,0,6
BRDA:42,3,1,6
BRDA:45,4,0,0
BRDA:45,4,1,6
BRDA:47,5,0,0
BRDA:47,5,1,6
BRDA:49,6,0,0
BRDA:49,6,1,6
BRDA:51,7,0,16
BRDA:51,7,1,0
BRDA:58,8,0,0
BRDA:58,8,1,6
BRF:18
BRH:9
end_of_record
TN:
SF:src\features\meal-planner\components\DayReviewPanel.tsx
FN:22,DayReviewPanel
FN:25,(anonymous_1)
FN:32,(anonymous_2)
FN:52,(anonymous_3)
FN:71,(anonymous_4)
FNF:5
FNH:0
FNDA:0,DayReviewPanel
FNDA:0,(anonymous_1)
FNDA:0,(anonymous_2)
FNDA:0,(anonymous_3)
FNDA:0,(anonymous_4)
DA:5,2
DA:7,2
DA:23,0
DA:24,0
DA:25,0
DA:27,0
DA:29,0
DA:32,0
DA:53,0
DA:72,0
LF:10
LH:2
BRDA:25,0,0,0
BRDA:25,0,1,0
BRDA:25,1,0,0
BRDA:25,1,1,0
BRDA:27,2,0,0
BRDA:27,2,1,0
BRDA:44,3,0,0
BRDA:44,3,1,0
BRDA:50,4,0,0
BRDA:50,4,1,0
BRDA:69,5,0,0
BRDA:69,5,1,0
BRF:12
BRH:0
end_of_record
TN:
SF:src\features\meal-planner\components\DaySelector.tsx
FN:11,DaySelector
FN:16,(anonymous_1)
FN:27,(anonymous_2)
FNF:3
FNH:3
FNDA:12,DaySelector
FNDA:84,(anonymous_1)
FNDA:1,(anonymous_2)
DA:3,3
DA:12,12
DA:14,12
DA:17,84
DA:18,84
DA:19,84
DA:20,84
DA:21,84
DA:22,84
DA:24,84
DA:27,1
LF:11
LH:11
BRDA:29,0,0,12
BRDA:29,0,1,72
BRDA:32,1,0,3
BRDA:32,1,1,81
BRDA:32,2,0,84
BRDA:32,2,1,12
BRDA:35,3,0,12
BRDA:35,3,1,72
BRF:8
BRH:8
end_of_record
TN:
SF:src\features\meal-planner\components\MealCard.tsx
FN:20,MealCard
FN:31,(anonymous_1)
FN:37,(anonymous_2)
FN:61,(anonymous_3)
FNF:4
FNH:2
FNDA:10,MealCard
FNDA:0,(anonymous_1)
FNDA:1,(anonymous_2)
FNDA:0,(anonymous_3)
DA:4,4
DA:21,10
DA:22,10
DA:31,0
DA:37,1
DA:61,0
LF:6
LH:4
BRDA:21,0,0,10
BRDA:21,0,1,0
BRDA:25,1,0,0
BRDA:25,1,1,10
BRDA:26,2,0,10
BRDA:26,2,1,0
BRDA:27,3,0,0
BRDA:27,3,1,0
BRDA:30,4,0,10
BRDA:30,4,1,0
BRDA:44,5,0,0
BRDA:44,5,1,10
BRDA:45,6,0,10
BRDA:45,6,1,0
BRDA:46,7,0,0
BRDA:46,7,1,0
BRDA:50,8,0,10
BRDA:50,8,1,0
BRDA:58,9,0,10
BRDA:58,9,1,2
BRF:20
BRH:9
end_of_record
TN:
SF:src\features\meal-planner\components\MealPreviewCard.tsx
FN:14,MealPreviewCard
FNF:1
FNH:0
FNDA:0,MealPreviewCard
DA:3,2
DA:15,0
DA:16,0
LF:3
LH:1
BRDA:15,0,0,0
BRDA:15,0,1,0
BRDA:21,1,0,0
BRDA:21,1,1,0
BRDA:23,2,0,0
BRDA:23,2,1,0
BRDA:25,3,0,0
BRDA:25,3,1,0
BRDA:35,4,0,0
BRDA:35,4,1,0
BRDA:37,5,0,0
BRDA:37,5,1,0
BRDA:39,6,0,0
BRDA:39,6,1,0
BRDA:54,7,0,0
BRDA:54,7,1,0
BRDA:68,8,0,0
BRDA:68,8,1,0
BRF:18
BRH:0
end_of_record
TN:
SF:src\features\meal-planner\components\MealSwapModal.tsx
FN:23,MealSwapModal
FN:39,(anonymous_1)
FN:41,(anonymous_2)
FN:43,(anonymous_3)
FN:46,(anonymous_4)
FN:52,(anonymous_5)
FN:57,(anonymous_6)
FN:71,(anonymous_7)
FN:76,(anonymous_8)
FN:83,(anonymous_9)
FN:94,(anonymous_10)
FN:142,(anonymous_11)
FN:155,(anonymous_12)
FN:165,(anonymous_13)
FN:180,(anonymous_14)
FN:198,(anonymous_15)
FNF:16
FNH:6
FNDA:14,MealSwapModal
FNDA:1,(anonymous_1)
FNDA:0,(anonymous_2)
FNDA:0,(anonymous_3)
FNDA:11,(anonymous_4)
FNDA:0,(anonymous_5)
FNDA:0,(anonymous_6)
FNDA:0,(anonymous_7)
FNDA:0,(anonymous_8)
FNDA:1,(anonymous_9)
FNDA:0,(anonymous_10)
FNDA:1,(anonymous_11)
FNDA:1,(anonymous_12)
FNDA:0,(anonymous_13)
FNDA:0,(anonymous_14)
FNDA:0,(anonymous_15)
DA:9,2
DA:34,14
DA:35,14
DA:36,14
DA:37,14
DA:39,14
DA:40,1
DA:41,1
DA:42,1
DA:43,0
DA:46,14
DA:47,11
DA:48,2
DA:52,14
DA:53,0
DA:54,0
DA:57,14
DA:58,0
DA:59,0
DA:60,0
DA:61,0
DA:62,0
DA:63,0
DA:64,0
DA:65,0
DA:67,0
DA:71,14
DA:72,0
DA:73,0
DA:76,14
DA:77,0
DA:78,0
DA:79,0
DA:80,0
DA:83,14
DA:84,1
DA:85,1
DA:86,1
DA:87,1
DA:93,14
DA:143,1
DA:156,1
DA:157,1
DA:158,1
DA:165,0
DA:180,0
DA:198,0
LF:47
LH:26
BRDA:40,0,0,0
BRDA:40,0,1,1
BRDA:42,1,0,1
BRDA:42,1,1,0
BRDA:43,2,0,0
BRDA:43,2,1,0
BRDA:47,3,0,2
BRDA:47,3,1,9
BRDA:47,4,0,11
BRDA:47,4,1,2
BRDA:53,5,0,0
BRDA:53,5,1,0
BRDA:58,6,0,0
BRDA:58,6,1,0
BRDA:58,7,0,0
BRDA:58,7,1,0
BRDA:62,8,0,0
BRDA:62,8,1,0
BRDA:77,9,0,0
BRDA:77,9,1,0
BRDA:84,10,0,0
BRDA:84,10,1,1
BRDA:88,11,0,1
BRDA:88,11,1,0
BRDA:89,12,0,1
BRDA:89,12,1,0
BRDA:94,13,0,0
BRDA:94,13,1,14
BRDA:96,14,0,14
BRDA:96,14,1,5
BRDA:99,15,0,5
BRDA:99,15,1,0
BRDA:112,16,0,14
BRDA:112,16,1,2
BRDA:122,17,0,14
BRDA:122,17,1,0
BRDA:122,17,2,0
BRDA:140,18,0,14
BRDA:140,18,1,1
BRDA:140,18,2,1
BRDA:140,18,3,1
BRDA:149,19,0,14
BRDA:149,19,1,12
BRDA:149,19,2,12
BRDA:149,19,3,1
BRDA:149,19,4,1
BRDA:167,20,0,1
BRDA:167,20,1,1
BRDA:181,21,0,1
BRDA:181,21,1,0
BRDA:190,22,0,14
BRDA:190,22,1,12
BRDA:190,22,2,12
BRDA:190,22,3,0
BRDA:190,22,4,0
BRDA:195,23,0,0
BRDA:195,23,1,0
BRDA:210,24,0,14
BRDA:210,24,1,12
BRDA:210,24,2,12
BRDA:210,24,3,11
BRF:61
BRH:35
end_of_record
TN:
SF:src\features\meal-planner\components\NutritionSummary.tsx
FN:19,NutritionSummary
FN:23,(anonymous_1)
FN:25,(anonymous_2)
FN:38,(anonymous_3)
FN:53,(anonymous_4)
FNF:5
FNH:5
FNDA:9,NutritionSummary
FNDA:7,(anonymous_1)
FNDA:7,(anonymous_2)
FNDA:7,(anonymous_3)
FNDA:8,(anonymous_4)
DA:12,4
DA:20,9
DA:21,9
DA:23,9
DA:24,7
DA:25,7
DA:26,7
DA:27,7
DA:28,7
DA:29,6
DA:32,0
DA:34,7
DA:37,7
DA:38,7
DA:41,9
DA:42,7
DA:51,2
DA:54,8
DA:55,8
DA:56,8
DA:57,8
DA:58,8
DA:60,8
LF:23
LH:22
BRDA:28,0,0,6
BRDA:28,0,1,1
BRDA:28,1,0,7
BRDA:28,1,1,7
BRDA:32,2,0,0
BRDA:32,2,1,0
BRDA:34,3,0,7
BRDA:34,3,1,0
BRDA:41,4,0,7
BRDA:41,4,1,2
BRDA:54,5,0,4
BRDA:54,5,1,4
BRDA:56,6,0,4
BRDA:56,6,1,4
BRDA:57,7,0,4
BRDA:57,7,1,4
BRDA:69,8,0,8
BRDA:69,8,1,4
BRDA:72,9,0,4
BRDA:72,9,1,0
BRDA:73,10,0,4
BRDA:73,10,1,0
BRDA:79,11,0,8
BRDA:79,11,1,4
BRF:24
BRH:19
end_of_record
TN:
SF:src\features\meal-planner\components\PlannerToolbar.tsx
FN:8,PlannerToolbar
FN:17,(anonymous_1)
FNF:2
FNH:2
FNDA:12,PlannerToolbar
FNDA:36,(anonymous_1)
DA:9,12
DA:15,12
DA:18,36
LF:3
LH:3
BRDA:23,0,0,3
BRDA:23,0,1,33
BRDA:27,1,0,33
BRDA:27,1,1,3
BRF:4
BRH:4
end_of_record
TN:
SF:src\features\meal-planner\components\RecipeLibrary.tsx
FN:9,RecipeLibrary
FN:15,(anonymous_1)
FN:16,(anonymous_2)
FN:32,(anonymous_3)
FN:32,(anonymous_4)
FN:48,(anonymous_5)
FN:56,(anonymous_6)
FN:57,(anonymous_7)
FN:81,(anonymous_8)
FN:82,(anonymous_9)
FNF:10
FNH:4
FNDA:9,RecipeLibrary
FNDA:9,(anonymous_1)
FNDA:9,(anonymous_2)
FNDA:0,(anonymous_3)
FNDA:0,(anonymous_4)
FNDA:0,(anonymous_5)
FNDA:36,(anonymous_6)
FNDA:0,(anonymous_7)
FNDA:0,(anonymous_8)
FNDA:0,(anonymous_9)
DA:7,2
DA:10,9
DA:11,9
DA:12,9
DA:13,9
DA:15,9
DA:16,9
DA:17,9
DA:18,9
DA:19,9
DA:20,9
DA:22,0
DA:24,9
DA:27,9
DA:30,9
DA:32,0
DA:34,9
DA:48,0
DA:57,36
DA:82,0
LF:20
LH:16
BRDA:30,0,0,9
BRDA:30,0,1,0
BRDA:32,1,0,0
BRDA:32,1,1,0
BRDA:32,2,0,0
BRDA:32,2,1,0
BRDA:59,3,0,9
BRDA:59,3,1,27
BRDA:72,4,0,9
BRDA:72,4,1,0
BRDA:74,5,0,0
BRDA:74,5,1,0
BRDA:86,6,0,0
BRDA:86,6,1,0
BRDA:94,7,0,0
BRDA:94,7,1,0
BRF:16
BRH:4
end_of_record
TN:
SF:src\features\meal-planner\components\ShoppingListCategory.tsx
FN:20,ShoppingListCategory
FN:24,(anonymous_1)
FN:29,(anonymous_2)
FN:43,(anonymous_3)
FN:49,(anonymous_4)
FNF:5
FNH:3
FNDA:12,ShoppingListCategory
FNDA:12,(anonymous_1)
FNDA:0,(anonymous_2)
FNDA:12,(anonymous_3)
FNDA:0,(anonymous_4)
DA:11,3
DA:21,12
DA:22,12
DA:24,12
DA:26,12
DA:29,0
DA:44,12
DA:49,0
LF:8
LH:6
BRDA:22,0,0,0
BRDA:22,0,1,12
BRDA:33,1,0,0
BRDA:33,1,1,12
BRDA:35,2,0,12
BRDA:35,2,1,0
BRDA:41,3,0,12
BRDA:41,3,1,12
BRF:8
BRH:5
end_of_record
TN:
SF:src\features\meal-planner\components\ShoppingListItem.tsx
FN:8,ShoppingListItem
FNF:1
FNH:1
FNDA:16,ShoppingListItem
DA:9,16
LF:1
LH:1
BRDA:17,0,0,0
BRDA:17,0,1,16
BRDA:20,1,0,0
BRDA:20,1,1,16
BRF:4
BRH:2
end_of_record
TN:
SF:src\features\meal-planner\components\ShoppingListModal.tsx
FN:23,ShoppingListModal
FN:26,(anonymous_1)
FN:32,(anonymous_2)
FN:37,(anonymous_3)
FN:41,(anonymous_4)
FN:41,(anonymous_5)
FN:66,(anonymous_6)
FN:88,(anonymous_7)
FN:93,(anonymous_8)
FNF:9
FNH:7
FNDA:42,ShoppingListModal
FNDA:41,(anonymous_1)
FNDA:1,(anonymous_2)
FNDA:0,(anonymous_3)
FNDA:12,(anonymous_4)
FNDA:6,(anonymous_5)
FNDA:0,(anonymous_6)
FNDA:12,(anonymous_7)
FNDA:24,(anonymous_8)
DA:8,3
DA:24,42
DA:26,42
DA:27,41
DA:28,13
DA:32,42
DA:33,1
DA:34,1
DA:37,42
DA:38,0
DA:41,42
DA:42,6
DA:43,6
DA:46,42
DA:66,0
DA:89,12
DA:93,24
LF:17
LH:15
BRDA:27,0,0,13
BRDA:27,0,1,28
BRDA:27,1,0,41
BRDA:27,1,1,32
BRDA:27,1,2,24
BRDA:49,2,0,42
BRDA:49,2,1,11
BRDA:59,3,0,42
BRDA:59,3,1,3
BRDA:59,3,2,3
BRDA:75,4,0,42
BRDA:75,4,1,31
BRDA:75,4,2,28
BRDA:75,4,3,8
BRDA:75,4,4,2
BRDA:86,5,0,42
BRDA:86,5,1,31
BRDA:86,5,2,28
BRDA:86,5,3,6
BRDA:91,6,0,12
BRDA:91,6,1,0
BRDA:101,7,0,42
BRDA:101,7,1,31
BRDA:101,7,2,28
BRDA:101,7,3,8
BRF:25
BRH:24
end_of_record
TN:
SF:src\features\meal-planner\components\SwapMealButton.tsx
FN:7,SwapMealButton
FNF:1
FNH:1
FNDA:4,SwapMealButton
DA:8,4
LF:1
LH:1
BRDA:11,0,0,4
BRDA:11,0,1,4
BRDA:16,1,0,0
BRDA:16,1,1,4
BRF:4
BRH:3
end_of_record
TN:
SF:src\features\meal-planner\components\SwapPreviewCard.tsx
FN:18,SwapPreviewCard
FNF:1
FNH:1
FNDA:1,SwapPreviewCard
DA:3,2
DA:19,1
DA:20,1
LF:3
LH:3
BRDA:19,0,0,1
BRDA:19,0,1,0
BRDA:25,1,0,0
BRDA:25,1,1,1
BRDA:27,2,0,0
BRDA:27,2,1,1
BRDA:33,3,0,0
BRDA:33,3,1,1
BRDA:34,4,0,1
BRDA:34,4,1,0
BRDA:35,5,0,0
BRDA:35,5,1,0
BRDA:42,6,0,0
BRDA:42,6,1,1
BRDA:43,7,0,1
BRDA:43,7,1,0
BRDA:44,8,0,0
BRDA:44,8,1,0
BRDA:52,9,0,1
BRDA:52,9,1,0
BRDA:69,10,0,1
BRDA:69,10,1,1
BRDA:72,11,0,1
BRDA:72,11,1,0
BRF:24
BRH:11
end_of_record
TN:
SF:src\features\meal-planner\hooks\useMealGeneration.ts
FN:19,transformAIToMealPlanDay
FN:20,(anonymous_1)
FN:46,useMealGeneration
FN:58,(anonymous_3)
FN:73,(anonymous_4)
FN:84,(anonymous_5)
FN:92,(anonymous_6)
FN:96,(anonymous_7)
FN:103,(anonymous_8)
FN:106,(anonymous_9)
FN:115,(anonymous_10)
FN:121,(anonymous_11)
FN:134,(anonymous_12)
FN:135,(anonymous_13)
FNF:14
FNH:14
FNDA:4,transformAIToMealPlanDay
FNDA:8,(anonymous_1)
FNDA:53,useMealGeneration
FNDA:15,(anonymous_3)
FNDA:11,(anonymous_4)
FNDA:3,(anonymous_5)
FNDA:2,(anonymous_6)
FNDA:2,(anonymous_7)
FNDA:4,(anonymous_8)
FNDA:4,(anonymous_9)
FNDA:4,(anonymous_10)
FNDA:2,(anonymous_11)
FNDA:2,(anonymous_12)
FNDA:2,(anonymous_13)
DA:20,8
DA:35,4
DA:47,53
DA:58,53
DA:59,15
DA:63,15
DA:64,15
DA:67,13
DA:69,13
DA:70,1
DA:73,12
DA:81,3
DA:84,3
DA:92,53
DA:93,2
DA:96,53
DA:97,2
DA:103,53
DA:104,4
DA:106,4
DA:114,4
DA:115,4
DA:116,4
DA:119,4
DA:120,4
DA:121,2
DA:128,2
DA:131,2
DA:134,2
DA:135,2
DA:141,2
DA:145,53
LF:32
LH:32
BRDA:69,0,0,1
BRDA:69,0,1,12
BRDA:69,1,0,13
BRDA:69,1,1,12
BRDA:77,2,0,11
BRDA:77,2,1,0
BRDA:81,3,0,3
BRDA:81,3,1,0
BRDA:104,4,0,0
BRDA:104,4,1,4
BRDA:131,5,0,2
BRDA:131,5,1,0
BRF:12
BRH:8
end_of_record
TN:
SF:src\features\meal-planner\hooks\useMealPlanner.ts
FN:7,getWeekStart
FN:17,useMealPlanner
FN:23,(anonymous_2)
FN:26,(anonymous_3)
FN:45,(anonymous_4)
FN:47,(anonymous_5)
FN:47,(anonymous_6)
FN:48,(anonymous_7)
FN:48,(anonymous_8)
FN:50,(anonymous_9)
FN:51,(anonymous_10)
FN:53,(anonymous_11)
FN:56,(anonymous_12)
FN:58,(anonymous_13)
FN:62,(anonymous_14)
FN:63,(anonymous_15)
FN:74,(anonymous_16)
FN:75,(anonymous_17)
FN:77,(anonymous_18)
FN:86,(anonymous_19)
FN:87,(anonymous_20)
FNF:21
FNH:13
FNDA:23,getWeekStart
FNDA:62,useMealPlanner
FNDA:23,(anonymous_2)
FNDA:28,(anonymous_3)
FNDA:28,(anonymous_4)
FNDA:3,(anonymous_5)
FNDA:3,(anonymous_6)
FNDA:2,(anonymous_7)
FNDA:2,(anonymous_8)
FNDA:4,(anonymous_9)
FNDA:8,(anonymous_10)
FNDA:4,(anonymous_11)
FNDA:0,(anonymous_12)
FNDA:3,(anonymous_13)
FNDA:0,(anonymous_14)
FNDA:0,(anonymous_15)
FNDA:0,(anonymous_16)
FNDA:0,(anonymous_17)
FNDA:0,(anonymous_18)
FNDA:0,(anonymous_19)
FNDA:0,(anonymous_20)
DA:8,23
DA:9,23
DA:10,23
DA:11,23
DA:12,23
DA:15,4
DA:18,62
DA:19,62
DA:20,62
DA:21,62
DA:22,62
DA:23,62
DA:24,62
DA:26,62
DA:27,28
DA:28,28
DA:29,28
DA:30,28
DA:31,26
DA:32,26
DA:33,26
DA:35,0
DA:38,2
DA:39,2
DA:41,28
DA:45,62
DA:47,62
DA:48,62
DA:50,62
DA:51,4
DA:52,8
DA:53,4
DA:54,4
DA:55,3
DA:56,0
DA:58,3
DA:59,3
DA:62,0
DA:63,0
DA:66,4
DA:67,4
DA:68,4
DA:70,1
DA:74,62
DA:75,0
DA:76,0
DA:77,0
DA:78,0
DA:79,0
DA:80,0
DA:81,0
DA:83,0
DA:86,0
DA:87,0
DA:90,0
DA:91,0
DA:92,0
DA:94,0
DA:98,62
LF:59
LH:41
BRDA:10,0,0,0
BRDA:10,0,1,23
BRDA:31,1,0,26
BRDA:31,1,1,0
BRDA:31,2,0,26
BRDA:31,2,1,26
BRDA:52,3,0,4
BRDA:52,3,1,4
BRDA:54,4,0,1
BRDA:54,4,1,3
BRDA:55,5,0,0
BRDA:55,5,1,3
BRDA:76,6,0,0
BRDA:76,6,1,0
BRDA:78,7,0,0
BRDA:78,7,1,0
BRF:16
BRH:9
end_of_record
TN:
SF:src\features\meal-planner\hooks\useMealSwap.ts
FN:17,useMealSwap
FN:25,(anonymous_1)
FN:55,(anonymous_2)
FN:63,(anonymous_3)
FN:65,(anonymous_4)
FN:84,(anonymous_5)
FN:85,(anonymous_6)
FN:95,(anonymous_7)
FNF:8
FNH:8
FNDA:32,useMealSwap
FNDA:10,(anonymous_1)
FNDA:2,(anonymous_2)
FNDA:4,(anonymous_3)
FNDA:2,(anonymous_4)
FNDA:2,(anonymous_5)
FNDA:2,(anonymous_6)
FNDA:2,(anonymous_7)
DA:18,32
DA:25,32
DA:30,10
DA:31,10
DA:32,10
DA:33,10
DA:35,10
DA:39,9
DA:40,9
DA:41,1
DA:43,8
DA:50,2
DA:51,2
DA:55,32
DA:62,2
DA:63,2
DA:64,4
DA:65,2
DA:66,2
DA:67,2
DA:81,2
DA:84,2
DA:85,2
DA:88,2
DA:89,1
DA:91,1
DA:95,32
DA:96,2
DA:99,32
LF:29
LH:29
BRDA:33,0,0,10
BRDA:33,0,1,0
BRDA:40,1,0,1
BRDA:40,1,1,8
BRDA:40,2,0,9
BRDA:40,2,1,8
BRDA:47,3,0,8
BRDA:47,3,1,0
BRDA:50,4,0,2
BRDA:50,4,1,0
BRDA:64,5,0,2
BRDA:64,5,1,2
BRDA:66,6,0,0
BRDA:66,6,1,2
BRDA:72,7,0,2
BRDA:72,7,1,0
BRF:16
BRH:11
end_of_record
TN:
SF:src\features\meal-planner\hooks\useShoppingList.ts
FN:18,categorizeIngredient
FN:20,(anonymous_1)
FN:21,(anonymous_2)
FN:22,(anonymous_3)
FN:23,(anonymous_4)
FN:24,(anonymous_5)
FN:33,parseQuantity
FN:42,formatQuantity
FN:47,mergeQuantities
FN:73,loadChecked
FN:81,saveChecked
FN:89,useShoppingList
FN:98,(anonymous_12)
FN:102,(anonymous_13)
FN:102,(anonymous_14)
FN:112,(anonymous_15)
FN:118,(anonymous_16)
FN:119,(anonymous_17)
FN:133,(anonymous_18)
FN:144,(anonymous_19)
FN:159,(anonymous_20)
FN:160,(anonymous_21)
FN:161,(anonymous_22)
FN:172,(anonymous_23)
FNF:24
FNH:21
FNDA:30,categorizeIngredient
FNDA:924,(anonymous_1)
FNDA:1331,(anonymous_2)
FNDA:71,(anonymous_3)
FNDA:15,(anonymous_4)
FNDA:1,(anonymous_5)
FNDA:0,parseQuantity
FNDA:0,formatQuantity
FNDA:0,mergeQuantities
FNDA:70,loadChecked
FNDA:4,saveChecked
FNDA:70,useShoppingList
FNDA:24,(anonymous_12)
FNDA:41,(anonymous_13)
FNDA:22,(anonymous_14)
FNDA:21,(anonymous_15)
FNDA:15,(anonymous_16)
FNDA:30,(anonymous_17)
FNDA:30,(anonymous_18)
FNDA:21,(anonymous_19)
FNDA:4,(anonymous_20)
FNDA:4,(anonymous_21)
FNDA:8,(anonymous_22)
FNDA:3,(anonymous_23)
DA:6,4
DA:8,4
DA:10,4
DA:12,4
DA:14,4
DA:16,4
DA:19,30
DA:20,924
DA:21,1331
DA:22,71
DA:23,15
DA:24,1
DA:25,0
DA:34,0
DA:35,0
DA:36,0
DA:43,0
DA:44,0
DA:48,0
DA:49,0
DA:50,0
DA:51,0
DA:53,0
DA:71,4
DA:74,70
DA:75,70
DA:77,0
DA:82,4
DA:83,4
DA:90,70
DA:96,70
DA:98,70
DA:99,24
DA:100,24
DA:101,24
DA:102,41
DA:103,22
DA:106,24
DA:107,3
DA:108,3
DA:111,21
DA:112,21
DA:115,15
DA:116,15
DA:118,15
DA:119,15
DA:120,30
DA:121,30
DA:122,30
DA:123,0
DA:124,0
DA:126,30
DA:131,15
DA:132,15
DA:133,15
DA:134,30
DA:135,30
DA:144,15
DA:145,21
DA:146,21
DA:147,21
DA:148,21
DA:149,1
DA:152,15
DA:154,5
DA:155,5
DA:159,70
DA:160,4
DA:161,4
DA:162,8
DA:163,4
DA:164,4
DA:165,4
DA:166,4
DA:168,4
DA:172,70
DA:173,3
DA:176,70
LF:78
LH:64
BRDA:20,0,0,2
BRDA:20,0,1,28
BRDA:21,1,0,13
BRDA:21,1,1,15
BRDA:22,2,0,13
BRDA:22,2,1,2
BRDA:23,3,0,1
BRDA:23,3,1,1
BRDA:24,4,0,1
BRDA:24,4,1,0
BRDA:35,5,0,0
BRDA:35,5,1,0
BRDA:37,6,0,0
BRDA:37,6,1,0
BRDA:38,7,0,0
BRDA:38,7,1,0
BRDA:43,8,0,0
BRDA:43,8,1,0
BRDA:43,9,0,0
BRDA:43,9,1,0
BRDA:50,10,0,0
BRDA:50,10,1,0
BRDA:50,11,0,0
BRDA:50,11,1,0
BRDA:50,11,2,0
BRDA:75,12,0,70
BRDA:75,12,1,54
BRDA:103,13,0,21
BRDA:103,13,1,1
BRDA:106,14,0,3
BRDA:106,14,1,21
BRDA:122,15,0,0
BRDA:122,15,1,30
BRDA:140,16,0,30
BRDA:140,16,1,30
BRDA:148,17,0,20
BRDA:148,17,1,1
BRDA:154,18,0,5
BRDA:154,18,1,0
BRDA:162,19,0,4
BRDA:162,19,1,4
BRF:41
BRH:23
end_of_record
TN:
SF:src\features\meal-planner\pages\MealPlannerPage.tsx
FN:16,formatWeekRange
FN:24,MealPlannerPage
FN:28,(anonymous_2)
FN:29,(anonymous_3)
FN:45,(anonymous_4)
FN:47,(anonymous_5)
FN:50,(anonymous_6)
FN:57,(anonymous_7)
FN:61,(anonymous_8)
FN:65,(anonymous_9)
FN:72,(anonymous_10)
FN:76,(anonymous_11)
FN:83,(anonymous_12)
FN:88,(anonymous_13)
FN:89,(anonymous_14)
FN:91,(anonymous_15)
FN:95,(anonymous_16)
FN:99,(anonymous_17)
FN:105,(anonymous_18)
FN:107,(anonymous_19)
FN:110,(anonymous_20)
FN:129,(anonymous_21)
FN:133,(anonymous_22)
FN:197,(anonymous_23)
FN:245,(anonymous_24)
FN:246,(anonymous_25)
FN:269,(anonymous_26)
FN:270,(anonymous_27)
FN:271,(anonymous_28)
FN:272,(anonymous_29)
FNF:30
FNH:9
FNDA:9,formatWeekRange
FNDA:19,MealPlannerPage
FNDA:18,(anonymous_2)
FNDA:9,(anonymous_3)
FNDA:0,(anonymous_4)
FNDA:0,(anonymous_5)
FNDA:10,(anonymous_6)
FNDA:0,(anonymous_7)
FNDA:0,(anonymous_8)
FNDA:0,(anonymous_9)
FNDA:0,(anonymous_10)
FNDA:0,(anonymous_11)
FNDA:0,(anonymous_12)
FNDA:0,(anonymous_13)
FNDA:0,(anonymous_14)
FNDA:0,(anonymous_15)
FNDA:0,(anonymous_16)
FNDA:0,(anonymous_17)
FNDA:0,(anonymous_18)
FNDA:0,(anonymous_19)
FNDA:0,(anonymous_20)
FNDA:0,(anonymous_21)
FNDA:0,(anonymous_22)
FNDA:0,(anonymous_23)
FNDA:0,(anonymous_24)
FNDA:0,(anonymous_25)
FNDA:18,(anonymous_26)
FNDA:18,(anonymous_27)
FNDA:18,(anonymous_28)
FNDA:18,(anonymous_29)
DA:14,2
DA:17,9
DA:18,9
DA:19,9
DA:20,9
DA:21,9
DA:25,19
DA:26,19
DA:28,19
DA:29,19
DA:31,19
DA:32,19
DA:33,19
DA:34,19
DA:35,19
DA:36,19
DA:37,19
DA:39,19
DA:40,19
DA:41,19
DA:42,19
DA:43,19
DA:45,19
DA:46,0
DA:47,0
DA:50,19
DA:51,10
DA:52,0
DA:53,0
DA:57,19
DA:58,0
DA:61,19
DA:62,0
DA:65,19
DA:66,0
DA:67,0
DA:68,0
DA:72,19
DA:73,0
DA:76,19
DA:77,0
DA:78,0
DA:79,0
DA:83,19
DA:84,0
DA:85,0
DA:88,19
DA:89,0
DA:90,0
DA:91,0
DA:92,0
DA:93,0
DA:94,0
DA:95,0
DA:96,0
DA:99,19
DA:100,0
DA:101,0
DA:102,0
DA:105,19
DA:106,0
DA:107,0
DA:110,19
DA:111,0
DA:112,0
DA:114,0
DA:129,0
DA:132,0
DA:133,0
DA:134,0
DA:135,0
DA:143,0
DA:154,0
DA:155,0
DA:156,0
DA:159,19
DA:160,10
DA:167,9
DA:168,0
DA:180,9
DA:197,0
DA:245,0
DA:246,0
DA:269,18
DA:270,18
DA:271,18
DA:272,18
LF:87
LH:43
BRDA:51,0,0,0
BRDA:51,0,1,10
BRDA:67,1,0,0
BRDA:67,1,1,0
BRDA:78,2,0,0
BRDA:78,2,1,0
BRDA:90,3,0,0
BRDA:90,3,1,0
BRDA:92,4,0,0
BRDA:92,4,1,0
BRDA:132,5,0,0
BRDA:132,5,1,0
BRDA:134,6,0,0
BRDA:134,6,1,0
BRDA:159,7,0,10
BRDA:159,7,1,9
BRDA:167,8,0,0
BRDA:167,8,1,9
BRDA:204,9,0,9
BRDA:204,9,1,0
BRDA:212,10,0,19
BRDA:212,10,1,9
BRDA:212,10,2,9
BRDA:212,10,3,9
BRDA:225,11,0,19
BRDA:225,11,1,9
BRDA:245,12,0,19
BRDA:245,12,1,9
BRDA:248,13,0,19
BRDA:248,13,1,9
BRDA:269,14,0,19
BRDA:269,14,1,9
BRDA:270,15,0,19
BRDA:270,15,1,9
BRDA:271,16,0,19
BRDA:271,16,1,9
BRDA:272,17,0,19
BRDA:272,17,1,9
BRDA:282,18,0,19
BRDA:282,18,1,0
BRDA:285,19,0,0
BRDA:285,19,1,0
BRDA:290,20,0,0
BRDA:290,20,1,0
BRF:44
BRH:24
end_of_record
TN:
SF:src\features\nutrition-log\components\DailyProgressCard.tsx
FN:12,DailyProgressCard
FN:58,(anonymous_1)
FNF:2
FNH:2
FNDA:11,DailyProgressCard
FNDA:33,(anonymous_1)
DA:6,2
DA:13,11
DA:14,11
DA:15,11
DA:16,11
DA:18,11
DA:59,33
DA:60,33
DA:61,33
DA:62,33
LF:10
LH:10
BRDA:13,0,0,11
BRDA:13,0,1,0
BRDA:61,1,0,33
BRDA:61,1,1,0
BRF:4
BRH:2
end_of_record
TN:
SF:src\features\nutrition-log\components\DailySummaryBar.tsx
FN:8,DailySummaryBar
FNF:1
FNH:0
FNDA:0,DailySummaryBar
DA:9,0
DA:11,0
LF:2
LH:0
BRDA:28,0,0,0
BRDA:28,0,1,0
BRDA:35,1,0,0
BRDA:35,1,1,0
BRDA:42,2,0,0
BRDA:42,2,1,0
BRF:6
BRH:0
end_of_record
TN:
SF:src\features\nutrition-log\components\DateNavigator.tsx
FN:7,DateNavigator
FNF:1
FNH:1
FNDA:11,DateNavigator
DA:8,11
DA:9,11
DA:10,11
DA:11,11
DA:12,11
DA:14,11
LF:6
LH:6
BRDA:28,0,0,11
BRDA:28,0,1,11
BRF:2
BRH:2
end_of_record
TN:
SF:src\features\nutrition-log\components\ExerciseWidget.tsx
FN:5,ExerciseWidget
FNF:1
FNH:1
FNDA:11,ExerciseWidget
DA:6,11
DA:7,11
DA:9,11
LF:3
LH:3
BRDA:31,0,0,10
BRDA:31,0,1,1
BRDA:32,1,0,11
BRDA:32,1,1,0
BRF:4
BRH:3
end_of_record
TN:
SF:src\features\nutrition-log\components\FoodPickerModal.tsx
FN:13,FoodPickerModal
FN:22,(anonymous_1)
FN:28,(anonymous_2)
FN:32,(anonymous_3)
FN:43,(anonymous_4)
FN:51,(anonymous_5)
FN:72,(anonymous_6)
FN:87,(anonymous_7)
FN:99,(anonymous_8)
FN:99,(anonymous_9)
FN:106,(anonymous_10)
FN:106,(anonymous_11)
FN:125,(anonymous_12)
FN:128,(anonymous_13)
FNF:14
FNH:14
FNDA:73,FoodPickerModal
FNDA:23,(anonymous_1)
FNDA:11,(anonymous_2)
FNDA:40,(anonymous_3)
FNDA:8,(anonymous_4)
FNDA:3,(anonymous_5)
FNDA:8,(anonymous_6)
FNDA:17,(anonymous_7)
FNDA:1,(anonymous_8)
FNDA:1,(anonymous_9)
FNDA:1,(anonymous_10)
FNDA:1,(anonymous_11)
FNDA:28,(anonymous_12)
FNDA:1,(anonymous_13)
DA:14,73
DA:15,73
DA:16,73
DA:17,73
DA:18,73
DA:20,73
DA:22,73
DA:23,23
DA:25,11
DA:26,11
DA:27,11
DA:28,11
DA:32,73
DA:33,40
DA:34,40
DA:36,40
DA:38,23
DA:39,23
DA:42,17
DA:43,17
DA:44,8
DA:47,17
DA:48,4
DA:50,13
DA:51,13
DA:52,3
DA:53,3
DA:54,3
DA:56,0
DA:58,3
DA:64,73
DA:66,60
DA:68,73
DA:72,8
DA:87,17
DA:99,1
DA:106,1
DA:126,28
DA:128,1
LF:39
LH:38
BRDA:23,0,0,11
BRDA:23,0,1,12
BRDA:33,1,0,10
BRDA:33,1,1,30
BRDA:36,2,0,23
BRDA:36,2,1,17
BRDA:44,3,0,8
BRDA:44,3,1,3
BRDA:44,3,2,3
BRDA:47,4,0,4
BRDA:47,4,1,13
BRDA:64,5,0,13
BRDA:64,5,1,60
BRDA:66,6,0,8
BRDA:66,6,1,52
BRDA:66,7,0,28
BRDA:66,7,1,24
BRDA:115,8,0,23
BRDA:115,8,1,37
BRDA:120,9,0,13
BRDA:120,9,1,24
BRDA:122,10,0,5
BRDA:122,10,1,8
BRDA:132,11,0,28
BRDA:132,11,1,28
BRF:25
BRH:25
end_of_record
TN:
SF:src\features\nutrition-log\components\MealSection.tsx
FN:16,MealSection
FN:41,(anonymous_1)
FN:52,(anonymous_2)
FNF:3
FNH:0
FNDA:0,MealSection
FNDA:0,(anonymous_1)
FNDA:0,(anonymous_2)
DA:17,0
DA:18,0
DA:31,0
DA:42,0
DA:52,0
LF:5
LH:0
BRDA:17,0,0,0
BRDA:17,0,1,0
BRDA:20,1,0,0
BRDA:20,1,1,0
BRDA:22,2,0,0
BRDA:22,2,1,0
BRDA:25,3,0,0
BRDA:25,3,1,0
BRDA:45,4,0,0
BRDA:45,4,1,0
BRF:10
BRH:0
end_of_record
TN:
SF:src\features\nutrition-log\components\RecentFoods.tsx
FN:11,RecentFoods
FN:30,(anonymous_1)
FN:31,(anonymous_2)
FN:54,(anonymous_3)
FN:55,(anonymous_4)
FNF:5
FNH:4
FNDA:19,RecentFoods
FNDA:22,(anonymous_1)
FNDA:1,(anonymous_2)
FNDA:3,(anonymous_3)
FNDA:0,(anonymous_4)
DA:12,19
DA:13,19
DA:14,19
DA:16,19
DA:31,22
DA:55,3
LF:6
LH:6
BRDA:11,0,0,19
BRDA:24,1,0,19
BRDA:24,1,1,1
BRDA:24,1,2,1
BRDA:28,2,0,19
BRDA:28,2,1,18
BRDA:34,3,0,22
BRDA:34,3,1,22
BRDA:47,4,0,19
BRDA:47,4,1,3
BRDA:48,5,0,3
BRDA:48,5,1,0
BRDA:57,6,0,0
BRDA:57,6,1,3
BRF:14
BRH:12
end_of_record
TN:
SF:src\features\nutrition-log\components\TimelineMealCard.tsx
FN:28,TimelineMealCard
FN:33,(anonymous_1)
FN:60,(anonymous_2)
FN:63,(anonymous_3)
FN:103,(anonymous_4)
FN:116,(anonymous_5)
FN:132,(anonymous_6)
FN:135,(anonymous_7)
FNF:8
FNH:5
FNDA:62,TimelineMealCard
FNDA:1,(anonymous_1)
FNDA:0,(anonymous_2)
FNDA:0,(anonymous_3)
FNDA:26,(anonymous_4)
FNDA:3,(anonymous_5)
FNDA:0,(anonymous_6)
FNDA:1,(anonymous_7)
DA:21,2
DA:29,62
DA:30,62
DA:31,62
DA:33,62
DA:34,1
DA:35,1
DA:36,1
DA:40,62
DA:41,36
DA:60,0
DA:63,0
DA:71,26
DA:104,26
DA:116,3
DA:132,0
DA:135,1
LF:17
LH:14
BRDA:28,0,0,62
BRDA:29,1,0,62
BRDA:29,1,1,0
BRDA:30,2,0,62
BRDA:30,2,1,0
BRDA:34,3,0,1
BRDA:34,3,1,0
BRDA:40,4,0,36
BRDA:40,4,1,26
BRDA:50,5,0,36
BRDA:50,5,1,0
BRDA:52,6,0,36
BRDA:52,6,1,0
BRDA:55,7,0,36
BRDA:55,7,1,0
BRDA:89,8,0,0
BRDA:89,8,1,26
BRDA:107,9,0,26
BRDA:107,9,1,26
BRF:19
BRH:12
end_of_record
TN:
SF:src\features\nutrition-log\components\WaterTracker.tsx
FN:8,WaterTracker
FN:13,(anonymous_1)
FN:17,(anonymous_2)
FN:22,(anonymous_3)
FN:30,(anonymous_4)
FN:63,(anonymous_5)
FN:66,(anonymous_6)
FN:83,(anonymous_7)
FN:84,(anonymous_8)
FNF:9
FNH:9
FNDA:30,WaterTracker
FNDA:20,(anonymous_1)
FNDA:6,(anonymous_2)
FNDA:3,(anonymous_3)
FNDA:3,(anonymous_4)
FNDA:240,(anonymous_5)
FNDA:3,(anonymous_6)
FNDA:1,(anonymous_7)
FNDA:2,(anonymous_8)
DA:9,30
DA:10,30
DA:11,30
DA:13,30
DA:14,20
DA:17,30
DA:18,6
DA:19,6
DA:22,30
DA:23,3
DA:24,1
DA:26,2
DA:30,30
DA:31,3
DA:34,30
DA:35,30
DA:36,30
DA:38,30
DA:64,240
DA:66,3
DA:83,1
DA:84,2
LF:22
LH:22
BRDA:23,0,0,1
BRDA:23,0,1,2
BRDA:68,1,0,71
BRDA:68,1,1,169
BRDA:72,2,0,210
BRDA:72,2,1,30
BRDA:74,3,0,71
BRDA:74,3,1,169
BRDA:75,4,0,71
BRDA:75,4,1,169
BRF:10
BRH:10
end_of_record
TN:
SF:src\features\nutrition-log\pages\NutritionLogPage.tsx
FN:26,NutritionLogPage
FN:37,(anonymous_1)
FN:39,fetchDailyLog
FN:51,(anonymous_3)
FN:54,(anonymous_4)
FN:61,(anonymous_5)
FN:67,(anonymous_6)
FN:73,(anonymous_7)
FN:79,(anonymous_8)
FN:81,(anonymous_9)
FN:90,(anonymous_10)
FN:98,(anonymous_11)
FN:98,(anonymous_12)
FN:99,(anonymous_13)
FN:99,(anonymous_14)
FN:123,(anonymous_15)
FN:139,(anonymous_16)
FN:146,(anonymous_17)
FN:151,(anonymous_18)
FN:152,(anonymous_19)
FN:156,(anonymous_20)
FN:159,(anonymous_21)
FNF:22
FNH:11
FNDA:35,NutritionLogPage
FNDA:12,(anonymous_1)
FNDA:12,fetchDailyLog
FNDA:12,(anonymous_3)
FNDA:12,(anonymous_4)
FNDA:12,(anonymous_5)
FNDA:0,(anonymous_6)
FNDA:0,(anonymous_7)
FNDA:0,(anonymous_8)
FNDA:0,(anonymous_9)
FNDA:0,(anonymous_10)
FNDA:88,(anonymous_11)
FNDA:80,(anonymous_12)
FNDA:44,(anonymous_13)
FNDA:10,(anonymous_14)
FNDA:44,(anonymous_15)
FNDA:0,(anonymous_16)
FNDA:0,(anonymous_17)
FNDA:0,(anonymous_18)
FNDA:0,(anonymous_19)
FNDA:0,(anonymous_20)
FNDA:0,(anonymous_21)
DA:17,2
DA:24,2
DA:27,35
DA:28,35
DA:29,35
DA:30,35
DA:31,35
DA:32,35
DA:33,35
DA:34,35
DA:35,35
DA:37,35
DA:38,12
DA:40,12
DA:41,12
DA:42,12
DA:43,10
DA:45,1
DA:47,11
DA:50,12
DA:51,12
DA:54,35
DA:55,12
DA:56,12
DA:57,12
DA:58,0
DA:61,35
DA:63,12
DA:64,12
DA:67,35
DA:68,0
DA:69,0
DA:70,0
DA:73,35
DA:74,0
DA:75,0
DA:76,0
DA:79,35
DA:81,35
DA:82,0
DA:83,0
DA:84,0
DA:85,0
DA:86,0
DA:90,35
DA:91,0
DA:92,0
DA:93,0
DA:94,0
DA:98,88
DA:99,44
DA:101,35
DA:102,24
DA:109,11
DA:124,44
DA:125,44
DA:126,44
DA:139,0
DA:146,0
DA:151,0
DA:152,0
DA:157,0
DA:158,0
DA:159,0
LF:64
LH:41
BRDA:29,0,0,35
BRDA:29,0,1,35
BRDA:41,1,0,12
BRDA:41,1,1,0
BRDA:43,2,0,10
BRDA:43,2,1,0
BRDA:45,3,0,1
BRDA:45,3,1,0
BRDA:47,4,0,11
BRDA:47,4,1,0
BRDA:98,5,0,88
BRDA:98,5,1,8
BRDA:98,6,0,80
BRDA:98,6,1,20
BRDA:99,7,0,10
BRDA:99,7,1,0
BRDA:101,8,0,24
BRDA:101,8,1,11
BRDA:101,9,0,35
BRDA:101,9,1,24
BRDA:114,10,0,11
BRDA:114,10,1,1
BRDA:115,11,0,35
BRDA:115,11,1,1
BRDA:116,12,0,35
BRDA:116,12,1,11
BRDA:117,13,0,35
BRDA:117,13,1,1
BRDA:149,14,0,35
BRDA:149,14,1,11
BRDA:151,15,0,0
BRDA:151,15,1,0
BRDA:155,16,0,35
BRDA:155,16,1,1
BRDA:159,17,0,0
BRDA:159,17,1,0
BRDA:163,18,0,35
BRDA:163,18,1,1
BRF:38
BRH:29
end_of_record
TN:
SF:src\features\onboarding\components\PreferenceForm.tsx
FN:58,PreferenceForm
FN:66,(anonymous_1)
FN:67,(anonymous_2)
FN:68,(anonymous_3)
FN:72,(anonymous_4)
FN:114,(anonymous_5)
FN:128,(anonymous_6)
FNF:7
FNH:6
FNDA:29,PreferenceForm
FNDA:3,(anonymous_1)
FNDA:3,(anonymous_2)
FNDA:0,(anonymous_3)
FNDA:2,(anonymous_4)
FNDA:203,(anonymous_5)
FNDA:3,(anonymous_6)
DA:12,2
DA:21,2
DA:29,2
DA:37,2
DA:43,2
DA:59,29
DA:60,29
DA:64,29
DA:66,29
DA:67,3
DA:68,3
DA:72,29
DA:73,2
DA:74,2
DA:77,29
DA:115,203
DA:128,3
LF:17
LH:17
BRDA:68,0,0,0
BRDA:68,0,1,3
BRDA:119,1,0,6
BRDA:119,1,1,197
BRDA:133,2,0,6
BRDA:133,2,1,197
BRDA:138,3,0,203
BRDA:138,3,1,6
BRF:8
BRH:7
end_of_record
TN:
SF:src\features\onboarding\components\StepActivity.tsx
FN:39,StepActivity
FN:43,(anonymous_1)
FN:51,(anonymous_2)
FN:55,(anonymous_3)
FNF:4
FNH:4
FNDA:17,StepActivity
FNDA:4,(anonymous_1)
FNDA:68,(anonymous_2)
FNDA:4,(anonymous_3)
DA:7,2
DA:40,17
DA:41,17
DA:43,17
DA:44,4
DA:45,4
DA:48,17
DA:52,68
DA:55,4
LF:9
LH:9
BRDA:58,0,0,4
BRDA:58,0,1,64
BRDA:65,1,0,4
BRDA:65,1,1,64
BRF:4
BRH:4
end_of_record
TN:
SF:src\features\onboarding\components\StepGoals.tsx
FN:41,StepGoals
FN:46,(anonymous_1)
FN:51,(anonymous_2)
FN:58,(anonymous_3)
FN:66,(anonymous_4)
FN:74,(anonymous_5)
FN:109,(anonymous_6)
FNF:7
FNH:7
FNDA:18,StepGoals
FNDA:4,(anonymous_1)
FNDA:2,(anonymous_2)
FNDA:1,(anonymous_3)
FNDA:54,(anonymous_4)
FNDA:4,(anonymous_5)
FNDA:2,(anonymous_6)
DA:15,2
DA:42,18
DA:43,18
DA:44,18
DA:46,18
DA:47,4
DA:48,4
DA:51,18
DA:52,2
DA:53,2
DA:54,2
DA:58,18
DA:59,1
DA:60,1
DA:63,18
DA:67,54
DA:74,4
DA:109,2
LF:18
LH:18
BRDA:48,0,0,0
BRDA:48,0,1,4
BRDA:53,1,0,2
BRDA:53,1,1,0
BRDA:54,2,0,2
BRDA:54,2,1,0
BRDA:81,3,0,6
BRDA:81,3,1,48
BRDA:88,4,0,6
BRDA:88,4,1,48
BRF:10
BRH:7
end_of_record
TN:
SF:src\features\onboarding\components\StepMetrics.tsx
FN:29,StepMetrics
FN:35,(anonymous_1)
FNF:2
FNH:2
FNDA:26,StepMetrics
FNDA:1,(anonymous_1)
DA:9,2
DA:18,2
DA:30,26
DA:31,26
DA:35,26
DA:36,1
DA:37,1
DA:40,26
LF:8
LH:8
BRF:0
BRH:0
end_of_record
TN:
SF:src\features\onboarding\components\StepResults.tsx
FN:8,StepResults
FN:11,(anonymous_1)
FN:20,(anonymous_2)
FN:79,(anonymous_3)
FN:150,(anonymous_4)
FN:166,(anonymous_5)
FNF:6
FNH:5
FNDA:16,StepResults
FNDA:15,(anonymous_1)
FNDA:15,(anonymous_2)
FNDA:48,(anonymous_3)
FNDA:1,(anonymous_4)
FNDA:0,(anonymous_5)
DA:9,16
DA:10,16
DA:11,16
DA:12,15
DA:13,0
DA:14,0
DA:16,0
DA:20,16
DA:21,15
DA:22,0
DA:26,16
DA:28,16
DA:34,16
DA:36,16
DA:80,48
DA:81,48
DA:82,48
DA:83,48
DA:151,1
DA:152,1
DA:153,1
DA:166,0
LF:22
LH:17
BRDA:12,0,0,15
BRDA:12,0,1,0
BRDA:21,1,0,0
BRDA:21,1,1,15
BRDA:26,2,0,0
BRDA:26,2,1,16
BRDA:117,3,0,16
BRDA:117,3,1,6
BRDA:122,4,0,10
BRDA:122,4,1,6
BRDA:127,5,0,16
BRDA:127,5,1,6
BRDA:131,6,0,16
BRDA:131,6,1,6
BRDA:135,7,0,10
BRDA:135,7,1,6
BRDA:143,8,0,16
BRDA:143,8,1,1
BRDA:152,9,0,1
BRDA:152,9,1,0
BRDA:157,10,0,2
BRDA:157,10,1,14
BRF:22
BRH:18
end_of_record
TN:
SF:src\features\onboarding\pages\OnboardingPage.tsx
FN:10,OnboardingPage
FN:14,(anonymous_1)
FN:21,(anonymous_2)
FNF:3
FNH:2
FNDA:17,OnboardingPage
FNDA:15,(anonymous_1)
FNDA:0,(anonymous_2)
DA:8,2
DA:11,17
DA:12,17
DA:14,17
DA:15,15
DA:17,5
DA:19,4
DA:21,3
DA:23,3
DA:25,0
DA:27,0
DA:31,17
DA:32,2
DA:41,15
LF:14
LH:12
BRDA:15,0,0,5
BRDA:15,0,1,4
BRDA:15,0,2,3
BRDA:15,0,3,3
BRDA:15,0,4,0
BRDA:15,0,5,0
BRDA:31,1,0,2
BRDA:31,1,1,15
BRDA:63,2,0,15
BRDA:63,2,1,5
BRDA:64,3,0,17
BRDA:64,3,1,4
BRDA:65,4,0,17
BRDA:65,4,1,3
BRDA:66,5,0,17
BRDA:66,5,1,3
BRDA:69,6,0,17
BRDA:69,6,1,5
BRDA:70,7,0,17
BRDA:70,7,1,4
BRDA:71,8,0,17
BRDA:71,8,1,3
BRDA:72,9,0,17
BRDA:72,9,1,3
BRF:24
BRH:22
end_of_record
TN:
SF:src\features\pricing\pages\PricingPage.tsx
FN:21,PricingPage
FN:29,(anonymous_1)
FN:30,(anonymous_2)
FN:37,(anonymous_3)
FN:38,(anonymous_4)
FN:72,(anonymous_5)
FN:82,(anonymous_6)
FN:107,(anonymous_7)
FN:128,(anonymous_8)
FN:166,(anonymous_9)
FN:199,(anonymous_10)
FN:217,(anonymous_11)
FN:264,(anonymous_12)
FN:285,(anonymous_13)
FNF:14
FNH:0
FNDA:0,PricingPage
FNDA:0,(anonymous_1)
FNDA:0,(anonymous_2)
FNDA:0,(anonymous_3)
FNDA:0,(anonymous_4)
FNDA:0,(anonymous_5)
FNDA:0,(anonymous_6)
FNDA:0,(anonymous_7)
FNDA:0,(anonymous_8)
FNDA:0,(anonymous_9)
FNDA:0,(anonymous_10)
FNDA:0,(anonymous_11)
FNDA:0,(anonymous_12)
FNDA:0,(anonymous_13)
DA:10,0
DA:15,0
DA:22,0
DA:23,0
DA:24,0
DA:25,0
DA:26,0
DA:27,0
DA:29,0
DA:30,0
DA:31,0
DA:32,0
DA:33,0
DA:34,0
DA:35,0
DA:36,0
DA:37,0
DA:40,0
DA:42,0
DA:45,0
DA:48,0
DA:49,0
DA:58,0
DA:59,0
DA:72,0
DA:73,0
DA:74,0
DA:77,0
DA:82,0
DA:107,0
DA:128,0
DA:167,0
DA:168,0
DA:169,0
DA:200,0
DA:217,0
DA:265,0
DA:286,0
LF:38
LH:0
BRDA:37,0,0,0
BRDA:37,0,1,0
BRDA:48,1,0,0
BRDA:48,1,1,0
BRDA:58,2,0,0
BRDA:58,2,1,0
BRDA:73,3,0,0
BRDA:73,3,1,0
BRDA:99,4,0,0
BRDA:99,4,1,0
BRDA:110,5,0,0
BRDA:110,5,1,0
BRDA:118,6,0,0
BRDA:118,6,1,0
BRDA:131,7,0,0
BRDA:131,7,1,0
BRDA:148,8,0,0
BRDA:148,8,1,0
BRDA:156,9,0,0
BRDA:156,9,1,0
BRDA:167,10,0,0
BRDA:167,10,1,0
BRDA:174,11,0,0
BRDA:174,11,1,0
BRDA:177,12,0,0
BRDA:177,12,1,0
BRDA:191,13,0,0
BRDA:191,13,1,0
BRDA:191,13,2,0
BRDA:194,14,0,0
BRDA:194,14,1,0
BRDA:194,14,2,0
BRDA:203,15,0,0
BRDA:203,15,1,0
BRDA:205,16,0,0
BRDA:205,16,1,0
BRDA:209,17,0,0
BRDA:209,17,1,0
BRDA:217,18,0,0
BRDA:217,18,1,0
BRDA:220,19,0,0
BRDA:220,19,1,0
BRDA:220,20,0,0
BRDA:220,20,1,0
BRF:44
BRH:0
end_of_record
TN:
SF:src\features\profile-metrics\components\ActivityLevelSelector.tsx
FN:42,ActivityLevelSelector
FN:47,(anonymous_1)
FN:53,(anonymous_2)
FNF:3
FNH:0
FNDA:0,ActivityLevelSelector
FNDA:0,(anonymous_1)
FNDA:0,(anonymous_2)
DA:4,0
DA:43,0
DA:48,0
DA:49,0
DA:53,0
LF:5
LH:0
BRDA:56,0,0,0
BRDA:56,0,1,0
BRDA:63,1,0,0
BRDA:63,1,1,0
BRDA:70,2,0,0
BRDA:70,2,1,0
BRF:6
BRH:0
end_of_record
TN:
SF:src\features\profile-metrics\components\HealthGoals.tsx
FN:15,HealthGoals
FN:24,(anonymous_1)
FN:27,(anonymous_2)
FN:40,(anonymous_3)
FNF:4
FNH:0
FNDA:0,HealthGoals
FNDA:0,(anonymous_1)
FNDA:0,(anonymous_2)
FNDA:0,(anonymous_3)
DA:3,0
DA:16,0
DA:24,0
DA:28,0
DA:40,0
LF:5
LH:0
BRF:0
BRH:0
end_of_record
TN:
SF:src\features\profile-metrics\components\PersonalMetrics.tsx
FN:13,PersonalMetrics
FN:23,(anonymous_1)
FN:32,(anonymous_2)
FN:35,(anonymous_3)
FN:45,(anonymous_4)
FN:56,(anonymous_5)
FNF:6
FNH:0
FNDA:0,PersonalMetrics
FNDA:0,(anonymous_1)
FNDA:0,(anonymous_2)
FNDA:0,(anonymous_3)
FNDA:0,(anonymous_4)
FNDA:0,(anonymous_5)
DA:11,0
DA:14,0
DA:23,0
DA:32,0
DA:36,0
DA:45,0
DA:56,0
LF:7
LH:0
BRF:0
BRH:0
end_of_record
TN:
SF:src\features\profile-metrics\pages\ProfileMetricsPage.tsx
FN:12,ProfileMetricsPage
FN:19,(anonymous_1)
FN:21,load
FN:33,(anonymous_3)
FN:36,updateField
FN:41,handleSave
FN:76,(anonymous_6)
FN:99,(anonymous_7)
FN:103,(anonymous_8)
FN:108,(anonymous_9)
FNF:10
FNH:0
FNDA:0,ProfileMetricsPage
FNDA:0,(anonymous_1)
FNDA:0,load
FNDA:0,(anonymous_3)
FNDA:0,updateField
FNDA:0,handleSave
FNDA:0,(anonymous_6)
FNDA:0,(anonymous_7)
FNDA:0,(anonymous_8)
FNDA:0,(anonymous_9)
DA:13,0
DA:14,0
DA:15,0
DA:16,0
DA:17,0
DA:19,0
DA:20,0
DA:22,0
DA:23,0
DA:24,0
DA:25,0
DA:29,0
DA:32,0
DA:33,0
DA:37,0
DA:38,0
DA:42,0
DA:43,0
DA:44,0
DA:45,0
DA:46,0
DA:47,0
DA:49,0
DA:51,0
DA:55,0
DA:56,0
DA:63,0
DA:64,0
DA:71,0
DA:76,0
DA:99,0
DA:103,0
DA:108,0
LF:33
LH:0
BRDA:25,0,0,0
BRDA:25,0,1,0
BRDA:29,1,0,0
BRDA:29,1,1,0
BRDA:37,2,0,0
BRDA:37,2,1,0
BRDA:42,3,0,0
BRDA:42,3,1,0
BRDA:55,4,0,0
BRDA:55,4,1,0
BRDA:63,5,0,0
BRDA:63,5,1,0
BRDA:82,6,0,0
BRDA:82,6,1,0
BRDA:88,7,0,0
BRDA:88,7,1,0
BRF:16
BRH:0
end_of_record
TN:
SF:src\features\recipes\components\AddRecipeModal.tsx
FN:26,getDayName
FN:30,withUpdatedTotals
FN:33,(anonymous_2)
FN:34,(anonymous_3)
FN:39,getWeekDays
FN:60,getWeekStart
FN:68,AddRecipeModal
FN:77,(anonymous_7)
FN:98,(anonymous_8)
FN:148,(anonymous_9)
FN:170,(anonymous_10)
FN:173,(anonymous_11)
FN:190,(anonymous_12)
FN:193,(anonymous_13)
FNF:14
FNH:0
FNDA:0,getDayName
FNDA:0,withUpdatedTotals
FNDA:0,(anonymous_2)
FNDA:0,(anonymous_3)
FNDA:0,getWeekDays
FNDA:0,getWeekStart
FNDA:0,AddRecipeModal
FNDA:0,(anonymous_7)
FNDA:0,(anonymous_8)
FNDA:0,(anonymous_9)
FNDA:0,(anonymous_10)
FNDA:0,(anonymous_11)
FNDA:0,(anonymous_12)
FNDA:0,(anonymous_13)
DA:19,2
DA:27,0
DA:31,0
DA:33,0
DA:34,0
DA:40,0
DA:41,0
DA:42,0
DA:43,0
DA:44,0
DA:46,0
DA:47,0
DA:48,0
DA:49,0
DA:50,0
DA:51,0
DA:57,0
DA:61,0
DA:62,0
DA:63,0
DA:64,0
DA:65,0
DA:69,0
DA:70,0
DA:71,0
DA:73,0
DA:74,0
DA:75,0
DA:77,0
DA:78,0
DA:79,0
DA:80,0
DA:81,0
DA:88,0
DA:89,0
DA:90,0
DA:93,0
DA:94,0
DA:95,0
DA:98,0
DA:99,0
DA:114,0
DA:115,0
DA:120,0
DA:131,0
DA:132,0
DA:133,0
DA:134,0
DA:137,0
DA:138,0
DA:140,0
DA:144,0
DA:148,0
DA:171,0
DA:173,0
DA:191,0
DA:193,0
LF:57
LH:1
BRDA:35,0,0,0
BRDA:35,0,1,0
BRDA:36,1,0,0
BRDA:36,1,1,0
BRDA:44,2,0,0
BRDA:44,2,1,0
BRDA:63,3,0,0
BRDA:63,3,1,0
BRDA:80,4,0,0
BRDA:80,4,1,0
BRDA:90,5,0,0
BRDA:90,5,1,0
BRDA:95,6,0,0
BRDA:95,6,1,0
BRDA:114,7,0,0
BRDA:114,7,1,0
BRDA:117,8,0,0
BRDA:117,8,1,0
BRDA:154,9,0,0
BRDA:154,9,1,0
BRDA:167,10,0,0
BRDA:167,10,1,0
BRDA:175,11,0,0
BRDA:175,11,1,0
BRDA:180,12,0,0
BRDA:180,12,1,0
BRDA:195,13,0,0
BRDA:195,13,1,0
BRDA:210,14,0,0
BRDA:210,14,1,0
BRDA:229,15,0,0
BRDA:229,15,1,0
BRDA:235,16,0,0
BRDA:235,16,1,0
BRF:34
BRH:0
end_of_record
TN:
SF:src\features\recipes\components\FavoriteButton.tsx
FN:13,FavoriteButton
FN:19,(anonymous_1)
FNF:2
FNH:2
FNDA:24,FavoriteButton
FNDA:1,(anonymous_1)
DA:14,24
DA:15,24
DA:17,24
DA:19,24
DA:20,1
DA:21,1
DA:22,1
DA:24,1
DA:25,1
DA:26,1
DA:28,1
DA:29,1
DA:30,1
DA:32,0
DA:34,1
DA:35,1
DA:36,1
DA:38,0
DA:39,0
DA:43,24
LF:20
LH:17
BRDA:17,0,0,1
BRDA:17,0,1,23
BRDA:22,1,0,0
BRDA:22,1,1,1
BRDA:22,2,0,1
BRDA:22,2,1,1
BRDA:29,3,0,1
BRDA:29,3,1,0
BRDA:47,4,0,24
BRDA:47,4,1,24
BRDA:48,5,0,15
BRDA:48,5,1,9
BRDA:51,6,0,15
BRDA:51,6,1,9
BRDA:54,7,0,24
BRDA:54,7,1,0
BRDA:58,8,0,1
BRDA:58,8,1,23
BRDA:66,9,0,14
BRDA:66,9,1,9
BRF:20
BRH:17
end_of_record
TN:
SF:src\features\recipes\components\IngredientsList.tsx
FN:9,IngredientsList
FN:10,(anonymous_1)
FN:11,(anonymous_2)
FN:15,(anonymous_3)
FN:16,(anonymous_4)
FN:18,(anonymous_5)
FN:20,(anonymous_6)
FN:25,(anonymous_7)
FN:47,(anonymous_8)
FN:50,(anonymous_9)
FNF:10
FNH:4
FNDA:1,IngredientsList
FNDA:1,(anonymous_1)
FNDA:2,(anonymous_2)
FNDA:0,(anonymous_3)
FNDA:0,(anonymous_4)
FNDA:0,(anonymous_5)
FNDA:0,(anonymous_6)
FNDA:0,(anonymous_7)
FNDA:2,(anonymous_8)
FNDA:0,(anonymous_9)
DA:10,1
DA:11,2
DA:13,1
DA:15,1
DA:16,0
DA:18,1
DA:19,0
DA:20,0
DA:22,0
DA:23,0
DA:24,0
DA:25,0
DA:28,0
DA:29,0
DA:30,0
DA:31,0
DA:36,1
DA:38,1
DA:48,2
DA:50,0
LF:20
LH:8
BRDA:20,0,0,0
BRDA:20,0,1,0
BRDA:20,1,0,0
BRDA:20,1,1,0
BRDA:29,2,0,0
BRDA:29,2,1,0
BRDA:52,3,0,2
BRDA:52,3,1,0
BRDA:57,4,0,2
BRDA:57,4,1,2
BRDA:61,5,0,2
BRDA:61,5,1,0
BRDA:63,6,0,2
BRDA:63,6,1,2
BRDA:75,7,0,0
BRDA:75,7,1,1
BRDA:77,8,0,0
BRDA:77,8,1,1
BRF:18
BRH:8
end_of_record
TN:
SF:src\features\recipes\components\NutritionCard.tsx
FN:14,NutritionCard
FN:30,(anonymous_1)
FNF:2
FNH:2
FNDA:1,NutritionCard
FNDA:3,(anonymous_1)
DA:15,1
DA:21,1
DA:31,3
LF:3
LH:3
BRF:0
BRH:0
end_of_record
TN:
SF:src\features\recipes\components\Pagination.tsx
FN:9,Pagination
FN:15,(anonymous_1)
FN:30,(anonymous_2)
FNF:3
FNH:3
FNDA:9,Pagination
FNDA:1,(anonymous_1)
FNDA:1,(anonymous_2)
DA:10,9
DA:12,5
DA:15,1
DA:30,1
LF:4
LH:4
BRDA:10,0,0,4
BRDA:10,0,1,5
BRDA:19,1,0,3
BRDA:19,1,1,2
BRDA:34,2,0,1
BRDA:34,2,1,4
BRF:6
BRH:6
end_of_record
TN:
SF:src\features\recipes\components\PreparationSteps.tsx
FN:8,PreparationSteps
FN:13,(anonymous_1)
FNF:2
FNH:2
FNDA:1,PreparationSteps
FNDA:2,(anonymous_1)
DA:9,1
DA:14,2
LF:2
LH:2
BRDA:17,0,0,1
BRDA:17,0,1,1
BRF:2
BRH:2
end_of_record
TN:
SF:src\features\recipes\components\QuickActions.tsx
FN:11,QuickActions
FN:16,(anonymous_1)
FN:18,(anonymous_2)
FN:21,(anonymous_3)
FN:21,(anonymous_4)
FN:22,(anonymous_5)
FN:22,(anonymous_6)
FN:34,(anonymous_7)
FN:34,(anonymous_8)
FN:41,(anonymous_9)
FN:41,(anonymous_10)
FN:50,(anonymous_11)
FN:53,(anonymous_12)
FN:101,(anonymous_13)
FN:102,(anonymous_14)
FN:103,(anonymous_15)
FNF:16
FNH:4
FNDA:1,QuickActions
FNDA:0,(anonymous_1)
FNDA:0,(anonymous_2)
FNDA:2,(anonymous_3)
FNDA:2,(anonymous_4)
FNDA:2,(anonymous_5)
FNDA:0,(anonymous_6)
FNDA:0,(anonymous_7)
FNDA:0,(anonymous_8)
FNDA:0,(anonymous_9)
FNDA:0,(anonymous_10)
FNDA:0,(anonymous_11)
FNDA:0,(anonymous_12)
FNDA:0,(anonymous_13)
FNDA:0,(anonymous_14)
FNDA:0,(anonymous_15)
DA:12,1
DA:13,1
DA:14,1
DA:16,1
DA:17,0
DA:18,0
DA:21,2
DA:22,2
DA:24,1
DA:34,0
DA:41,0
DA:50,0
DA:53,0
DA:101,0
DA:102,0
DA:103,0
LF:16
LH:7
BRDA:59,0,0,1
BRDA:59,0,1,0
BRDA:61,1,0,0
BRDA:61,1,1,0
BRDA:66,2,0,0
BRDA:66,2,1,0
BRDA:72,3,0,1
BRDA:72,3,1,1
BRDA:76,4,0,1
BRDA:76,4,1,1
BRDA:83,5,0,1
BRDA:83,5,1,0
BRDA:96,6,0,1
BRDA:96,6,1,0
BRF:14
BRH:7
end_of_record
TN:
SF:src\features\recipes\components\RecipeCard.tsx
FN:14,RecipeCard
FNF:1
FNH:1
FNDA:18,RecipeCard
DA:15,18
LF:1
LH:1
BRDA:14,0,0,18
BRDA:24,1,0,0
BRDA:24,1,1,18
BRDA:34,2,0,18
BRDA:34,2,1,18
BRDA:46,3,0,18
BRDA:46,3,1,18
BRF:7
BRH:6
end_of_record
TN:
SF:src\features\recipes\components\SearchBar.tsx
FN:8,SearchBar
FN:10,(anonymous_1)
FN:13,(anonymous_2)
FN:14,(anonymous_3)
FN:21,(anonymous_4)
FN:24,(anonymous_5)
FN:40,(anonymous_6)
FN:46,(anonymous_7)
FNF:8
FNH:6
FNDA:8,SearchBar
FNDA:4,(anonymous_1)
FNDA:4,(anonymous_2)
FNDA:2,(anonymous_3)
FNDA:4,(anonymous_4)
FNDA:4,(anonymous_5)
FNDA:0,(anonymous_6)
FNDA:0,(anonymous_7)
DA:9,8
DA:10,8
DA:11,8
DA:13,8
DA:14,4
DA:15,2
DA:16,2
DA:21,4
DA:24,8
DA:25,4
DA:26,0
DA:27,0
DA:29,4
DA:32,8
DA:40,0
DA:46,0
LF:16
LH:12
BRDA:8,0,0,8
BRDA:10,1,0,4
BRDA:10,1,1,4
BRDA:17,2,0,0
BRDA:17,2,1,2
BRDA:25,3,0,0
BRDA:25,3,1,4
BRDA:29,4,0,4
BRDA:29,4,1,4
BRDA:44,5,0,8
BRDA:44,5,1,0
BRF:11
BRH:8
end_of_record
TN:
SF:src\features\recipes\hooks\useFavoriteRecipes.ts
FN:5,useFavoriteRecipes
FN:11,(anonymous_1)
FN:13,fetchFavorites
FN:28,(anonymous_3)
FN:31,(anonymous_4)
FN:34,(anonymous_5)
FNF:6
FNH:6
FNDA:11,useFavoriteRecipes
FNDA:5,(anonymous_1)
FNDA:5,fetchFavorites
FNDA:5,(anonymous_3)
FNDA:1,(anonymous_4)
FNDA:1,(anonymous_5)
DA:6,11
DA:7,11
DA:8,11
DA:9,11
DA:11,11
DA:12,5
DA:14,5
DA:15,5
DA:16,5
DA:17,5
DA:18,5
DA:19,5
DA:22,0
DA:24,5
DA:27,5
DA:28,5
DA:31,11
DA:32,1
DA:33,1
DA:34,1
DA:37,11
LF:21
LH:20
BRDA:15,0,0,5
BRDA:15,0,1,0
BRDA:17,1,0,5
BRDA:17,1,1,0
BRDA:22,2,0,0
BRDA:22,2,1,0
BRDA:24,3,0,5
BRDA:24,3,1,0
BRF:8
BRH:3
end_of_record
TN:
SF:src\features\recipes\hooks\useRecipes.ts
FN:12,useRecipes
FN:19,(anonymous_1)
FN:21,fetchRecipes
FN:40,(anonymous_3)
FN:43,(anonymous_4)
FN:46,(anonymous_5)
FNF:6
FNH:6
FNDA:46,useRecipes
FNDA:23,(anonymous_1)
FNDA:23,fetchRecipes
FNDA:23,(anonymous_3)
FNDA:4,(anonymous_4)
FNDA:4,(anonymous_5)
DA:13,46
DA:14,46
DA:15,46
DA:16,46
DA:17,46
DA:19,46
DA:20,23
DA:22,23
DA:23,23
DA:24,23
DA:25,23
DA:26,23
DA:27,23
DA:28,19
DA:29,16
DA:30,16
DA:31,16
DA:34,4
DA:36,23
DA:39,23
DA:40,23
DA:43,46
DA:44,4
DA:45,4
DA:46,4
DA:49,46
LF:26
LH:26
BRDA:12,0,0,46
BRDA:12,1,0,46
BRDA:23,2,0,23
BRDA:23,2,1,0
BRDA:25,3,0,1
BRDA:25,3,1,22
BRDA:26,4,0,2
BRDA:26,4,1,21
BRDA:28,5,0,16
BRDA:28,5,1,3
BRDA:34,6,0,3
BRDA:34,6,1,1
BRDA:36,7,0,19
BRDA:36,7,1,4
BRF:14
BRH:13
end_of_record
TN:
SF:src\features\recipes\pages\FavoritesPage.tsx
FN:9,FavoritesPage
FN:12,(anonymous_1)
FN:14,(anonymous_2)
FN:15,(anonymous_3)
FN:56,(anonymous_4)
FN:61,(anonymous_5)
FNF:6
FNH:3
FNDA:4,FavoritesPage
FNDA:4,(anonymous_1)
FNDA:0,(anonymous_2)
FNDA:0,(anonymous_3)
FNDA:4,(anonymous_4)
FNDA:0,(anonymous_5)
DA:10,4
DA:11,4
DA:12,4
DA:14,4
DA:15,0
DA:18,4
DA:19,2
DA:26,2
DA:27,0
DA:34,2
DA:35,0
DA:47,2
DA:57,4
DA:62,0
LF:14
LH:10
BRDA:18,0,0,2
BRDA:18,0,1,2
BRDA:26,1,0,0
BRDA:26,1,1,2
BRDA:34,2,0,0
BRDA:34,2,1,2
BRDA:62,3,0,0
BRDA:62,3,1,0
BRF:8
BRH:4
end_of_record
TN:
SF:src\features\recipes\pages\RecipeDetailPage.tsx
FN:17,RecipeDetailPage
FN:25,(anonymous_1)
FN:27,(anonymous_2)
FN:28,(anonymous_3)
FN:29,(anonymous_4)
FN:32,(anonymous_5)
FN:34,fetchRecipe
FN:50,(anonymous_7)
FN:53,(anonymous_8)
FN:56,(anonymous_9)
FN:93,(anonymous_10)
FNF:11
FNH:8
FNDA:4,RecipeDetailPage
FNDA:2,(anonymous_1)
FNDA:2,(anonymous_2)
FNDA:3,(anonymous_3)
FNDA:0,(anonymous_4)
FNDA:2,(anonymous_5)
FNDA:2,fetchRecipe
FNDA:2,(anonymous_7)
FNDA:0,(anonymous_8)
FNDA:0,(anonymous_9)
FNDA:2,(anonymous_10)
DA:18,4
DA:19,4
DA:20,4
DA:21,4
DA:22,4
DA:23,4
DA:25,4
DA:26,2
DA:27,2
DA:28,3
DA:32,4
DA:33,2
DA:35,2
DA:36,2
DA:37,2
DA:38,2
DA:39,1
DA:40,1
DA:41,1
DA:44,1
DA:46,2
DA:49,2
DA:50,2
DA:53,4
DA:54,0
DA:55,0
DA:56,0
DA:59,4
DA:60,2
DA:67,2
DA:68,1
DA:75,1
DA:94,2
LF:33
LH:30
BRDA:26,0,0,0
BRDA:26,0,1,2
BRDA:35,1,0,0
BRDA:35,1,1,2
BRDA:35,2,0,0
BRDA:35,2,1,0
BRDA:37,3,0,2
BRDA:37,3,1,0
BRDA:39,4,0,1
BRDA:39,4,1,0
BRDA:44,5,0,1
BRDA:44,5,1,0
BRDA:46,6,0,2
BRDA:46,6,1,0
BRDA:59,7,0,2
BRDA:59,7,1,2
BRDA:67,8,0,1
BRDA:67,8,1,1
BRDA:67,9,0,2
BRDA:67,9,1,1
BRDA:78,10,0,0
BRDA:78,10,1,1
BRDA:94,11,0,0
BRDA:94,11,1,2
BRDA:120,12,0,4
BRDA:120,12,1,0
BRF:26
BRH:15
end_of_record
TN:
SF:src\features\recipes\pages\RecipesListPage.tsx
FN:12,RecipesListPage
FN:29,(anonymous_1)
FN:30,(anonymous_2)
FN:31,(anonymous_3)
FN:32,(anonymous_4)
FN:33,(anonymous_5)
FN:36,(anonymous_6)
FN:44,(anonymous_7)
FN:65,(anonymous_8)
FN:75,(anonymous_9)
FN:78,(anonymous_10)
FN:108,(anonymous_11)
FN:113,(anonymous_12)
FN:114,(anonymous_13)
FNF:14
FNH:6
FNDA:8,RecipesListPage
FNDA:4,(anonymous_1)
FNDA:0,(anonymous_2)
FNDA:4,(anonymous_3)
FNDA:8,(anonymous_4)
FNDA:0,(anonymous_5)
FNDA:0,(anonymous_6)
FNDA:0,(anonymous_7)
FNDA:0,(anonymous_8)
FNDA:12,(anonymous_9)
FNDA:0,(anonymous_10)
FNDA:12,(anonymous_11)
FNDA:0,(anonymous_12)
FNDA:0,(anonymous_13)
DA:13,8
DA:14,8
DA:15,8
DA:16,8
DA:17,8
DA:18,8
DA:20,8
DA:27,8
DA:29,8
DA:30,4
DA:31,4
DA:32,8
DA:36,8
DA:37,0
DA:38,0
DA:39,0
DA:40,0
DA:41,0
DA:44,8
DA:45,0
DA:46,0
DA:47,0
DA:48,0
DA:51,8
DA:53,8
DA:65,0
DA:76,12
DA:78,0
DA:109,12
DA:114,0
DA:115,0
DA:116,0
DA:117,0
DA:118,0
LF:34
LH:18
BRDA:14,0,0,8
BRDA:14,0,1,8
BRDA:15,1,0,8
BRDA:15,1,1,0
BRDA:15,2,0,8
BRDA:15,2,1,8
BRDA:39,3,0,0
BRDA:39,3,1,0
BRDA:46,4,0,0
BRDA:46,4,1,0
BRDA:68,5,0,8
BRDA:68,5,1,0
BRDA:81,6,0,0
BRDA:81,6,1,12
BRDA:91,7,0,0
BRDA:91,7,1,8
BRDA:93,8,0,4
BRDA:93,8,1,4
BRDA:97,9,0,0
BRDA:97,9,1,4
BRDA:98,10,0,0
BRDA:98,10,1,0
BRDA:100,11,0,0
BRDA:100,11,1,0
BRDA:116,12,0,0
BRDA:116,12,1,0
BRF:26
BRH:11
end_of_record
TN:
SF:src\features\settings\pages\SettingsPage.tsx
FN:15,ToggleSwitch
FN:31,SettingsRow
FN:60,SectionCard
FN:74,Modal
FN:97,SettingsPage
FN:115,(anonymous_5)
FN:117,load
FN:136,(anonymous_7)
FN:139,handleSaveSettings
FN:152,toggleNotifications
FN:157,handleLogout
FN:161,handleSavePersonalInfo
FN:177,handleChangePassword
FN:201,handleAvatarUpload
FN:222,(anonymous_14)
FN:275,(anonymous_15)
FN:306,(anonymous_16)
FN:308,(anonymous_17)
FN:317,(anonymous_18)
FN:326,(anonymous_19)
FN:347,(anonymous_20)
FN:351,(anonymous_21)
FN:363,(anonymous_22)
FN:390,(anonymous_23)
FN:392,(anonymous_24)
FN:394,(anonymous_25)
FN:411,(anonymous_26)
FN:413,(anonymous_27)
FN:414,(anonymous_28)
FN:420,(anonymous_29)
FN:422,(anonymous_30)
FN:423,(anonymous_31)
FN:429,(anonymous_32)
FN:439,(anonymous_33)
FN:466,(anonymous_34)
FN:475,(anonymous_35)
FN:485,(anonymous_36)
FN:490,(anonymous_37)
FN:496,(anonymous_38)
FN:512,(anonymous_39)
FN:528,(anonymous_40)
FN:543,(anonymous_41)
FNF:42
FNH:22
FNDA:53,ToggleSwitch
FNDA:583,SettingsRow
FNDA:212,SectionCard
FNDA:532,Modal
FNDA:76,SettingsPage
FNDA:23,(anonymous_5)
FNDA:23,load
FNDA:23,(anonymous_7)
FNDA:4,handleSaveSettings
FNDA:3,toggleNotifications
FNDA:0,handleLogout
FNDA:1,handleSavePersonalInfo
FNDA:1,handleChangePassword
FNDA:0,handleAvatarUpload
FNDA:106,(anonymous_14)
FNDA:0,(anonymous_15)
FNDA:2,(anonymous_16)
FNDA:2,(anonymous_17)
FNDA:1,(anonymous_18)
FNDA:0,(anonymous_19)
FNDA:1,(anonymous_20)
FNDA:0,(anonymous_21)
FNDA:0,(anonymous_22)
FNDA:0,(anonymous_23)
FNDA:0,(anonymous_24)
FNDA:0,(anonymous_25)
FNDA:0,(anonymous_26)
FNDA:0,(anonymous_27)
FNDA:0,(anonymous_28)
FNDA:0,(anonymous_29)
FNDA:6,(anonymous_30)
FNDA:9,(anonymous_31)
FNDA:0,(anonymous_32)
FNDA:212,(anonymous_33)
FNDA:0,(anonymous_34)
FNDA:0,(anonymous_35)
FNDA:0,(anonymous_36)
FNDA:0,(anonymous_37)
FNDA:228,(anonymous_38)
FNDA:0,(anonymous_39)
FNDA:0,(anonymous_40)
FNDA:456,(anonymous_41)
DA:16,53
DA:34,583
DA:61,212
DA:75,532
DA:76,22
DA:98,76
DA:99,76
DA:100,76
DA:101,76
DA:102,76
DA:103,76
DA:104,76
DA:105,76
DA:106,76
DA:107,76
DA:109,76
DA:110,76
DA:111,76
DA:112,76
DA:113,76
DA:115,76
DA:116,23
DA:118,23
DA:119,23
DA:120,23
DA:124,22
DA:125,22
DA:126,22
DA:127,22
DA:130,0
DA:132,22
DA:135,23
DA:136,23
DA:140,4
DA:141,4
DA:142,4
DA:143,4
DA:144,4
DA:145,4
DA:146,3
DA:148,1
DA:153,3
DA:154,3
DA:158,0
DA:162,1
DA:163,1
DA:164,1
DA:165,1
DA:166,1
DA:167,1
DA:168,1
DA:169,1
DA:171,0
DA:173,1
DA:178,1
DA:179,1
DA:180,1
DA:182,0
DA:183,0
DA:184,0
DA:186,0
DA:187,0
DA:188,0
DA:189,0
DA:190,0
DA:191,0
DA:192,0
DA:193,0
DA:195,0
DA:197,0
DA:202,0
DA:203,0
DA:204,0
DA:205,0
DA:206,0
DA:207,0
DA:208,0
DA:209,0
DA:210,0
DA:211,0
DA:214,0
DA:216,0
DA:217,0
DA:221,76
DA:222,106
DA:225,76
DA:227,76
DA:275,0
DA:306,2
DA:308,2
DA:317,1
DA:327,0
DA:328,0
DA:329,0
DA:330,0
DA:332,0
DA:347,1
DA:351,0
DA:363,0
DA:390,0
DA:392,0
DA:394,0
DA:411,0
DA:413,0
DA:414,0
DA:420,0
DA:422,6
DA:423,9
DA:429,0
DA:440,212
DA:466,0
DA:475,0
DA:485,0
DA:490,0
DA:497,228
DA:512,0
DA:528,0
DA:544,456
LF:118
LH:67
BRDA:20,0,0,47
BRDA:20,0,1,6
BRDA:25,1,0,47
BRDA:25,1,1,6
BRDA:37,2,0,371
BRDA:37,2,1,212
BRDA:41,3,0,583
BRDA:41,3,1,371
BRDA:49,4,0,583
BRDA:49,4,1,530
BRDA:51,5,0,583
BRDA:51,5,1,424
BRDA:52,6,0,371
BRDA:52,6,1,53
BRDA:75,7,0,510
BRDA:75,7,1,22
BRDA:110,8,0,76
BRDA:110,8,1,2
BRDA:119,9,0,23
BRDA:119,9,1,0
BRDA:124,10,0,22
BRDA:124,10,1,0
BRDA:127,11,0,22
BRDA:127,11,1,0
BRDA:130,12,0,0
BRDA:130,12,1,0
BRDA:132,13,0,22
BRDA:132,13,1,0
BRDA:140,14,0,0
BRDA:140,14,1,4
BRDA:153,15,0,0
BRDA:153,15,1,3
BRDA:162,16,0,0
BRDA:162,16,1,1
BRDA:178,17,0,1
BRDA:178,17,1,0
BRDA:182,18,0,0
BRDA:182,18,1,0
BRDA:203,19,0,0
BRDA:203,19,1,0
BRDA:208,20,0,0
BRDA:208,20,1,0
BRDA:210,21,0,0
BRDA:210,21,1,0
BRDA:217,22,0,0
BRDA:217,22,1,0
BRDA:221,23,0,53
BRDA:221,23,1,23
BRDA:225,24,0,2
BRDA:225,24,1,74
BRDA:225,25,0,0
BRDA:225,25,1,74
BRDA:230,26,0,76
BRDA:230,26,1,23
BRDA:236,27,0,76
BRDA:236,27,1,53
BRDA:239,28,0,53
BRDA:239,28,1,6
BRDA:242,29,0,4
BRDA:242,29,1,2
BRDA:248,30,0,4
BRDA:248,30,1,2
BRDA:249,31,0,4
BRDA:249,31,1,2
BRDA:267,32,0,0
BRDA:267,32,1,53
BRDA:284,33,0,53
BRDA:284,33,1,0
BRDA:287,34,0,1
BRDA:287,34,1,52
BRDA:292,35,0,53
BRDA:292,35,1,1
BRDA:297,36,0,53
BRDA:297,36,1,1
BRDA:306,37,0,2
BRDA:306,37,1,0
BRDA:314,38,0,53
BRDA:314,38,1,0
BRDA:315,39,0,2
BRDA:315,39,1,51
BRDA:317,40,0,53
BRDA:317,40,1,0
BRDA:324,41,0,0
BRDA:324,41,1,53
BRDA:324,42,0,0
BRDA:324,42,1,53
BRDA:326,43,0,53
BRDA:326,43,1,0
BRDA:329,44,0,0
BRDA:329,44,1,0
BRDA:330,45,0,0
BRDA:330,45,1,0
BRDA:349,46,0,0
BRDA:349,46,1,53
BRDA:349,47,0,0
BRDA:349,47,1,53
BRDA:371,48,0,1
BRDA:371,48,1,52
BRDA:376,49,0,1
BRDA:376,49,1,52
BRDA:380,50,0,1
BRDA:380,50,1,52
BRDA:431,51,0,53
BRDA:431,51,1,23
BRDA:435,52,0,53
BRDA:435,52,1,0
BRDA:436,53,0,53
BRDA:436,53,1,0
BRDA:437,54,0,53
BRDA:437,54,1,0
BRDA:438,55,0,53
BRDA:438,55,1,0
BRDA:453,56,0,53
BRDA:453,56,1,0
BRDA:458,57,0,53
BRDA:458,57,1,0
BRDA:478,58,0,76
BRDA:478,58,1,53
BRF:118
BRH:77
end_of_record
TN:
SF:src\hooks\useAuth.ts
FN:4,useAuth
FNF:1
FNH:1
FNDA:57,useAuth
DA:5,57
DA:6,57
DA:7,2
DA:9,55
LF:4
LH:4
BRDA:6,0,0,2
BRDA:6,0,1,55
BRF:2
BRH:2
end_of_record
TN:
SF:src\hooks\useMediaQuery.ts
FN:3,useMediaQuery
FN:4,(anonymous_1)
FN:6,(anonymous_2)
FN:8,(anonymous_3)
FN:10,(anonymous_4)
FN:16,useIsMobile
FN:20,useIsDesktop
FNF:7
FNH:0
FNDA:0,useMediaQuery
FNDA:0,(anonymous_1)
FNDA:0,(anonymous_2)
FNDA:0,(anonymous_3)
FNDA:0,(anonymous_4)
FNDA:0,useIsMobile
FNDA:0,useIsDesktop
DA:4,0
DA:6,0
DA:7,0
DA:8,0
DA:9,0
DA:10,0
DA:13,0
DA:17,0
DA:21,0
LF:9
LH:0
BRF:0
BRH:0
end_of_record
TN:
SF:src\hooks\useOnboarding.ts
FN:4,useOnboarding
FNF:1
FNH:1
FNDA:3,useOnboarding
DA:5,3
DA:6,3
DA:7,0
DA:9,3
LF:4
LH:3
BRDA:6,0,0,0
BRDA:6,0,1,3
BRF:2
BRH:1
end_of_record
TN:
SF:src\layouts\AuthShell.tsx
FN:3,AuthShell
FNF:1
FNH:0
FNDA:0,AuthShell
DA:4,0
DA:5,0
DA:7,0
LF:3
LH:0
BRDA:53,0,0,0
BRDA:53,0,1,0
BRF:2
BRH:0
end_of_record
TN:
SF:src\services\auth.service.ts
FN:6,login
FN:44,register
FN:57,validateToken
FN:66,getProfile
FN:71,logout
FN:77,getStoredAuth
FNF:6
FNH:4
FNDA:10,login
FNDA:4,register
FNDA:0,validateToken
FNDA:0,getProfile
FNDA:2,logout
FNDA:271,getStoredAuth
DA:7,10
DA:8,10
DA:9,10
DA:11,10
DA:15,9
DA:16,9
DA:22,10
DA:23,10
DA:26,10
DA:27,10
DA:28,9
DA:29,10
DA:30,10
DA:31,10
DA:32,10
DA:33,1
DA:35,8
DA:41,9
DA:45,4
DA:52,3
DA:54,3
DA:58,0
DA:59,0
DA:60,0
DA:62,0
DA:67,0
DA:68,0
DA:72,2
DA:73,2
DA:74,2
DA:78,271
DA:79,271
DA:80,271
DA:81,9
DA:82,9
DA:83,9
DA:85,1
DA:88,262
DA:92,9
LF:39
LH:33
BRDA:17,0,0,9
BRDA:17,0,1,0
BRDA:18,1,0,10
BRDA:18,1,1,0
BRDA:19,2,0,10
BRDA:19,2,1,0
BRDA:28,3,0,9
BRDA:28,3,1,0
BRDA:29,4,0,0
BRDA:29,4,1,9
BRDA:32,5,0,1
BRDA:32,5,1,8
BRDA:80,6,0,9
BRDA:80,6,1,262
BRDA:80,7,0,271
BRDA:80,7,1,9
BRF:16
BRH:11
end_of_record
TN:
SF:src\services\food.service.ts
FN:6,getFoods
FN:11,getFoodDetail
FNF:2
FNH:0
FNDA:0,getFoods
FNDA:0,getFoodDetail
DA:7,0
DA:8,0
DA:12,0
DA:13,0
DA:17,0
LF:5
LH:0
BRDA:8,0,0,0
BRDA:8,0,1,0
BRDA:13,1,0,0
BRDA:13,1,1,0
BRF:4
BRH:0
end_of_record
TN:
SF:src\services\insights.service.ts
FN:6,getWeightAnalytics
FN:11,addWeightEntry
FN:16,getMacroConsistency
FN:21,getMilestones
FN:26,getSmartInsights
FNF:5
FNH:2
FNDA:1,getWeightAnalytics
FNDA:0,addWeightEntry
FNDA:0,getMacroConsistency
FNDA:0,getMilestones
FNDA:1,getSmartInsights
DA:7,1
DA:8,1
DA:12,0
DA:13,0
DA:17,0
DA:18,0
DA:22,0
DA:23,0
DA:27,1
DA:28,1
DA:32,1
LF:11
LH:5
BRDA:8,0,0,1
BRDA:8,0,1,0
BRDA:13,1,0,0
BRDA:13,1,1,0
BRDA:18,2,0,0
BRDA:18,2,1,0
BRDA:23,3,0,0
BRDA:23,3,1,0
BRDA:28,4,0,1
BRDA:28,4,1,0
BRF:10
BRH:2
end_of_record
TN:
SF:src\services\meal-plans.service.ts
FN:6,getMealPlan
FN:11,saveMealPlan
FN:16,getShoppingList
FNF:3
FNH:3
FNDA:16,getMealPlan
FNDA:2,saveMealPlan
FNDA:1,getShoppingList
DA:7,16
DA:8,16
DA:12,2
DA:13,2
DA:17,1
DA:18,1
DA:22,4
LF:7
LH:7
BRDA:8,0,0,16
BRDA:8,0,1,0
BRDA:13,1,0,2
BRDA:13,1,1,0
BRDA:18,2,0,1
BRDA:18,2,1,0
BRF:6
BRH:3
end_of_record
TN:
SF:src\services\notifications.service.ts
FN:20,getNotifications
FN:26,markAllRead
FNF:2
FNH:0
FNDA:0,getNotifications
FNDA:0,markAllRead
DA:21,0
DA:22,0
DA:23,0
DA:27,0
DA:31,0
LF:5
LH:0
BRDA:23,0,0,0
BRDA:23,0,1,0
BRDA:23,1,0,0
BRDA:23,1,1,0
BRF:4
BRH:0
end_of_record
TN:
SF:src\services\nutrition.service.ts
FN:6,getDailyLog
FN:11,addMeal
FN:22,deleteMealEntry
FN:26,searchFoods
FN:33,getRecentFoods
FN:38,updateWater
FNF:6
FNH:2
FNDA:2,getDailyLog
FNDA:0,addMeal
FNDA:0,deleteMealEntry
FNDA:0,searchFoods
FNDA:1,getRecentFoods
FNDA:0,updateWater
DA:7,2
DA:8,2
DA:12,0
DA:19,0
DA:23,0
DA:27,0
DA:30,0
DA:34,1
DA:35,1
DA:39,0
DA:46,3
LF:11
LH:5
BRDA:8,0,0,2
BRDA:8,0,1,0
BRDA:19,1,0,0
BRDA:19,1,1,0
BRDA:30,2,0,0
BRDA:30,2,1,0
BRDA:35,3,0,1
BRDA:35,3,1,0
BRF:8
BRH:2
end_of_record
TN:
SF:src\services\onboarding.service.ts
FN:6,saveMetrics
FN:11,calculateTDEE
FN:16,complete
FNF:3
FNH:0
FNDA:0,saveMetrics
FNDA:0,calculateTDEE
FNDA:0,complete
DA:7,0
DA:8,0
DA:12,0
DA:13,0
DA:17,0
DA:18,0
DA:22,10
LF:7
LH:1
BRF:0
BRH:0
end_of_record
TN:
SF:src\services\recent-recipes.service.ts
FN:11,getRecentRecipes
FN:20,addRecentRecipe
FN:21,(anonymous_2)
FNF:3
FNH:2
FNDA:2,getRecentRecipes
FNDA:1,addRecentRecipe
FNDA:0,(anonymous_2)
DA:1,1
DA:2,1
DA:12,2
DA:13,2
DA:14,2
DA:16,0
DA:21,1
DA:22,1
DA:23,1
LF:9
LH:8
BRDA:14,0,0,1
BRDA:14,0,1,1
BRF:2
BRH:2
end_of_record
TN:
SF:src\services\recipes.service.ts
FN:6,getRecipes
FN:14,getRecipeDetail
FN:19,getCategories
FN:24,favoriteRecipe
FN:29,unfavoriteRecipe
FN:34,getFavoriteRecipes
FNF:6
FNH:6
FNDA:21,getRecipes
FNDA:7,getRecipeDetail
FNDA:5,getCategories
FNDA:1,favoriteRecipe
FNDA:1,unfavoriteRecipe
FNDA:12,getFavoriteRecipes
DA:7,21
DA:8,21
DA:9,21
DA:10,21
DA:11,21
DA:15,7
DA:16,5
DA:20,5
DA:21,5
DA:25,1
DA:26,1
DA:30,1
DA:31,1
DA:35,12
DA:36,12
DA:40,4
LF:16
LH:16
BRDA:8,0,0,21
BRDA:8,0,1,0
BRDA:9,1,0,21
BRDA:9,1,1,0
BRDA:10,2,0,21
BRDA:10,2,1,21
BRDA:16,3,0,5
BRDA:16,3,1,0
BRDA:21,4,0,5
BRDA:21,4,1,0
BRDA:26,5,0,1
BRDA:26,5,1,0
BRDA:31,6,0,1
BRDA:31,6,1,0
BRDA:36,7,0,12
BRDA:36,7,1,0
BRF:16
BRH:9
end_of_record
TN:
SF:src\services\subscriptions.service.ts
FN:11,getPlans
FN:16,createCheckout
FN:21,manageSubscription
FNF:3
FNH:0
FNDA:0,getPlans
FNDA:0,createCheckout
FNDA:0,manageSubscription
DA:12,0
DA:13,0
DA:17,0
DA:18,0
DA:22,0
DA:23,0
DA:27,0
LF:7
LH:0
BRDA:13,0,0,0
BRDA:13,0,1,0
BRDA:18,1,0,0
BRDA:18,1,1,0
BRDA:23,2,0,0
BRDA:23,2,1,0
BRF:6
BRH:0
end_of_record
TN:
SF:src\services\user.service.ts
FN:7,getProfile
FN:12,updateProfile
FN:17,getSettings
FN:22,updateSettings
FN:27,getMe
FN:32,changePassword
FN:36,uploadAvatar
FNF:7
FNH:5
FNDA:7,getProfile
FNDA:1,updateProfile
FNDA:2,getSettings
FNDA:1,updateSettings
FNDA:0,getMe
FNDA:0,changePassword
FNDA:1,uploadAvatar
DA:8,7
DA:9,7
DA:13,1
DA:14,1
DA:18,2
DA:19,2
DA:23,1
DA:24,1
DA:28,0
DA:29,0
DA:33,0
DA:37,1
DA:38,1
DA:39,1
DA:40,1
DA:44,4
LF:16
LH:13
BRDA:9,0,0,7
BRDA:9,0,1,0
BRDA:14,1,0,1
BRDA:14,1,1,0
BRDA:19,2,0,2
BRDA:19,2,1,0
BRDA:24,3,0,1
BRDA:24,3,1,0
BRDA:40,4,0,1
BRDA:40,4,1,0
BRF:10
BRH:5
end_of_record
TN:
SF:src\types\ai-meal-plan.ts
FNF:0
FNH:0
LF:0
LH:0
BRF:0
BRH:0
end_of_record
TN:
SF:src\types\insights.ts
FNF:0
FNH:0
LF:0
LH:0
BRF:0
BRH:0
end_of_record
TN:
SF:src\types\meal-plan.ts
FNF:0
FNH:0
LF:0
LH:0
BRF:0
BRH:0
end_of_record
TN:
SF:src\types\nutrition.ts
FNF:0
FNH:0
LF:0
LH:0
BRF:0
BRH:0
end_of_record
TN:
SF:src\types\onboarding.ts
FNF:0
FNH:0
LF:0
LH:0
BRF:0
BRH:0
end_of_record
TN:
SF:src\types\pricing.ts
FNF:0
FNH:0
LF:0
LH:0
BRF:0
BRH:0
end_of_record
TN:
SF:src\types\recipe.ts
FNF:0
FNH:0
LF:0
LH:0
BRF:0
BRH:0
end_of_record
TN:
SF:src\types\settings.ts
FNF:0
FNH:0
LF:0
LH:0
BRF:0
BRH:0
end_of_record
TN:
SF:src\utils\cn.ts
FN:4,cn
FNF:1
FNH:1
FNDA:2766,cn
DA:5,2766
LF:1
LH:1
BRF:0
BRH:0
end_of_record
TN:
SF:src\utils\format.ts
FN:2,parseLocalDate
FN:7,toLocalDateString
FN:14,formatKcal
FN:18,formatDate
FN:28,formatTime
FNF:5
FNH:4
FNDA:142,parseLocalDate
FNDA:188,toLocalDateString
FNDA:2,formatKcal
FNDA:3,formatDate
FNDA:0,formatTime
DA:3,142
DA:4,142
DA:8,188
DA:9,188
DA:10,188
DA:11,188
DA:15,2
DA:19,3
DA:20,3
DA:29,0
DA:30,0
LF:11
LH:9
BRDA:19,0,0,2
BRDA:19,0,1,1
BRF:2
BRH:2
end_of_record
TN:
SF:src\utils\tdee.ts
FN:20,calculateBMR
FN:28,getNutritionTargets
FN:45,calculateTDEE
FNF:3
FNH:3
FNDA:27,calculateBMR
FNDA:18,getNutritionTargets
FNDA:25,calculateTDEE
DA:6,12
DA:14,12
DA:21,27
DA:22,27
DA:23,1
DA:25,26
DA:29,18
DA:35,18
DA:36,18
DA:51,25
DA:52,25
DA:53,25
DA:55,25
DA:56,25
DA:57,25
DA:60,25
DA:61,1
DA:62,1
DA:63,1
DA:64,1
DA:65,1
DA:68,25
LF:22
LH:22
BRDA:22,0,0,1
BRDA:22,0,1,26
BRDA:60,1,0,1
BRDA:60,1,1,24
BRDA:60,2,0,25
BRDA:60,2,1,2
BRDA:60,2,2,1
BRF:7
BRH:7
end_of_record
